18:38:45 INFO  - Start test - >loginTest
18:38:45 INFO  - Start search ->By.xpath: //div[6]
18:38:45 INFO  - By.xpath: //div[6]<- found
18:38:45 INFO  - Start search ->By.xpath: //*[@id='login']
18:38:45 INFO  - By.xpath: //*[@id='login']<- found
18:38:45 INFO  - Start search ->By.id: userName
18:38:45 INFO  - By.id: userName<- found
18:38:46 INFO  - Start search ->By.id: userName
18:38:46 INFO  - By.id: userName<- found
18:38:46 INFO  - Start search ->By.id: userName
18:38:46 INFO  - By.id: userName<- found
18:38:46 INFO  - Start search ->By.id: password
18:38:46 INFO  - By.id: password<- found
18:38:46 INFO  - Start search ->By.id: password
18:38:46 INFO  - By.id: password<- found
18:38:46 INFO  - Start search ->By.id: password
18:38:46 INFO  - By.id: password<- found
18:38:46 INFO  - Start search ->By.xpath: //*[@id='login']
18:38:46 INFO  - By.xpath: //*[@id='login']<- found
18:38:46 INFO  - Start search ->By.id: submit
18:38:46 INFO  - By.id: submit<- found
18:38:46 INFO  - End of test -> loginTest
************************************
18:38:50 INFO  - Start test - >testForDataProvider
18:38:50 INFO  - End of test -> testForDataProvider
************************************
18:38:50 INFO  - Start test - >testForDataProviderFromFile
18:38:50 INFO  - End of test -> testForDataProviderFromFile
************************************
18:38:50 INFO  - Start test - >testForLogger
18:38:50 INFO  - Hello DEMO QA 
18:38:50 INFO  - End of test -> testForLogger
************************************
18:38:50 INFO  - Start test - >testForScreenshots
18:38:51 INFO  - End of test -> testForScreenshots
************************************
18:38:55 INFO  - Start test - >jseTest
18:38:55 INFO  - Start search ->By.xpath: //h5[contains(.,'Elements')]
18:38:55 INFO  - By.xpath: //h5[contains(.,'Elements')]<- found
18:38:55 INFO  - Start search ->By.xpath: //span[.='Text Box']
18:38:55 INFO  - By.xpath: //span[.='Text Box']<- found
18:38:56 INFO  - End of test -> jseTest
************************************
18:39:01 INFO  - Start test - >testMultiSelect
18:39:01 INFO  - Start search ->By.xpath: //div//h5[text()='Widgets']
18:39:01 INFO  - By.xpath: //div//h5[text()='Widgets']<- found
18:39:01 INFO  - Start search ->By.xpath: //span[.='Select Menu']
18:39:01 INFO  - By.xpath: //span[.='Select Menu']<- found
18:39:01 INFO  - Start search ->By.id: cars
18:39:01 INFO  - By.id: cars<- found
18:39:01 INFO  - Start search ->By.tagName: option
18:39:01 INFO  - By.tagName: option<- found
18:39:01 INFO  - Start search ->By.tagName: option
18:39:01 INFO  - By.tagName: option<- found
18:39:01 INFO  - Start search ->By.tagName: option
18:39:01 INFO  - By.tagName: option<- found
18:39:01 INFO  - Start search ->By.id: selectOne
18:39:01 INFO  - By.id: selectOne<- found
18:39:01 INFO  - Start search ->By.xpath: //*[text()='Mr.']
18:39:02 INFO  - By.xpath: //*[text()='Mr.']<- found
18:39:02 INFO  - End of test -> testMultiSelect
************************************
18:39:02 INFO  - Start test - >testOldStyle
18:39:02 INFO  - Start search ->By.xpath: //div//h5[text()='Widgets']
18:39:12 ERROR - org.openqa.selenium.NoSuchElementException: no such element: Unable to locate element: {"method":"xpath","selector":"//div//h5[text()='Widgets']"}
  (Session info: chrome=88.0.4324.146)
For documentation on this error, please visit: https://www.seleniumhq.org/exceptions/no_such_element.html
Build info: version: '3.141.59', revision: 'e82be7d358', time: '2018-11-14T08:17:03'
System info: host: 'DESKTOP-I31H4EG', ip: '10.0.0.3', os.name: 'Windows 10', os.arch: 'amd64', os.version: '10.0', java.version: '11.0.9.1'
Driver info: org.openqa.selenium.chrome.ChromeDriver
Capabilities {acceptInsecureCerts: false, browserName: chrome, browserVersion: 88.0.4324.146, chrome: {chromedriverVersion: 88.0.4324.96 (68dba2d8a0b14..., userDataDir: C:\Users\GLEB\AppData\Local...}, goog:chromeOptions: {debuggerAddress: localhost:51138}, javascriptEnabled: true, networkConnectionEnabled: false, pageLoadStrategy: normal, platform: WINDOWS, platformName: WINDOWS, proxy: Proxy(), setWindowRect: true, strictFileInteractability: false, timeouts: {implicit: 0, pageLoad: 300000, script: 30000}, unhandledPromptBehavior: dismiss and notify, webauthn:extension:largeBlob: true, webauthn:virtualAuthenticators: true}
Session ID: 0b32e7c037b38f48fe004581a875327b
*** Element info: {Using=xpath, value=//div//h5[text()='Widgets']}
18:39:12 ERROR - src/test/screenshots/screen-1612802352096.png
18:39:12 INFO  - Start search ->By.xpath: //span[.='Select Menu']
18:39:12 INFO  - By.xpath: //span[.='Select Menu']<- found
18:39:12 INFO  - Start search ->By.id: oldSelectMenu
18:39:12 INFO  - By.id: oldSelectMenu<- found
18:39:12 INFO  - Start search ->By.xpath: //*[text()='Voilet']
18:39:12 INFO  - By.xpath: //*[text()='Voilet']<- found
18:39:12 INFO  - End of test -> testOldStyle
************************************
18:39:12 INFO  - Start test - >testSelectOne
18:39:12 INFO  - Start search ->By.xpath: //div//h5[text()='Widgets']
18:39:22 ERROR - org.openqa.selenium.NoSuchElementException: no such element: Unable to locate element: {"method":"xpath","selector":"//div//h5[text()='Widgets']"}
  (Session info: chrome=88.0.4324.146)
For documentation on this error, please visit: https://www.seleniumhq.org/exceptions/no_such_element.html
Build info: version: '3.141.59', revision: 'e82be7d358', time: '2018-11-14T08:17:03'
System info: host: 'DESKTOP-I31H4EG', ip: '10.0.0.3', os.name: 'Windows 10', os.arch: 'amd64', os.version: '10.0', java.version: '11.0.9.1'
Driver info: org.openqa.selenium.chrome.ChromeDriver
Capabilities {acceptInsecureCerts: false, browserName: chrome, browserVersion: 88.0.4324.146, chrome: {chromedriverVersion: 88.0.4324.96 (68dba2d8a0b14..., userDataDir: C:\Users\GLEB\AppData\Local...}, goog:chromeOptions: {debuggerAddress: localhost:51138}, javascriptEnabled: true, networkConnectionEnabled: false, pageLoadStrategy: normal, platform: WINDOWS, platformName: WINDOWS, proxy: Proxy(), setWindowRect: true, strictFileInteractability: false, timeouts: {implicit: 0, pageLoad: 300000, script: 30000}, unhandledPromptBehavior: dismiss and notify, webauthn:extension:largeBlob: true, webauthn:virtualAuthenticators: true}
Session ID: 0b32e7c037b38f48fe004581a875327b
*** Element info: {Using=xpath, value=//div//h5[text()='Widgets']}
18:39:23 ERROR - src/test/screenshots/screen-1612802362708.png
18:39:23 INFO  - Start search ->By.xpath: //span[.='Select Menu']
18:39:23 INFO  - By.xpath: //span[.='Select Menu']<- found
18:39:23 INFO  - Start search ->By.id: selectOne
18:39:23 INFO  - By.id: selectOne<- found
18:39:23 INFO  - Start search ->By.xpath: //*[text()='Mr.']
18:39:23 INFO  - By.xpath: //*[text()='Mr.']<- found
18:39:23 INFO  - End of test -> testSelectOne
************************************
18:39:23 INFO  - Start test - >testSelectValue
18:39:23 INFO  - Start search ->By.xpath: //div//h5[text()='Widgets']
18:39:33 ERROR - org.openqa.selenium.NoSuchElementException: no such element: Unable to locate element: {"method":"xpath","selector":"//div//h5[text()='Widgets']"}
  (Session info: chrome=88.0.4324.146)
For documentation on this error, please visit: https://www.seleniumhq.org/exceptions/no_such_element.html
Build info: version: '3.141.59', revision: 'e82be7d358', time: '2018-11-14T08:17:03'
System info: host: 'DESKTOP-I31H4EG', ip: '10.0.0.3', os.name: 'Windows 10', os.arch: 'amd64', os.version: '10.0', java.version: '11.0.9.1'
Driver info: org.openqa.selenium.chrome.ChromeDriver
Capabilities {acceptInsecureCerts: false, browserName: chrome, browserVersion: 88.0.4324.146, chrome: {chromedriverVersion: 88.0.4324.96 (68dba2d8a0b14..., userDataDir: C:\Users\GLEB\AppData\Local...}, goog:chromeOptions: {debuggerAddress: localhost:51138}, javascriptEnabled: true, networkConnectionEnabled: false, pageLoadStrategy: normal, platform: WINDOWS, platformName: WINDOWS, proxy: Proxy(), setWindowRect: true, strictFileInteractability: false, timeouts: {implicit: 0, pageLoad: 300000, script: 30000}, unhandledPromptBehavior: dismiss and notify, webauthn:extension:largeBlob: true, webauthn:virtualAuthenticators: true}
Session ID: 0b32e7c037b38f48fe004581a875327b
*** Element info: {Using=xpath, value=//div//h5[text()='Widgets']}
18:39:33 ERROR - src/test/screenshots/screen-1612802373280.png
18:39:33 INFO  - Start search ->By.xpath: //span[.='Select Menu']
18:39:33 INFO  - By.xpath: //span[.='Select Menu']<- found
18:39:33 INFO  - Start search ->By.id: withOptGroup
18:39:33 INFO  - By.id: withOptGroup<- found
18:39:33 INFO  - Start search ->By.xpath: //*[text()='A root option']
18:39:33 INFO  - By.xpath: //*[text()='A root option']<- found
18:39:33 INFO  - End of test -> testSelectValue
************************************
18:39:33 INFO  - Start test - >testStandartMultiSelect
18:39:33 INFO  - Start search ->By.xpath: //div//h5[text()='Widgets']
18:39:43 ERROR - org.openqa.selenium.NoSuchElementException: no such element: Unable to locate element: {"method":"xpath","selector":"//div//h5[text()='Widgets']"}
  (Session info: chrome=88.0.4324.146)
For documentation on this error, please visit: https://www.seleniumhq.org/exceptions/no_such_element.html
Build info: version: '3.141.59', revision: 'e82be7d358', time: '2018-11-14T08:17:03'
System info: host: 'DESKTOP-I31H4EG', ip: '10.0.0.3', os.name: 'Windows 10', os.arch: 'amd64', os.version: '10.0', java.version: '11.0.9.1'
Driver info: org.openqa.selenium.chrome.ChromeDriver
Capabilities {acceptInsecureCerts: false, browserName: chrome, browserVersion: 88.0.4324.146, chrome: {chromedriverVersion: 88.0.4324.96 (68dba2d8a0b14..., userDataDir: C:\Users\GLEB\AppData\Local...}, goog:chromeOptions: {debuggerAddress: localhost:51138}, javascriptEnabled: true, networkConnectionEnabled: false, pageLoadStrategy: normal, platform: WINDOWS, platformName: WINDOWS, proxy: Proxy(), setWindowRect: true, strictFileInteractability: false, timeouts: {implicit: 0, pageLoad: 300000, script: 30000}, unhandledPromptBehavior: dismiss and notify, webauthn:extension:largeBlob: true, webauthn:virtualAuthenticators: true}
Session ID: 0b32e7c037b38f48fe004581a875327b
*** Element info: {Using=xpath, value=//div//h5[text()='Widgets']}
18:39:44 ERROR - src/test/screenshots/screen-1612802383845.png
18:39:44 INFO  - Start search ->By.xpath: //span[.='Select Menu']
18:39:44 INFO  - By.xpath: //span[.='Select Menu']<- found
18:39:44 INFO  - Start search ->By.id: cars
18:39:44 INFO  - By.id: cars<- found
18:39:44 INFO  - Start search ->By.tagName: option
18:39:44 INFO  - By.tagName: option<- found
18:39:44 INFO  - Start search ->By.tagName: option
18:39:44 INFO  - By.tagName: option<- found
18:39:44 INFO  - Start search ->By.tagName: option
18:39:44 INFO  - By.tagName: option<- found
18:39:44 INFO  - End of test -> testStandartMultiSelect
************************************
18:39:48 INFO  - Start test - >studentRegFormTest
18:39:48 INFO  - Start search ->By.xpath: //div[@class='category-cards']/div[2]
18:39:48 INFO  - By.xpath: //div[@class='category-cards']/div[2]<- found
18:39:48 INFO  - Start search ->By.xpath: //span[.='Practice Form']
18:39:48 INFO  - By.xpath: //span[.='Practice Form']<- found
18:39:48 INFO  - Start search ->By.id: firstName
18:39:48 INFO  - By.id: firstName<- found
18:39:48 INFO  - Start search ->By.id: firstName
18:39:48 INFO  - By.id: firstName<- found
18:39:48 INFO  - Start search ->By.id: firstName
18:39:48 INFO  - By.id: firstName<- found
18:39:48 INFO  - Start search ->By.id: lastName
18:39:48 INFO  - By.id: lastName<- found
18:39:48 INFO  - Start search ->By.id: lastName
18:39:48 INFO  - By.id: lastName<- found
18:39:48 INFO  - Start search ->By.id: lastName
18:39:48 INFO  - By.id: lastName<- found
18:39:48 INFO  - Start search ->By.id: userEmail
18:39:48 INFO  - By.id: userEmail<- found
18:39:48 INFO  - Start search ->By.id: userEmail
18:39:48 INFO  - By.id: userEmail<- found
18:39:48 INFO  - Start search ->By.id: userEmail
18:39:48 INFO  - By.id: userEmail<- found
18:39:49 INFO  - Start search ->By.xpath: //label[@for='gender-radio-1']
18:39:49 INFO  - By.xpath: //label[@for='gender-radio-1']<- found
18:39:49 INFO  - Start search ->By.id: userNumber
18:39:49 INFO  - By.id: userNumber<- found
18:39:49 INFO  - Start search ->By.id: userNumber
18:39:49 INFO  - By.id: userNumber<- found
18:39:49 INFO  - Start search ->By.id: userNumber
18:39:49 INFO  - By.id: userNumber<- found
18:39:49 INFO  - Start search ->By.id: dateOfBirthInput
18:39:49 INFO  - By.id: dateOfBirthInput<- found
18:39:49 INFO  - Start search ->By.cssSelector: .react-datepicker__month-select
18:39:49 INFO  - By.cssSelector: .react-datepicker__month-select<- found
18:39:49 INFO  - Start search ->By.xpath: .//option[normalize-space(.) = "May"]
18:39:49 INFO  - By.xpath: .//option[normalize-space(.) = "May"]<- found
18:39:49 INFO  - Start search ->By.cssSelector: .react-datepicker__year-select
18:39:49 INFO  - By.cssSelector: .react-datepicker__year-select<- found
18:39:49 INFO  - Start search ->By.xpath: .//option[normalize-space(.) = "1990"]
18:39:49 INFO  - By.xpath: .//option[normalize-space(.) = "1990"]<- found
18:39:49 INFO  - Start search ->By.xpath: //div[.='27']
18:39:49 INFO  - By.xpath: //div[.='27']<- found
18:39:49 INFO  - Start search ->By.xpath: //input[@id='subjectsInput']
18:39:49 INFO  - By.xpath: //input[@id='subjectsInput']<- found
18:39:49 INFO  - Start search ->By.xpath: //input[@id='subjectsInput']
18:39:49 INFO  - By.xpath: //input[@id='subjectsInput']<- found
18:39:49 INFO  - Start search ->By.xpath: //input[@id='subjectsInput']
18:39:49 INFO  - By.xpath: //input[@id='subjectsInput']<- found
18:39:49 INFO  - Start search ->By.xpath: //input[@id='subjectsInput']
18:39:49 INFO  - By.xpath: //input[@id='subjectsInput']<- found
18:39:49 INFO  - Start search ->By.cssSelector: label[for='hobbies-checkbox-2']
18:39:49 INFO  - By.cssSelector: label[for='hobbies-checkbox-2']<- found
18:39:49 INFO  - Start search ->By.id: currentAddress
18:39:49 INFO  - By.id: currentAddress<- found
18:39:49 INFO  - Start search ->By.id: react-select-3-input
18:39:50 INFO  - By.id: react-select-3-input<- found
18:39:51 ERROR - org.openqa.selenium.ElementClickInterceptedException: element click intercepted: Element <input autocapitalize="none" autocomplete="off" autocorrect="off" id="react-select-3-input" spellcheck="false" tabindex="0" type="text" aria-autocomplete="list" value="" style="box-sizing: content-box; width: 2px; background: 0px center; border: 0px; font-size: inherit; opacity: 1; outline: 0px; padding: 0px; color: inherit;"> is not clickable at point (745, 574). Other element would receive the click: <div class=" css-1wa3eu0-placeholder">...</div>
  (Session info: chrome=88.0.4324.146)
Build info: version: '3.141.59', revision: 'e82be7d358', time: '2018-11-14T08:17:03'
System info: host: 'DESKTOP-I31H4EG', ip: '10.0.0.3', os.name: 'Windows 10', os.arch: 'amd64', os.version: '10.0', java.version: '11.0.9.1'
Driver info: org.openqa.selenium.chrome.ChromeDriver
Capabilities {acceptInsecureCerts: false, browserName: chrome, browserVersion: 88.0.4324.146, chrome: {chromedriverVersion: 88.0.4324.96 (68dba2d8a0b14..., userDataDir: C:\Users\GLEB\AppData\Local...}, goog:chromeOptions: {debuggerAddress: localhost:51162}, javascriptEnabled: true, networkConnectionEnabled: false, pageLoadStrategy: normal, platform: WINDOWS, platformName: WINDOWS, proxy: Proxy(), setWindowRect: true, strictFileInteractability: false, timeouts: {implicit: 0, pageLoad: 300000, script: 30000}, unhandledPromptBehavior: dismiss and notify, webauthn:extension:largeBlob: true, webauthn:virtualAuthenticators: true}
Session ID: 4fb247a5573915dc3babf1fcc14bd5b1
18:39:51 ERROR - src/test/screenshots/screen-1612802391103.png
18:39:51 INFO  - Start search ->By.id: react-select-3-input
18:39:51 INFO  - By.id: react-select-3-input<- found
18:39:51 INFO  - Start search ->By.id: react-select-3-input
18:39:51 INFO  - By.id: react-select-3-input<- found
18:39:51 INFO  - Start search ->By.id: react-select-3-input
18:39:51 INFO  - By.id: react-select-3-input<- found
18:39:51 INFO  - Start search ->By.id: react-select-4-input
18:39:51 INFO  - By.id: react-select-4-input<- found
18:39:52 ERROR - org.openqa.selenium.ElementClickInterceptedException: element click intercepted: Element <input autocapitalize="none" autocomplete="off" autocorrect="off" id="react-select-4-input" spellcheck="false" tabindex="0" type="text" aria-autocomplete="list" value="" style="box-sizing: content-box; width: 2px; background: 0px center; border: 0px; font-size: inherit; opacity: 1; outline: 0px; padding: 0px; color: inherit;"> is not clickable at point (1056, 574). Other element would receive the click: <div class=" css-1wa3eu0-placeholder">...</div>
  (Session info: chrome=88.0.4324.146)
Build info: version: '3.141.59', revision: 'e82be7d358', time: '2018-11-14T08:17:03'
System info: host: 'DESKTOP-I31H4EG', ip: '10.0.0.3', os.name: 'Windows 10', os.arch: 'amd64', os.version: '10.0', java.version: '11.0.9.1'
Driver info: org.openqa.selenium.chrome.ChromeDriver
Capabilities {acceptInsecureCerts: false, browserName: chrome, browserVersion: 88.0.4324.146, chrome: {chromedriverVersion: 88.0.4324.96 (68dba2d8a0b14..., userDataDir: C:\Users\GLEB\AppData\Local...}, goog:chromeOptions: {debuggerAddress: localhost:51162}, javascriptEnabled: true, networkConnectionEnabled: false, pageLoadStrategy: normal, platform: WINDOWS, platformName: WINDOWS, proxy: Proxy(), setWindowRect: true, strictFileInteractability: false, timeouts: {implicit: 0, pageLoad: 300000, script: 30000}, unhandledPromptBehavior: dismiss and notify, webauthn:extension:largeBlob: true, webauthn:virtualAuthenticators: true}
Session ID: 4fb247a5573915dc3babf1fcc14bd5b1
18:39:52 ERROR - src/test/screenshots/screen-1612802392679.png
18:39:52 INFO  - Start search ->By.id: react-select-4-input
18:39:53 INFO  - By.id: react-select-4-input<- found
18:39:53 INFO  - Start search ->By.id: react-select-4-input
18:39:53 INFO  - By.id: react-select-4-input<- found
18:39:53 INFO  - Start search ->By.id: react-select-4-input
18:39:53 INFO  - By.id: react-select-4-input<- found
18:39:53 INFO  - Start search ->By.id: submit
18:39:53 INFO  - By.id: submit<- found
18:39:53 INFO  - End of test -> studentRegFormTest
************************************
18:39:57 INFO  - Start test - >testWindowsNewTab
18:39:59 INFO  - Start search ->By.xpath: //span[.='Browser Windows']
18:40:10 ERROR - org.openqa.selenium.NoSuchElementException: no such element: Unable to locate element: {"method":"xpath","selector":"//span[.='Browser Windows']"}
  (Session info: chrome=88.0.4324.146)
For documentation on this error, please visit: https://www.seleniumhq.org/exceptions/no_such_element.html
Build info: version: '3.141.59', revision: 'e82be7d358', time: '2018-11-14T08:17:03'
System info: host: 'DESKTOP-I31H4EG', ip: '10.0.0.3', os.name: 'Windows 10', os.arch: 'amd64', os.version: '10.0', java.version: '11.0.9.1'
Driver info: org.openqa.selenium.chrome.ChromeDriver
Capabilities {acceptInsecureCerts: false, browserName: chrome, browserVersion: 88.0.4324.146, chrome: {chromedriverVersion: 88.0.4324.96 (68dba2d8a0b14..., userDataDir: C:\Users\GLEB\AppData\Local...}, goog:chromeOptions: {debuggerAddress: localhost:51185}, javascriptEnabled: true, networkConnectionEnabled: false, pageLoadStrategy: normal, platform: WINDOWS, platformName: WINDOWS, proxy: Proxy(), setWindowRect: true, strictFileInteractability: false, timeouts: {implicit: 0, pageLoad: 300000, script: 30000}, unhandledPromptBehavior: dismiss and notify, webauthn:extension:largeBlob: true, webauthn:virtualAuthenticators: true}
Session ID: aa0f6cbb83226f1d8124f1d10f0e4582
*** Element info: {Using=xpath, value=//span[.='Browser Windows']}
18:40:10 ERROR - src/test/screenshots/screen-1612802410013.png
18:40:10 INFO  - End of test -> testWindowsNewTab
************************************
18:40:10 INFO  - End of test -> testWindowsNewWidow
************************************
18:40:10 INFO  - End of test -> alertTest
************************************
