22:33:52 INFO  - Start test - >loginTest
22:33:52 INFO  - Start search ->By.xpath: //div[6]
22:33:52 INFO  - By.xpath: //div[6]<- found
22:33:54 INFO  - Start search ->By.xpath: //*[@id='login']
22:33:54 INFO  - By.xpath: //*[@id='login']<- found
22:33:54 INFO  - Start search ->By.id: userName
22:33:54 INFO  - By.id: userName<- found
22:33:54 INFO  - Start search ->By.id: userName
22:33:54 INFO  - By.id: userName<- found
22:33:54 INFO  - Start search ->By.id: userName
22:33:54 INFO  - By.id: userName<- found
22:33:54 INFO  - Start search ->By.id: password
22:33:54 INFO  - By.id: password<- found
22:33:54 INFO  - Start search ->By.id: password
22:33:54 INFO  - By.id: password<- found
22:33:54 INFO  - Start search ->By.id: password
22:33:54 INFO  - By.id: password<- found
22:33:54 INFO  - Start search ->By.xpath: //*[@id='login']
22:33:55 INFO  - By.xpath: //*[@id='login']<- found
22:33:55 INFO  - Start search ->By.id: submit
22:33:55 INFO  - By.id: submit<- found
22:33:55 INFO  - End of test -> loginTest
************************************
22:34:01 INFO  - Start test - >testForDataProvider
22:34:01 INFO  - End of test -> testForDataProvider
************************************
22:34:01 INFO  - Start test - >testForDataProviderFromFile
22:34:01 INFO  - End of test -> testForDataProviderFromFile
************************************
22:34:01 INFO  - Start test - >testForLogger
22:34:01 INFO  - Hello DEMO QA 
22:34:01 INFO  - End of test -> testForLogger
************************************
22:34:01 INFO  - Start test - >testForScreenshots
22:34:02 INFO  - End of test -> testForScreenshots
************************************
22:34:06 INFO  - Start test - >jseTest
22:34:06 INFO  - Start search ->By.xpath: //h5[contains(.,'Elements')]
22:34:06 INFO  - By.xpath: //h5[contains(.,'Elements')]<- found
22:34:06 INFO  - Start search ->By.xpath: //span[.='Text Box']
22:34:06 INFO  - By.xpath: //span[.='Text Box']<- found
22:34:15 INFO  - End of test -> jseTest
************************************
22:34:20 INFO  - Start test - >testMultiSelect
22:34:20 INFO  - Start search ->By.xpath: //div//h5[text()='Widgets']
22:34:20 INFO  - By.xpath: //div//h5[text()='Widgets']<- found
22:34:20 INFO  - Start search ->By.xpath: //span[.='Select Menu']
22:34:20 INFO  - By.xpath: //span[.='Select Menu']<- found
22:34:20 INFO  - Start search ->By.id: cars
22:34:20 INFO  - By.id: cars<- found
22:34:20 INFO  - Start search ->By.tagName: option
22:34:20 INFO  - By.tagName: option<- found
22:34:20 INFO  - Start search ->By.tagName: option
22:34:20 INFO  - By.tagName: option<- found
22:34:20 INFO  - Start search ->By.tagName: option
22:34:20 INFO  - By.tagName: option<- found
22:34:20 INFO  - Start search ->By.id: selectOne
22:34:20 INFO  - By.id: selectOne<- found
22:34:21 INFO  - Start search ->By.xpath: //*[text()='Mr.']
22:34:21 INFO  - By.xpath: //*[text()='Mr.']<- found
22:34:26 INFO  - End of test -> testMultiSelect
************************************
22:34:26 INFO  - Start test - >testOldStyle
22:34:26 INFO  - Start search ->By.xpath: //div//h5[text()='Widgets']
22:34:36 ERROR - org.openqa.selenium.NoSuchElementException: no such element: Unable to locate element: {"method":"xpath","selector":"//div//h5[text()='Widgets']"}
  (Session info: chrome=88.0.4324.146)
For documentation on this error, please visit: https://www.seleniumhq.org/exceptions/no_such_element.html
Build info: version: '3.141.59', revision: 'e82be7d358', time: '2018-11-14T08:17:03'
System info: host: 'DESKTOP-I31H4EG', ip: '10.0.0.3', os.name: 'Windows 10', os.arch: 'amd64', os.version: '10.0', java.version: '11.0.9.1'
Driver info: org.openqa.selenium.chrome.ChromeDriver
Capabilities {acceptInsecureCerts: false, browserName: chrome, browserVersion: 88.0.4324.146, chrome: {chromedriverVersion: 88.0.4324.96 (68dba2d8a0b14..., userDataDir: C:\Users\GLEB\AppData\Local...}, goog:chromeOptions: {debuggerAddress: localhost:59907}, javascriptEnabled: true, networkConnectionEnabled: false, pageLoadStrategy: normal, platform: WINDOWS, platformName: WINDOWS, proxy: Proxy(), setWindowRect: true, strictFileInteractability: false, timeouts: {implicit: 0, pageLoad: 300000, script: 30000}, unhandledPromptBehavior: dismiss and notify, webauthn:extension:largeBlob: true, webauthn:virtualAuthenticators: true}
Session ID: 62c97ee763aca94a0fc0a28df03cef70
*** Element info: {Using=xpath, value=//div//h5[text()='Widgets']}
22:34:36 ERROR - src/test/screenshots/screen-1612730076202.png
22:34:36 INFO  - Start search ->By.xpath: //span[.='Select Menu']
22:34:36 INFO  - By.xpath: //span[.='Select Menu']<- found
22:34:36 INFO  - Start search ->By.id: oldSelectMenu
22:34:36 INFO  - By.id: oldSelectMenu<- found
22:34:36 INFO  - Start search ->By.xpath: //*[text()='Voilet']
22:34:36 INFO  - By.xpath: //*[text()='Voilet']<- found
22:34:36 INFO  - End of test -> testOldStyle
************************************
22:34:36 INFO  - Start test - >testSelectOne
22:34:36 INFO  - Start search ->By.xpath: //div//h5[text()='Widgets']
22:34:46 ERROR - org.openqa.selenium.NoSuchElementException: no such element: Unable to locate element: {"method":"xpath","selector":"//div//h5[text()='Widgets']"}
  (Session info: chrome=88.0.4324.146)
For documentation on this error, please visit: https://www.seleniumhq.org/exceptions/no_such_element.html
Build info: version: '3.141.59', revision: 'e82be7d358', time: '2018-11-14T08:17:03'
System info: host: 'DESKTOP-I31H4EG', ip: '10.0.0.3', os.name: 'Windows 10', os.arch: 'amd64', os.version: '10.0', java.version: '11.0.9.1'
Driver info: org.openqa.selenium.chrome.ChromeDriver
Capabilities {acceptInsecureCerts: false, browserName: chrome, browserVersion: 88.0.4324.146, chrome: {chromedriverVersion: 88.0.4324.96 (68dba2d8a0b14..., userDataDir: C:\Users\GLEB\AppData\Local...}, goog:chromeOptions: {debuggerAddress: localhost:59907}, javascriptEnabled: true, networkConnectionEnabled: false, pageLoadStrategy: normal, platform: WINDOWS, platformName: WINDOWS, proxy: Proxy(), setWindowRect: true, strictFileInteractability: false, timeouts: {implicit: 0, pageLoad: 300000, script: 30000}, unhandledPromptBehavior: dismiss and notify, webauthn:extension:largeBlob: true, webauthn:virtualAuthenticators: true}
Session ID: 62c97ee763aca94a0fc0a28df03cef70
*** Element info: {Using=xpath, value=//div//h5[text()='Widgets']}
22:34:47 ERROR - src/test/screenshots/screen-1612730086788.png
22:34:47 INFO  - Start search ->By.xpath: //span[.='Select Menu']
22:34:47 INFO  - By.xpath: //span[.='Select Menu']<- found
22:34:47 INFO  - Start search ->By.id: selectOne
22:34:47 INFO  - By.id: selectOne<- found
22:34:47 INFO  - Start search ->By.xpath: //*[text()='Mr.']
22:34:47 INFO  - By.xpath: //*[text()='Mr.']<- found
22:34:50 INFO  - End of test -> testSelectOne
************************************
22:34:50 INFO  - Start test - >testSelectValue
22:34:50 INFO  - Start search ->By.xpath: //div//h5[text()='Widgets']
22:35:00 ERROR - org.openqa.selenium.NoSuchElementException: no such element: Unable to locate element: {"method":"xpath","selector":"//div//h5[text()='Widgets']"}
  (Session info: chrome=88.0.4324.146)
For documentation on this error, please visit: https://www.seleniumhq.org/exceptions/no_such_element.html
Build info: version: '3.141.59', revision: 'e82be7d358', time: '2018-11-14T08:17:03'
System info: host: 'DESKTOP-I31H4EG', ip: '10.0.0.3', os.name: 'Windows 10', os.arch: 'amd64', os.version: '10.0', java.version: '11.0.9.1'
Driver info: org.openqa.selenium.chrome.ChromeDriver
Capabilities {acceptInsecureCerts: false, browserName: chrome, browserVersion: 88.0.4324.146, chrome: {chromedriverVersion: 88.0.4324.96 (68dba2d8a0b14..., userDataDir: C:\Users\GLEB\AppData\Local...}, goog:chromeOptions: {debuggerAddress: localhost:59907}, javascriptEnabled: true, networkConnectionEnabled: false, pageLoadStrategy: normal, platform: WINDOWS, platformName: WINDOWS, proxy: Proxy(), setWindowRect: true, strictFileInteractability: false, timeouts: {implicit: 0, pageLoad: 300000, script: 30000}, unhandledPromptBehavior: dismiss and notify, webauthn:extension:largeBlob: true, webauthn:virtualAuthenticators: true}
Session ID: 62c97ee763aca94a0fc0a28df03cef70
*** Element info: {Using=xpath, value=//div//h5[text()='Widgets']}
22:35:00 ERROR - src/test/screenshots/screen-1612730100322.png
22:35:00 INFO  - Start search ->By.xpath: //span[.='Select Menu']
22:35:00 INFO  - By.xpath: //span[.='Select Menu']<- found
22:35:00 INFO  - Start search ->By.id: withOptGroup
22:35:00 INFO  - By.id: withOptGroup<- found
22:35:00 INFO  - Start search ->By.xpath: //*[text()='A root option']
22:35:00 INFO  - By.xpath: //*[text()='A root option']<- found
22:35:03 INFO  - End of test -> testSelectValue
************************************
22:35:03 INFO  - Start test - >testStandartMultiSelect
22:35:03 INFO  - Start search ->By.xpath: //div//h5[text()='Widgets']
22:35:13 ERROR - org.openqa.selenium.NoSuchElementException: no such element: Unable to locate element: {"method":"xpath","selector":"//div//h5[text()='Widgets']"}
  (Session info: chrome=88.0.4324.146)
For documentation on this error, please visit: https://www.seleniumhq.org/exceptions/no_such_element.html
Build info: version: '3.141.59', revision: 'e82be7d358', time: '2018-11-14T08:17:03'
System info: host: 'DESKTOP-I31H4EG', ip: '10.0.0.3', os.name: 'Windows 10', os.arch: 'amd64', os.version: '10.0', java.version: '11.0.9.1'
Driver info: org.openqa.selenium.chrome.ChromeDriver
Capabilities {acceptInsecureCerts: false, browserName: chrome, browserVersion: 88.0.4324.146, chrome: {chromedriverVersion: 88.0.4324.96 (68dba2d8a0b14..., userDataDir: C:\Users\GLEB\AppData\Local...}, goog:chromeOptions: {debuggerAddress: localhost:59907}, javascriptEnabled: true, networkConnectionEnabled: false, pageLoadStrategy: normal, platform: WINDOWS, platformName: WINDOWS, proxy: Proxy(), setWindowRect: true, strictFileInteractability: false, timeouts: {implicit: 0, pageLoad: 300000, script: 30000}, unhandledPromptBehavior: dismiss and notify, webauthn:extension:largeBlob: true, webauthn:virtualAuthenticators: true}
Session ID: 62c97ee763aca94a0fc0a28df03cef70
*** Element info: {Using=xpath, value=//div//h5[text()='Widgets']}
22:35:14 ERROR - src/test/screenshots/screen-1612730113843.png
22:35:14 INFO  - Start search ->By.xpath: //span[.='Select Menu']
22:35:14 INFO  - By.xpath: //span[.='Select Menu']<- found
22:35:14 INFO  - Start search ->By.id: cars
22:35:14 INFO  - By.id: cars<- found
22:35:14 INFO  - Start search ->By.tagName: option
22:35:14 INFO  - By.tagName: option<- found
22:35:14 INFO  - Start search ->By.tagName: option
22:35:14 INFO  - By.tagName: option<- found
22:35:14 INFO  - Start search ->By.tagName: option
22:35:14 INFO  - By.tagName: option<- found
22:35:17 INFO  - End of test -> testStandartMultiSelect
************************************
22:35:23 INFO  - Start test - >studentRegFormTest
22:35:23 INFO  - Start search ->By.xpath: //div[@class='category-cards']/div[2]
22:35:23 INFO  - By.xpath: //div[@class='category-cards']/div[2]<- found
22:35:23 INFO  - Start search ->By.xpath: //span[.='Practice Form']
22:35:23 INFO  - By.xpath: //span[.='Practice Form']<- found
22:35:23 INFO  - Start search ->By.id: firstName
22:35:23 INFO  - By.id: firstName<- found
22:35:23 INFO  - Start search ->By.id: firstName
22:35:23 INFO  - By.id: firstName<- found
22:35:23 INFO  - Start search ->By.id: firstName
22:35:23 INFO  - By.id: firstName<- found
22:35:23 INFO  - Start search ->By.id: lastName
22:35:23 INFO  - By.id: lastName<- found
22:35:23 INFO  - Start search ->By.id: lastName
22:35:23 INFO  - By.id: lastName<- found
22:35:23 INFO  - Start search ->By.id: lastName
22:35:23 INFO  - By.id: lastName<- found
22:35:24 INFO  - Start search ->By.id: userEmail
22:35:24 INFO  - By.id: userEmail<- found
22:35:24 INFO  - Start search ->By.id: userEmail
22:35:24 INFO  - By.id: userEmail<- found
22:35:24 INFO  - Start search ->By.id: userEmail
22:35:24 INFO  - By.id: userEmail<- found
22:35:24 INFO  - Start search ->By.xpath: //label[@for='gender-radio-1']
22:35:24 INFO  - By.xpath: //label[@for='gender-radio-1']<- found
22:35:24 INFO  - Start search ->By.id: userNumber
22:35:24 INFO  - By.id: userNumber<- found
22:35:24 INFO  - Start search ->By.id: userNumber
22:35:24 INFO  - By.id: userNumber<- found
22:35:24 INFO  - Start search ->By.id: userNumber
22:35:24 INFO  - By.id: userNumber<- found
22:35:24 INFO  - Start search ->By.id: dateOfBirthInput
22:35:24 INFO  - By.id: dateOfBirthInput<- found
22:35:25 INFO  - Start search ->By.cssSelector: .react-datepicker__month-select
22:35:25 INFO  - By.cssSelector: .react-datepicker__month-select<- found
22:35:25 INFO  - Start search ->By.xpath: .//option[normalize-space(.) = "May"]
22:35:25 INFO  - By.xpath: .//option[normalize-space(.) = "May"]<- found
22:35:25 INFO  - Start search ->By.cssSelector: .react-datepicker__year-select
22:35:25 INFO  - By.cssSelector: .react-datepicker__year-select<- found
22:35:25 INFO  - Start search ->By.xpath: .//option[normalize-space(.) = "1990"]
22:35:25 INFO  - By.xpath: .//option[normalize-space(.) = "1990"]<- found
22:35:25 INFO  - Start search ->By.xpath: //div[.='27']
22:35:25 INFO  - By.xpath: //div[.='27']<- found
22:35:25 INFO  - Start search ->By.xpath: //input[@id='subjectsInput']
22:35:25 INFO  - By.xpath: //input[@id='subjectsInput']<- found
22:35:25 INFO  - Start search ->By.xpath: //input[@id='subjectsInput']
22:35:25 INFO  - By.xpath: //input[@id='subjectsInput']<- found
22:35:25 INFO  - Start search ->By.xpath: //input[@id='subjectsInput']
22:35:25 INFO  - By.xpath: //input[@id='subjectsInput']<- found
22:35:25 INFO  - Start search ->By.xpath: //input[@id='subjectsInput']
22:35:25 INFO  - By.xpath: //input[@id='subjectsInput']<- found
22:35:27 INFO  - Start search ->By.cssSelector: label[for='hobbies-checkbox-2']
22:35:27 INFO  - By.cssSelector: label[for='hobbies-checkbox-2']<- found
22:35:27 INFO  - Start search ->By.id: currentAddress
22:35:27 INFO  - By.id: currentAddress<- found
22:35:27 INFO  - Start search ->By.id: react-select-3-input
22:35:27 INFO  - By.id: react-select-3-input<- found
22:35:28 ERROR - org.openqa.selenium.ElementClickInterceptedException: element click intercepted: Element <input autocapitalize="none" autocomplete="off" autocorrect="off" id="react-select-3-input" spellcheck="false" tabindex="0" type="text" aria-autocomplete="list" value="" style="box-sizing: content-box; width: 2px; background: 0px center; border: 0px; font-size: inherit; opacity: 1; outline: 0px; padding: 0px; color: inherit;"> is not clickable at point (745, 574). Other element would receive the click: <div class=" css-1wa3eu0-placeholder">...</div>
  (Session info: chrome=88.0.4324.146)
Build info: version: '3.141.59', revision: 'e82be7d358', time: '2018-11-14T08:17:03'
System info: host: 'DESKTOP-I31H4EG', ip: '10.0.0.3', os.name: 'Windows 10', os.arch: 'amd64', os.version: '10.0', java.version: '11.0.9.1'
Driver info: org.openqa.selenium.chrome.ChromeDriver
Capabilities {acceptInsecureCerts: false, browserName: chrome, browserVersion: 88.0.4324.146, chrome: {chromedriverVersion: 88.0.4324.96 (68dba2d8a0b14..., userDataDir: C:\Users\GLEB\AppData\Local...}, goog:chromeOptions: {debuggerAddress: localhost:60016}, javascriptEnabled: true, networkConnectionEnabled: false, pageLoadStrategy: normal, platform: WINDOWS, platformName: WINDOWS, proxy: Proxy(), setWindowRect: true, strictFileInteractability: false, timeouts: {implicit: 0, pageLoad: 300000, script: 30000}, unhandledPromptBehavior: dismiss and notify, webauthn:extension:largeBlob: true, webauthn:virtualAuthenticators: true}
Session ID: 02f78987e68cad6388bcd443434c093f
22:35:29 ERROR - src/test/screenshots/screen-1612730128822.png
22:35:29 INFO  - Start search ->By.id: react-select-3-input
22:35:29 INFO  - By.id: react-select-3-input<- found
22:35:29 INFO  - Start search ->By.id: react-select-3-input
22:35:29 INFO  - By.id: react-select-3-input<- found
22:35:29 INFO  - Start search ->By.id: react-select-3-input
22:35:29 INFO  - By.id: react-select-3-input<- found
22:35:31 INFO  - Start search ->By.id: react-select-4-input
22:35:31 INFO  - By.id: react-select-4-input<- found
22:35:32 ERROR - org.openqa.selenium.ElementClickInterceptedException: element click intercepted: Element <input autocapitalize="none" autocomplete="off" autocorrect="off" id="react-select-4-input" spellcheck="false" tabindex="0" type="text" aria-autocomplete="list" value="" style="box-sizing: content-box; width: 2px; background: 0px center; border: 0px; font-size: inherit; opacity: 1; outline: 0px; padding: 0px; color: inherit;"> is not clickable at point (1056, 574). Other element would receive the click: <div class=" css-1wa3eu0-placeholder">...</div>
  (Session info: chrome=88.0.4324.146)
Build info: version: '3.141.59', revision: 'e82be7d358', time: '2018-11-14T08:17:03'
System info: host: 'DESKTOP-I31H4EG', ip: '10.0.0.3', os.name: 'Windows 10', os.arch: 'amd64', os.version: '10.0', java.version: '11.0.9.1'
Driver info: org.openqa.selenium.chrome.ChromeDriver
Capabilities {acceptInsecureCerts: false, browserName: chrome, browserVersion: 88.0.4324.146, chrome: {chromedriverVersion: 88.0.4324.96 (68dba2d8a0b14..., userDataDir: C:\Users\GLEB\AppData\Local...}, goog:chromeOptions: {debuggerAddress: localhost:60016}, javascriptEnabled: true, networkConnectionEnabled: false, pageLoadStrategy: normal, platform: WINDOWS, platformName: WINDOWS, proxy: Proxy(), setWindowRect: true, strictFileInteractability: false, timeouts: {implicit: 0, pageLoad: 300000, script: 30000}, unhandledPromptBehavior: dismiss and notify, webauthn:extension:largeBlob: true, webauthn:virtualAuthenticators: true}
Session ID: 02f78987e68cad6388bcd443434c093f
22:35:32 ERROR - src/test/screenshots/screen-1612730132426.png
22:35:32 INFO  - Start search ->By.id: react-select-4-input
22:35:32 INFO  - By.id: react-select-4-input<- found
22:35:32 INFO  - Start search ->By.id: react-select-4-input
22:35:32 INFO  - By.id: react-select-4-input<- found
22:35:32 INFO  - Start search ->By.id: react-select-4-input
22:35:32 INFO  - By.id: react-select-4-input<- found
22:35:40 INFO  - Start search ->By.id: submit
22:35:40 INFO  - By.id: submit<- found
22:35:40 INFO  - End of test -> studentRegFormTest
************************************
22:35:46 INFO  - Start test - >testWindowsNewTab
22:35:46 INFO  - Start search ->By.xpath: //div//h5[.='Alerts, Frame & Windows']
22:35:46 INFO  - By.xpath: //div//h5[.='Alerts, Frame & Windows']<- found
22:35:48 INFO  - Start search ->By.xpath: //span[.='Browser Windows']
22:35:48 INFO  - By.xpath: //span[.='Browser Windows']<- found
22:35:48 INFO  - Start search ->By.id: tabButton
22:35:48 INFO  - By.id: tabButton<- found
22:35:50 INFO  - Start search ->By.id: sampleHeading
22:35:50 INFO  - By.id: sampleHeading<- found
22:35:52 INFO  - End of test -> testWindowsNewTab
************************************
22:35:52 INFO  - Start test - >testWindowsNewWidow
22:35:52 INFO  - Start search ->By.xpath: //div//h5[.='Alerts, Frame & Windows']
22:36:02 ERROR - org.openqa.selenium.NoSuchElementException: no such element: Unable to locate element: {"method":"xpath","selector":"//div//h5[.='Alerts, Frame & Windows']"}
  (Session info: chrome=88.0.4324.146)
For documentation on this error, please visit: https://www.seleniumhq.org/exceptions/no_such_element.html
Build info: version: '3.141.59', revision: 'e82be7d358', time: '2018-11-14T08:17:03'
System info: host: 'DESKTOP-I31H4EG', ip: '10.0.0.3', os.name: 'Windows 10', os.arch: 'amd64', os.version: '10.0', java.version: '11.0.9.1'
Driver info: org.openqa.selenium.chrome.ChromeDriver
Capabilities {acceptInsecureCerts: false, browserName: chrome, browserVersion: 88.0.4324.146, chrome: {chromedriverVersion: 88.0.4324.96 (68dba2d8a0b14..., userDataDir: C:\Users\GLEB\AppData\Local...}, goog:chromeOptions: {debuggerAddress: localhost:60044}, javascriptEnabled: true, networkConnectionEnabled: false, pageLoadStrategy: normal, platform: WINDOWS, platformName: WINDOWS, proxy: Proxy(), setWindowRect: true, strictFileInteractability: false, timeouts: {implicit: 0, pageLoad: 300000, script: 30000}, unhandledPromptBehavior: dismiss and notify, webauthn:extension:largeBlob: true, webauthn:virtualAuthenticators: true}
Session ID: 195b53be5169b91ca2403b27fd633703
*** Element info: {Using=xpath, value=//div//h5[.='Alerts, Frame & Windows']}
22:36:02 ERROR - src/test/screenshots/screen-1612730162390.png
22:36:02 INFO  - End of test -> testWindowsNewWidow
************************************
22:36:02 INFO  - End of test -> alertTest
************************************
