22:34:43 INFO  - Start test - >jseTest
22:34:43 INFO  - Start search ->By.xpath: //h5[contains(.,'Elements')]
22:34:43 INFO  - By.xpath: //h5[contains(.,'Elements')]<- found
22:34:44 INFO  - Start search ->By.xpath: //span[.='Text Box']
22:34:44 INFO  - By.xpath: //span[.='Text Box']<- found
22:34:44 INFO  - End of test -> jseTest
************************************
22:34:48 INFO  - Start test - >loginTest
22:34:48 INFO  - Start search ->By.xpath: //div[6]
22:34:48 INFO  - By.xpath: //div[6]<- found
22:34:48 INFO  - Start search ->By.xpath: //*[@id='login']
22:34:48 INFO  - By.xpath: //*[@id='login']<- found
22:34:48 INFO  - Start search ->By.id: userName
22:34:48 INFO  - By.id: userName<- found
22:34:48 INFO  - Start search ->By.id: userName
22:34:48 INFO  - By.id: userName<- found
22:34:48 INFO  - Start search ->By.id: userName
22:34:48 INFO  - By.id: userName<- found
22:34:48 INFO  - Start search ->By.id: password
22:34:48 INFO  - By.id: password<- found
22:34:48 INFO  - Start search ->By.id: password
22:34:48 INFO  - By.id: password<- found
22:34:48 INFO  - Start search ->By.id: password
22:34:48 INFO  - By.id: password<- found
22:34:48 INFO  - Start search ->By.xpath: //*[@id='login']
22:34:48 INFO  - By.xpath: //*[@id='login']<- found
22:34:48 INFO  - Start search ->By.id: submit
22:34:49 INFO  - By.id: submit<- found
22:34:49 INFO  - End of test -> loginTest
************************************
22:34:54 INFO  - Start test - >studentRegFormTest
22:34:54 INFO  - Start search ->By.xpath: //div[@class='category-cards']/div[2]
22:34:54 INFO  - By.xpath: //div[@class='category-cards']/div[2]<- found
22:34:54 INFO  - Start search ->By.xpath: //span[.='Practice Form']
22:34:54 INFO  - By.xpath: //span[.='Practice Form']<- found
22:34:54 INFO  - Start search ->By.id: firstName
22:34:54 INFO  - By.id: firstName<- found
22:34:54 INFO  - Start search ->By.id: firstName
22:34:54 INFO  - By.id: firstName<- found
22:34:54 INFO  - Start search ->By.id: firstName
22:34:54 INFO  - By.id: firstName<- found
22:34:54 INFO  - Start search ->By.id: lastName
22:34:54 INFO  - By.id: lastName<- found
22:34:54 INFO  - Start search ->By.id: lastName
22:34:54 INFO  - By.id: lastName<- found
22:34:54 INFO  - Start search ->By.id: lastName
22:34:54 INFO  - By.id: lastName<- found
22:34:54 INFO  - Start search ->By.id: userEmail
22:34:54 INFO  - By.id: userEmail<- found
22:34:54 INFO  - Start search ->By.id: userEmail
22:34:54 INFO  - By.id: userEmail<- found
22:34:54 INFO  - Start search ->By.id: userEmail
22:34:54 INFO  - By.id: userEmail<- found
22:34:54 INFO  - Start search ->By.xpath: //label[@for='gender-radio-1']
22:34:54 INFO  - By.xpath: //label[@for='gender-radio-1']<- found
22:34:55 INFO  - Start search ->By.id: userNumber
22:34:55 INFO  - By.id: userNumber<- found
22:34:55 INFO  - Start search ->By.id: userNumber
22:34:55 INFO  - By.id: userNumber<- found
22:34:55 INFO  - Start search ->By.id: userNumber
22:34:55 INFO  - By.id: userNumber<- found
22:34:55 INFO  - Start search ->By.id: dateOfBirthInput
22:34:55 INFO  - By.id: dateOfBirthInput<- found
22:34:55 INFO  - Start search ->By.cssSelector: .react-datepicker__month-select
22:34:55 INFO  - By.cssSelector: .react-datepicker__month-select<- found
22:34:55 INFO  - Start search ->By.xpath: .//option[normalize-space(.) = "May"]
22:34:55 INFO  - By.xpath: .//option[normalize-space(.) = "May"]<- found
22:34:55 INFO  - Start search ->By.cssSelector: .react-datepicker__year-select
22:34:55 INFO  - By.cssSelector: .react-datepicker__year-select<- found
22:34:55 INFO  - Start search ->By.xpath: .//option[normalize-space(.) = "1990"]
22:34:55 INFO  - By.xpath: .//option[normalize-space(.) = "1990"]<- found
22:34:55 INFO  - Start search ->By.xpath: //div[.='27']
22:34:55 INFO  - By.xpath: //div[.='27']<- found
22:34:55 INFO  - Start search ->By.xpath: //input[@id='subjectsInput']
22:34:55 INFO  - By.xpath: //input[@id='subjectsInput']<- found
22:34:55 INFO  - Start search ->By.xpath: //input[@id='subjectsInput']
22:34:55 INFO  - By.xpath: //input[@id='subjectsInput']<- found
22:34:55 INFO  - Start search ->By.xpath: //input[@id='subjectsInput']
22:34:55 INFO  - By.xpath: //input[@id='subjectsInput']<- found
22:34:55 INFO  - Start search ->By.xpath: //input[@id='subjectsInput']
22:34:55 INFO  - By.xpath: //input[@id='subjectsInput']<- found
22:34:55 INFO  - Start search ->By.cssSelector: label[for='hobbies-checkbox-2']
22:34:55 INFO  - By.cssSelector: label[for='hobbies-checkbox-2']<- found
22:34:55 INFO  - Start search ->By.id: currentAddress
22:34:55 INFO  - By.id: currentAddress<- found
22:34:55 INFO  - Start search ->By.id: react-select-3-input
22:34:55 INFO  - By.id: react-select-3-input<- found
22:34:57 ERROR - org.openqa.selenium.ElementClickInterceptedException: element click intercepted: Element <input autocapitalize="none" autocomplete="off" autocorrect="off" id="react-select-3-input" spellcheck="false" tabindex="0" type="text" aria-autocomplete="list" value="" style="box-sizing: content-box; width: 2px; background: 0px center; border: 0px; font-size: inherit; opacity: 1; outline: 0px; padding: 0px; color: inherit;"> is not clickable at point (745, 574). Other element would receive the click: <div class=" css-1wa3eu0-placeholder">...</div>
  (Session info: chrome=88.0.4324.146)
Build info: version: '3.141.59', revision: 'e82be7d358', time: '2018-11-14T08:17:03'
System info: host: 'DESKTOP-I31H4EG', ip: '10.0.0.3', os.name: 'Windows 10', os.arch: 'amd64', os.version: '10.0', java.version: '1.8.0_271'
Driver info: org.openqa.selenium.chrome.ChromeDriver
Capabilities {acceptInsecureCerts: false, browserName: chrome, browserVersion: 88.0.4324.146, chrome: {chromedriverVersion: 88.0.4324.96 (68dba2d8a0b14..., userDataDir: C:\Users\GLEB\AppData\Local...}, goog:chromeOptions: {debuggerAddress: localhost:53414}, javascriptEnabled: true, networkConnectionEnabled: false, pageLoadStrategy: normal, platform: WINDOWS, platformName: WINDOWS, proxy: Proxy(), setWindowRect: true, strictFileInteractability: false, timeouts: {implicit: 0, pageLoad: 300000, script: 30000}, unhandledPromptBehavior: dismiss and notify, webauthn:extension:largeBlob: true, webauthn:virtualAuthenticators: true}
Session ID: 2e018451df74b1234d8190497875aee9
22:34:57 ERROR - src/test/screenshots/screen-1612816497085.png
22:34:57 INFO  - Start search ->By.id: react-select-3-input
22:34:57 INFO  - By.id: react-select-3-input<- found
22:34:57 INFO  - Start search ->By.id: react-select-3-input
22:34:57 INFO  - By.id: react-select-3-input<- found
22:34:57 INFO  - Start search ->By.id: react-select-3-input
22:34:57 INFO  - By.id: react-select-3-input<- found
22:34:57 INFO  - Start search ->By.id: react-select-4-input
22:34:57 INFO  - By.id: react-select-4-input<- found
22:34:58 ERROR - org.openqa.selenium.ElementClickInterceptedException: element click intercepted: Element <input autocapitalize="none" autocomplete="off" autocorrect="off" id="react-select-4-input" spellcheck="false" tabindex="0" type="text" aria-autocomplete="list" value="" style="box-sizing: content-box; width: 2px; background: 0px center; border: 0px; font-size: inherit; opacity: 1; outline: 0px; padding: 0px; color: inherit;"> is not clickable at point (1056, 574). Other element would receive the click: <div class=" css-1wa3eu0-placeholder">...</div>
  (Session info: chrome=88.0.4324.146)
Build info: version: '3.141.59', revision: 'e82be7d358', time: '2018-11-14T08:17:03'
System info: host: 'DESKTOP-I31H4EG', ip: '10.0.0.3', os.name: 'Windows 10', os.arch: 'amd64', os.version: '10.0', java.version: '1.8.0_271'
Driver info: org.openqa.selenium.chrome.ChromeDriver
Capabilities {acceptInsecureCerts: false, browserName: chrome, browserVersion: 88.0.4324.146, chrome: {chromedriverVersion: 88.0.4324.96 (68dba2d8a0b14..., userDataDir: C:\Users\GLEB\AppData\Local...}, goog:chromeOptions: {debuggerAddress: localhost:53414}, javascriptEnabled: true, networkConnectionEnabled: false, pageLoadStrategy: normal, platform: WINDOWS, platformName: WINDOWS, proxy: Proxy(), setWindowRect: true, strictFileInteractability: false, timeouts: {implicit: 0, pageLoad: 300000, script: 30000}, unhandledPromptBehavior: dismiss and notify, webauthn:extension:largeBlob: true, webauthn:virtualAuthenticators: true}
Session ID: 2e018451df74b1234d8190497875aee9
22:34:59 ERROR - src/test/screenshots/screen-1612816498691.png
22:34:59 INFO  - Start search ->By.id: react-select-4-input
22:34:59 INFO  - By.id: react-select-4-input<- found
22:34:59 INFO  - Start search ->By.id: react-select-4-input
22:34:59 INFO  - By.id: react-select-4-input<- found
22:34:59 INFO  - Start search ->By.id: react-select-4-input
22:34:59 INFO  - By.id: react-select-4-input<- found
22:34:59 INFO  - Start search ->By.id: submit
22:34:59 INFO  - By.id: submit<- found
22:34:59 INFO  - End of test -> studentRegFormTest
************************************
22:35:03 INFO  - Start test - >testForDataProvider
22:35:03 INFO  - End of test -> testForDataProvider
************************************
22:35:03 INFO  - Start test - >testForDataProviderFromFile
22:35:03 INFO  - End of test -> testForDataProviderFromFile
************************************
22:35:03 INFO  - Start test - >testForLogger
22:35:03 INFO  - Hello DEMO QA 
22:35:03 INFO  - End of test -> testForLogger
************************************
22:35:03 INFO  - Start test - >testForScreenshots
22:35:03 INFO  - End of test -> testForScreenshots
************************************
22:35:07 INFO  - Start test - >testMultiSelect
22:35:07 INFO  - Start search ->By.xpath: //div//h5[text()='Widgets']
22:35:07 INFO  - By.xpath: //div//h5[text()='Widgets']<- found
22:35:07 INFO  - Start search ->By.xpath: //span[.='Select Menu']
22:35:07 INFO  - By.xpath: //span[.='Select Menu']<- found
22:35:07 INFO  - Start search ->By.id: cars
22:35:07 INFO  - By.id: cars<- found
22:35:07 INFO  - Start search ->By.tagName: option
22:35:07 INFO  - By.tagName: option<- found
22:35:07 INFO  - Start search ->By.tagName: option
22:35:07 INFO  - By.tagName: option<- found
22:35:08 INFO  - Start search ->By.tagName: option
22:35:08 INFO  - By.tagName: option<- found
22:35:08 INFO  - Start search ->By.id: selectOne
22:35:08 INFO  - By.id: selectOne<- found
22:35:08 INFO  - Start search ->By.xpath: //*[text()='Mr.']
22:35:08 INFO  - By.xpath: //*[text()='Mr.']<- found
22:35:08 INFO  - End of test -> testMultiSelect
************************************
22:35:08 INFO  - Start test - >testOldStyle
22:35:08 INFO  - Start search ->By.xpath: //div//h5[text()='Widgets']
22:35:18 ERROR - org.openqa.selenium.NoSuchElementException: no such element: Unable to locate element: {"method":"xpath","selector":"//div//h5[text()='Widgets']"}
  (Session info: chrome=88.0.4324.146)
For documentation on this error, please visit: https://www.seleniumhq.org/exceptions/no_such_element.html
Build info: version: '3.141.59', revision: 'e82be7d358', time: '2018-11-14T08:17:03'
System info: host: 'DESKTOP-I31H4EG', ip: '10.0.0.3', os.name: 'Windows 10', os.arch: 'amd64', os.version: '10.0', java.version: '1.8.0_271'
Driver info: org.openqa.selenium.chrome.ChromeDriver
Capabilities {acceptInsecureCerts: false, browserName: chrome, browserVersion: 88.0.4324.146, chrome: {chromedriverVersion: 88.0.4324.96 (68dba2d8a0b14..., userDataDir: C:\Users\GLEB\AppData\Local...}, goog:chromeOptions: {debuggerAddress: localhost:53461}, javascriptEnabled: true, networkConnectionEnabled: false, pageLoadStrategy: normal, platform: WINDOWS, platformName: WINDOWS, proxy: Proxy(), setWindowRect: true, strictFileInteractability: false, timeouts: {implicit: 0, pageLoad: 300000, script: 30000}, unhandledPromptBehavior: dismiss and notify, webauthn:extension:largeBlob: true, webauthn:virtualAuthenticators: true}
Session ID: a466bc6d7c2b396bc3533cada6ce098f
*** Element info: {Using=xpath, value=//div//h5[text()='Widgets']}
22:35:18 ERROR - src/test/screenshots/screen-1612816518360.png
22:35:18 INFO  - Start search ->By.xpath: //span[.='Select Menu']
22:35:18 INFO  - By.xpath: //span[.='Select Menu']<- found
22:35:18 INFO  - Start search ->By.id: oldSelectMenu
22:35:18 INFO  - By.id: oldSelectMenu<- found
22:35:18 INFO  - Start search ->By.xpath: //*[text()='Voilet']
22:35:18 INFO  - By.xpath: //*[text()='Voilet']<- found
22:35:18 INFO  - End of test -> testOldStyle
************************************
22:35:18 INFO  - Start test - >testSelectOne
22:35:18 INFO  - Start search ->By.xpath: //div//h5[text()='Widgets']
22:35:28 ERROR - org.openqa.selenium.NoSuchElementException: no such element: Unable to locate element: {"method":"xpath","selector":"//div//h5[text()='Widgets']"}
  (Session info: chrome=88.0.4324.146)
For documentation on this error, please visit: https://www.seleniumhq.org/exceptions/no_such_element.html
Build info: version: '3.141.59', revision: 'e82be7d358', time: '2018-11-14T08:17:03'
System info: host: 'DESKTOP-I31H4EG', ip: '10.0.0.3', os.name: 'Windows 10', os.arch: 'amd64', os.version: '10.0', java.version: '1.8.0_271'
Driver info: org.openqa.selenium.chrome.ChromeDriver
Capabilities {acceptInsecureCerts: false, browserName: chrome, browserVersion: 88.0.4324.146, chrome: {chromedriverVersion: 88.0.4324.96 (68dba2d8a0b14..., userDataDir: C:\Users\GLEB\AppData\Local...}, goog:chromeOptions: {debuggerAddress: localhost:53461}, javascriptEnabled: true, networkConnectionEnabled: false, pageLoadStrategy: normal, platform: WINDOWS, platformName: WINDOWS, proxy: Proxy(), setWindowRect: true, strictFileInteractability: false, timeouts: {implicit: 0, pageLoad: 300000, script: 30000}, unhandledPromptBehavior: dismiss and notify, webauthn:extension:largeBlob: true, webauthn:virtualAuthenticators: true}
Session ID: a466bc6d7c2b396bc3533cada6ce098f
*** Element info: {Using=xpath, value=//div//h5[text()='Widgets']}
22:35:29 ERROR - src/test/screenshots/screen-1612816528927.png
22:35:29 INFO  - Start search ->By.xpath: //span[.='Select Menu']
22:35:29 INFO  - By.xpath: //span[.='Select Menu']<- found
22:35:29 INFO  - Start search ->By.id: selectOne
22:35:29 INFO  - By.id: selectOne<- found
22:35:29 INFO  - Start search ->By.xpath: //*[text()='Mr.']
22:35:29 INFO  - By.xpath: //*[text()='Mr.']<- found
22:35:29 INFO  - End of test -> testSelectOne
************************************
22:35:29 INFO  - Start test - >testSelectValue
22:35:29 INFO  - Start search ->By.xpath: //div//h5[text()='Widgets']
22:35:39 ERROR - org.openqa.selenium.NoSuchElementException: no such element: Unable to locate element: {"method":"xpath","selector":"//div//h5[text()='Widgets']"}
  (Session info: chrome=88.0.4324.146)
For documentation on this error, please visit: https://www.seleniumhq.org/exceptions/no_such_element.html
Build info: version: '3.141.59', revision: 'e82be7d358', time: '2018-11-14T08:17:03'
System info: host: 'DESKTOP-I31H4EG', ip: '10.0.0.3', os.name: 'Windows 10', os.arch: 'amd64', os.version: '10.0', java.version: '1.8.0_271'
Driver info: org.openqa.selenium.chrome.ChromeDriver
Capabilities {acceptInsecureCerts: false, browserName: chrome, browserVersion: 88.0.4324.146, chrome: {chromedriverVersion: 88.0.4324.96 (68dba2d8a0b14..., userDataDir: C:\Users\GLEB\AppData\Local...}, goog:chromeOptions: {debuggerAddress: localhost:53461}, javascriptEnabled: true, networkConnectionEnabled: false, pageLoadStrategy: normal, platform: WINDOWS, platformName: WINDOWS, proxy: Proxy(), setWindowRect: true, strictFileInteractability: false, timeouts: {implicit: 0, pageLoad: 300000, script: 30000}, unhandledPromptBehavior: dismiss and notify, webauthn:extension:largeBlob: true, webauthn:virtualAuthenticators: true}
Session ID: a466bc6d7c2b396bc3533cada6ce098f
*** Element info: {Using=xpath, value=//div//h5[text()='Widgets']}
22:35:39 ERROR - src/test/screenshots/screen-1612816539611.png
22:35:39 INFO  - Start search ->By.xpath: //span[.='Select Menu']
22:35:39 INFO  - By.xpath: //span[.='Select Menu']<- found
22:35:39 INFO  - Start search ->By.id: withOptGroup
22:35:40 INFO  - By.id: withOptGroup<- found
22:35:40 INFO  - Start search ->By.xpath: //*[text()='A root option']
22:35:40 INFO  - By.xpath: //*[text()='A root option']<- found
22:35:40 INFO  - End of test -> testSelectValue
************************************
22:35:40 INFO  - Start test - >testStandartMultiSelect
22:35:40 INFO  - Start search ->By.xpath: //div//h5[text()='Widgets']
22:35:50 ERROR - org.openqa.selenium.NoSuchElementException: no such element: Unable to locate element: {"method":"xpath","selector":"//div//h5[text()='Widgets']"}
  (Session info: chrome=88.0.4324.146)
For documentation on this error, please visit: https://www.seleniumhq.org/exceptions/no_such_element.html
Build info: version: '3.141.59', revision: 'e82be7d358', time: '2018-11-14T08:17:03'
System info: host: 'DESKTOP-I31H4EG', ip: '10.0.0.3', os.name: 'Windows 10', os.arch: 'amd64', os.version: '10.0', java.version: '1.8.0_271'
Driver info: org.openqa.selenium.chrome.ChromeDriver
Capabilities {acceptInsecureCerts: false, browserName: chrome, browserVersion: 88.0.4324.146, chrome: {chromedriverVersion: 88.0.4324.96 (68dba2d8a0b14..., userDataDir: C:\Users\GLEB\AppData\Local...}, goog:chromeOptions: {debuggerAddress: localhost:53461}, javascriptEnabled: true, networkConnectionEnabled: false, pageLoadStrategy: normal, platform: WINDOWS, platformName: WINDOWS, proxy: Proxy(), setWindowRect: true, strictFileInteractability: false, timeouts: {implicit: 0, pageLoad: 300000, script: 30000}, unhandledPromptBehavior: dismiss and notify, webauthn:extension:largeBlob: true, webauthn:virtualAuthenticators: true}
Session ID: a466bc6d7c2b396bc3533cada6ce098f
*** Element info: {Using=xpath, value=//div//h5[text()='Widgets']}
22:35:50 ERROR - src/test/screenshots/screen-1612816550150.png
22:35:50 INFO  - Start search ->By.xpath: //span[.='Select Menu']
22:35:50 INFO  - By.xpath: //span[.='Select Menu']<- found
22:35:50 INFO  - Start search ->By.id: cars
22:35:50 INFO  - By.id: cars<- found
22:35:50 INFO  - Start search ->By.tagName: option
22:35:50 INFO  - By.tagName: option<- found
22:35:50 INFO  - Start search ->By.tagName: option
22:35:50 INFO  - By.tagName: option<- found
22:35:50 INFO  - Start search ->By.tagName: option
22:35:50 INFO  - By.tagName: option<- found
22:35:50 INFO  - End of test -> testStandartMultiSelect
************************************
22:35:56 INFO  - Start test - >testWindowsNewTab
22:35:58 INFO  - Start search ->By.xpath: //span[.='Browser Windows']
22:36:08 ERROR - org.openqa.selenium.NoSuchElementException: no such element: Unable to locate element: {"method":"xpath","selector":"//span[.='Browser Windows']"}
  (Session info: chrome=88.0.4324.146)
For documentation on this error, please visit: https://www.seleniumhq.org/exceptions/no_such_element.html
Build info: version: '3.141.59', revision: 'e82be7d358', time: '2018-11-14T08:17:03'
System info: host: 'DESKTOP-I31H4EG', ip: '10.0.0.3', os.name: 'Windows 10', os.arch: 'amd64', os.version: '10.0', java.version: '1.8.0_271'
Driver info: org.openqa.selenium.chrome.ChromeDriver
Capabilities {acceptInsecureCerts: false, browserName: chrome, browserVersion: 88.0.4324.146, chrome: {chromedriverVersion: 88.0.4324.96 (68dba2d8a0b14..., userDataDir: C:\Users\GLEB\AppData\Local...}, goog:chromeOptions: {debuggerAddress: localhost:53486}, javascriptEnabled: true, networkConnectionEnabled: false, pageLoadStrategy: normal, platform: WINDOWS, platformName: WINDOWS, proxy: Proxy(), setWindowRect: true, strictFileInteractability: false, timeouts: {implicit: 0, pageLoad: 300000, script: 30000}, unhandledPromptBehavior: dismiss and notify, webauthn:extension:largeBlob: true, webauthn:virtualAuthenticators: true}
Session ID: 0df1469e04303002e195fc3554cc1552
*** Element info: {Using=xpath, value=//span[.='Browser Windows']}
22:36:09 ERROR - src/test/screenshots/screen-1612816568879.png
22:36:09 INFO  - End of test -> testWindowsNewTab
************************************
22:36:09 INFO  - End of test -> testWindowsNewWidow
************************************
22:36:09 INFO  - End of test -> alertTest
************************************
