23:38:21 INFO  - Start test - >loginTest
23:38:21 INFO  - Start search ->By.xpath: //div[6]
23:38:21 INFO  - By.xpath: //div[6]<- found
23:38:21 INFO  - Start search ->By.xpath: //*[@id='login']
23:38:21 INFO  - By.xpath: //*[@id='login']<- found
23:38:21 INFO  - Start search ->By.id: userName
23:38:21 INFO  - By.id: userName<- found
23:38:21 INFO  - Start search ->By.id: userName
23:38:21 INFO  - By.id: userName<- found
23:38:21 INFO  - Start search ->By.id: userName
23:38:22 INFO  - By.id: userName<- found
23:38:22 INFO  - Start search ->By.id: password
23:38:22 INFO  - By.id: password<- found
23:38:22 INFO  - Start search ->By.id: password
23:38:22 INFO  - By.id: password<- found
23:38:22 INFO  - Start search ->By.id: password
23:38:22 INFO  - By.id: password<- found
23:38:22 INFO  - Start search ->By.xpath: //*[@id='login']
23:38:22 INFO  - By.xpath: //*[@id='login']<- found
23:38:22 INFO  - Start search ->By.id: submit
23:38:22 INFO  - By.id: submit<- found
23:38:22 INFO  - End of test -> loginTest
************************************
23:38:26 INFO  - Start test - >testForDataProvider
23:38:26 INFO  - End of test -> testForDataProvider
************************************
23:38:26 INFO  - Start test - >testForDataProviderFromFile
23:38:26 INFO  - End of test -> testForDataProviderFromFile
************************************
23:38:26 INFO  - Start test - >testForLogger
23:38:26 INFO  - Hello DEMO QA 
23:38:26 INFO  - End of test -> testForLogger
************************************
23:38:26 INFO  - Start test - >testForScreenshots
23:38:26 INFO  - End of test -> testForScreenshots
************************************
23:38:30 INFO  - Start test - >jseTest
23:38:30 INFO  - Start search ->By.xpath: //h5[contains(.,'Elements')]
23:38:30 INFO  - By.xpath: //h5[contains(.,'Elements')]<- found
23:38:30 INFO  - Start search ->By.xpath: //span[.='Text Box']
23:38:30 INFO  - By.xpath: //span[.='Text Box']<- found
23:38:30 INFO  - End of test -> jseTest
************************************
23:38:35 INFO  - Start test - >testMultiSelect
23:38:35 INFO  - Start search ->By.xpath: //div//h5[text()='Widgets']
23:38:35 INFO  - By.xpath: //div//h5[text()='Widgets']<- found
23:38:35 INFO  - Start search ->By.xpath: //span[.='Select Menu']
23:38:35 INFO  - By.xpath: //span[.='Select Menu']<- found
23:38:35 INFO  - Start search ->By.id: cars
23:38:35 INFO  - By.id: cars<- found
23:38:35 INFO  - Start search ->By.tagName: option
23:38:35 INFO  - By.tagName: option<- found
23:38:35 INFO  - Start search ->By.tagName: option
23:38:35 INFO  - By.tagName: option<- found
23:38:35 INFO  - Start search ->By.tagName: option
23:38:35 INFO  - By.tagName: option<- found
23:38:35 INFO  - Start search ->By.id: selectOne
23:38:35 INFO  - By.id: selectOne<- found
23:38:35 INFO  - Start search ->By.xpath: //*[text()='Mr.']
23:38:35 INFO  - By.xpath: //*[text()='Mr.']<- found
23:38:36 INFO  - End of test -> testMultiSelect
************************************
23:38:36 INFO  - Start test - >testOldStyle
23:38:36 INFO  - Start search ->By.xpath: //div//h5[text()='Widgets']
23:38:46 ERROR - org.openqa.selenium.NoSuchElementException: no such element: Unable to locate element: {"method":"xpath","selector":"//div//h5[text()='Widgets']"}
  (Session info: chrome=88.0.4324.146)
For documentation on this error, please visit: https://www.seleniumhq.org/exceptions/no_such_element.html
Build info: version: '3.141.59', revision: 'e82be7d358', time: '2018-11-14T08:17:03'
System info: host: 'DESKTOP-I31H4EG', ip: '10.0.0.3', os.name: 'Windows 10', os.arch: 'amd64', os.version: '10.0', java.version: '11.0.9.1'
Driver info: org.openqa.selenium.chrome.ChromeDriver
Capabilities {acceptInsecureCerts: false, browserName: chrome, browserVersion: 88.0.4324.146, chrome: {chromedriverVersion: 88.0.4324.96 (68dba2d8a0b14..., userDataDir: C:\Users\GLEB\AppData\Local...}, goog:chromeOptions: {debuggerAddress: localhost:54308}, javascriptEnabled: true, networkConnectionEnabled: false, pageLoadStrategy: normal, platform: WINDOWS, platformName: WINDOWS, proxy: Proxy(), setWindowRect: true, strictFileInteractability: false, timeouts: {implicit: 0, pageLoad: 300000, script: 30000}, unhandledPromptBehavior: dismiss and notify, webauthn:extension:largeBlob: true, webauthn:virtualAuthenticators: true}
Session ID: d81430d597e4b33792beea3704880cc4
*** Element info: {Using=xpath, value=//div//h5[text()='Widgets']}
23:38:46 ERROR - src/test/screenshots/screen-1612820326045.png
23:38:46 INFO  - Start search ->By.xpath: //span[.='Select Menu']
23:38:46 INFO  - By.xpath: //span[.='Select Menu']<- found
23:38:46 INFO  - Start search ->By.id: oldSelectMenu
23:38:46 INFO  - By.id: oldSelectMenu<- found
23:38:46 INFO  - Start search ->By.xpath: //*[text()='Voilet']
23:38:46 INFO  - By.xpath: //*[text()='Voilet']<- found
23:38:46 INFO  - End of test -> testOldStyle
************************************
23:38:46 INFO  - Start test - >testSelectOne
23:38:46 INFO  - Start search ->By.xpath: //div//h5[text()='Widgets']
23:38:56 ERROR - org.openqa.selenium.NoSuchElementException: no such element: Unable to locate element: {"method":"xpath","selector":"//div//h5[text()='Widgets']"}
  (Session info: chrome=88.0.4324.146)
For documentation on this error, please visit: https://www.seleniumhq.org/exceptions/no_such_element.html
Build info: version: '3.141.59', revision: 'e82be7d358', time: '2018-11-14T08:17:03'
System info: host: 'DESKTOP-I31H4EG', ip: '10.0.0.3', os.name: 'Windows 10', os.arch: 'amd64', os.version: '10.0', java.version: '11.0.9.1'
Driver info: org.openqa.selenium.chrome.ChromeDriver
Capabilities {acceptInsecureCerts: false, browserName: chrome, browserVersion: 88.0.4324.146, chrome: {chromedriverVersion: 88.0.4324.96 (68dba2d8a0b14..., userDataDir: C:\Users\GLEB\AppData\Local...}, goog:chromeOptions: {debuggerAddress: localhost:54308}, javascriptEnabled: true, networkConnectionEnabled: false, pageLoadStrategy: normal, platform: WINDOWS, platformName: WINDOWS, proxy: Proxy(), setWindowRect: true, strictFileInteractability: false, timeouts: {implicit: 0, pageLoad: 300000, script: 30000}, unhandledPromptBehavior: dismiss and notify, webauthn:extension:largeBlob: true, webauthn:virtualAuthenticators: true}
Session ID: d81430d597e4b33792beea3704880cc4
*** Element info: {Using=xpath, value=//div//h5[text()='Widgets']}
23:38:56 ERROR - src/test/screenshots/screen-1612820336640.png
23:38:56 INFO  - Start search ->By.xpath: //span[.='Select Menu']
23:38:56 INFO  - By.xpath: //span[.='Select Menu']<- found
23:38:57 INFO  - Start search ->By.id: selectOne
23:38:57 INFO  - By.id: selectOne<- found
23:38:57 INFO  - Start search ->By.xpath: //*[text()='Mr.']
23:38:57 INFO  - By.xpath: //*[text()='Mr.']<- found
23:38:57 INFO  - End of test -> testSelectOne
************************************
23:38:57 INFO  - Start test - >testSelectValue
23:38:57 INFO  - Start search ->By.xpath: //div//h5[text()='Widgets']
23:39:07 ERROR - org.openqa.selenium.NoSuchElementException: no such element: Unable to locate element: {"method":"xpath","selector":"//div//h5[text()='Widgets']"}
  (Session info: chrome=88.0.4324.146)
For documentation on this error, please visit: https://www.seleniumhq.org/exceptions/no_such_element.html
Build info: version: '3.141.59', revision: 'e82be7d358', time: '2018-11-14T08:17:03'
System info: host: 'DESKTOP-I31H4EG', ip: '10.0.0.3', os.name: 'Windows 10', os.arch: 'amd64', os.version: '10.0', java.version: '11.0.9.1'
Driver info: org.openqa.selenium.chrome.ChromeDriver
Capabilities {acceptInsecureCerts: false, browserName: chrome, browserVersion: 88.0.4324.146, chrome: {chromedriverVersion: 88.0.4324.96 (68dba2d8a0b14..., userDataDir: C:\Users\GLEB\AppData\Local...}, goog:chromeOptions: {debuggerAddress: localhost:54308}, javascriptEnabled: true, networkConnectionEnabled: false, pageLoadStrategy: normal, platform: WINDOWS, platformName: WINDOWS, proxy: Proxy(), setWindowRect: true, strictFileInteractability: false, timeouts: {implicit: 0, pageLoad: 300000, script: 30000}, unhandledPromptBehavior: dismiss and notify, webauthn:extension:largeBlob: true, webauthn:virtualAuthenticators: true}
Session ID: d81430d597e4b33792beea3704880cc4
*** Element info: {Using=xpath, value=//div//h5[text()='Widgets']}
23:39:07 ERROR - src/test/screenshots/screen-1612820347223.png
23:39:07 INFO  - Start search ->By.xpath: //span[.='Select Menu']
23:39:07 INFO  - By.xpath: //span[.='Select Menu']<- found
23:39:07 INFO  - Start search ->By.id: withOptGroup
23:39:07 INFO  - By.id: withOptGroup<- found
23:39:07 INFO  - Start search ->By.xpath: //*[text()='A root option']
23:39:07 INFO  - By.xpath: //*[text()='A root option']<- found
23:39:07 INFO  - End of test -> testSelectValue
************************************
23:39:07 INFO  - Start test - >testStandartMultiSelect
23:39:07 INFO  - Start search ->By.xpath: //div//h5[text()='Widgets']
23:39:17 ERROR - org.openqa.selenium.NoSuchElementException: no such element: Unable to locate element: {"method":"xpath","selector":"//div//h5[text()='Widgets']"}
  (Session info: chrome=88.0.4324.146)
For documentation on this error, please visit: https://www.seleniumhq.org/exceptions/no_such_element.html
Build info: version: '3.141.59', revision: 'e82be7d358', time: '2018-11-14T08:17:03'
System info: host: 'DESKTOP-I31H4EG', ip: '10.0.0.3', os.name: 'Windows 10', os.arch: 'amd64', os.version: '10.0', java.version: '11.0.9.1'
Driver info: org.openqa.selenium.chrome.ChromeDriver
Capabilities {acceptInsecureCerts: false, browserName: chrome, browserVersion: 88.0.4324.146, chrome: {chromedriverVersion: 88.0.4324.96 (68dba2d8a0b14..., userDataDir: C:\Users\GLEB\AppData\Local...}, goog:chromeOptions: {debuggerAddress: localhost:54308}, javascriptEnabled: true, networkConnectionEnabled: false, pageLoadStrategy: normal, platform: WINDOWS, platformName: WINDOWS, proxy: Proxy(), setWindowRect: true, strictFileInteractability: false, timeouts: {implicit: 0, pageLoad: 300000, script: 30000}, unhandledPromptBehavior: dismiss and notify, webauthn:extension:largeBlob: true, webauthn:virtualAuthenticators: true}
Session ID: d81430d597e4b33792beea3704880cc4
*** Element info: {Using=xpath, value=//div//h5[text()='Widgets']}
23:39:18 ERROR - src/test/screenshots/screen-1612820357777.png
23:39:18 INFO  - Start search ->By.xpath: //span[.='Select Menu']
23:39:18 INFO  - By.xpath: //span[.='Select Menu']<- found
23:39:18 INFO  - Start search ->By.id: cars
23:39:18 INFO  - By.id: cars<- found
23:39:18 INFO  - Start search ->By.tagName: option
23:39:18 INFO  - By.tagName: option<- found
23:39:18 INFO  - Start search ->By.tagName: option
23:39:18 INFO  - By.tagName: option<- found
23:39:18 INFO  - Start search ->By.tagName: option
23:39:18 INFO  - By.tagName: option<- found
23:39:18 INFO  - End of test -> testStandartMultiSelect
************************************
23:39:23 INFO  - Start test - >studentRegFormTest
23:39:23 INFO  - Start search ->By.xpath: //div[@class='category-cards']/div[2]
23:39:23 INFO  - By.xpath: //div[@class='category-cards']/div[2]<- found
23:39:23 INFO  - Start search ->By.xpath: //span[.='Practice Form']
23:39:23 INFO  - By.xpath: //span[.='Practice Form']<- found
23:39:23 INFO  - Start search ->By.id: firstName
23:39:23 INFO  - By.id: firstName<- found
23:39:23 INFO  - Start search ->By.id: firstName
23:39:23 INFO  - By.id: firstName<- found
23:39:23 INFO  - Start search ->By.id: firstName
23:39:23 INFO  - By.id: firstName<- found
23:39:23 INFO  - Start search ->By.id: lastName
23:39:23 INFO  - By.id: lastName<- found
23:39:23 INFO  - Start search ->By.id: lastName
23:39:23 INFO  - By.id: lastName<- found
23:39:23 INFO  - Start search ->By.id: lastName
23:39:23 INFO  - By.id: lastName<- found
23:39:23 INFO  - Start search ->By.id: userEmail
23:39:23 INFO  - By.id: userEmail<- found
23:39:23 INFO  - Start search ->By.id: userEmail
23:39:23 INFO  - By.id: userEmail<- found
23:39:23 INFO  - Start search ->By.id: userEmail
23:39:23 INFO  - By.id: userEmail<- found
23:39:23 INFO  - Start search ->By.xpath: //label[@for='gender-radio-1']
23:39:23 INFO  - By.xpath: //label[@for='gender-radio-1']<- found
23:39:23 INFO  - Start search ->By.id: userNumber
23:39:23 INFO  - By.id: userNumber<- found
23:39:23 INFO  - Start search ->By.id: userNumber
23:39:23 INFO  - By.id: userNumber<- found
23:39:23 INFO  - Start search ->By.id: userNumber
23:39:23 INFO  - By.id: userNumber<- found
23:39:23 INFO  - Start search ->By.id: dateOfBirthInput
23:39:23 INFO  - By.id: dateOfBirthInput<- found
23:39:24 INFO  - Start search ->By.cssSelector: .react-datepicker__month-select
23:39:24 INFO  - By.cssSelector: .react-datepicker__month-select<- found
23:39:24 INFO  - Start search ->By.xpath: .//option[normalize-space(.) = "May"]
23:39:24 INFO  - By.xpath: .//option[normalize-space(.) = "May"]<- found
23:39:24 INFO  - Start search ->By.cssSelector: .react-datepicker__year-select
23:39:24 INFO  - By.cssSelector: .react-datepicker__year-select<- found
23:39:24 INFO  - Start search ->By.xpath: .//option[normalize-space(.) = "1990"]
23:39:24 INFO  - By.xpath: .//option[normalize-space(.) = "1990"]<- found
23:39:24 INFO  - Start search ->By.xpath: //div[.='27']
23:39:24 INFO  - By.xpath: //div[.='27']<- found
23:39:24 INFO  - Start search ->By.xpath: //input[@id='subjectsInput']
23:39:24 INFO  - By.xpath: //input[@id='subjectsInput']<- found
23:39:24 INFO  - Start search ->By.xpath: //input[@id='subjectsInput']
23:39:24 INFO  - By.xpath: //input[@id='subjectsInput']<- found
23:39:24 INFO  - Start search ->By.xpath: //input[@id='subjectsInput']
23:39:24 INFO  - By.xpath: //input[@id='subjectsInput']<- found
23:39:24 INFO  - Start search ->By.xpath: //input[@id='subjectsInput']
23:39:24 INFO  - By.xpath: //input[@id='subjectsInput']<- found
23:39:24 INFO  - Start search ->By.cssSelector: label[for='hobbies-checkbox-2']
23:39:24 INFO  - By.cssSelector: label[for='hobbies-checkbox-2']<- found
23:39:24 INFO  - Start search ->By.id: currentAddress
23:39:24 INFO  - By.id: currentAddress<- found
23:39:24 INFO  - Start search ->By.id: react-select-3-input
23:39:24 INFO  - By.id: react-select-3-input<- found
23:39:25 ERROR - org.openqa.selenium.ElementClickInterceptedException: element click intercepted: Element <input autocapitalize="none" autocomplete="off" autocorrect="off" id="react-select-3-input" spellcheck="false" tabindex="0" type="text" aria-autocomplete="list" value="" style="box-sizing: content-box; width: 2px; background: 0px center; border: 0px; font-size: inherit; opacity: 1; outline: 0px; padding: 0px; color: inherit;"> is not clickable at point (745, 574). Other element would receive the click: <div class=" css-1wa3eu0-placeholder">...</div>
  (Session info: chrome=88.0.4324.146)
Build info: version: '3.141.59', revision: 'e82be7d358', time: '2018-11-14T08:17:03'
System info: host: 'DESKTOP-I31H4EG', ip: '10.0.0.3', os.name: 'Windows 10', os.arch: 'amd64', os.version: '10.0', java.version: '11.0.9.1'
Driver info: org.openqa.selenium.chrome.ChromeDriver
Capabilities {acceptInsecureCerts: false, browserName: chrome, browserVersion: 88.0.4324.146, chrome: {chromedriverVersion: 88.0.4324.96 (68dba2d8a0b14..., userDataDir: C:\Users\GLEB\AppData\Local...}, goog:chromeOptions: {debuggerAddress: localhost:54346}, javascriptEnabled: true, networkConnectionEnabled: false, pageLoadStrategy: normal, platform: WINDOWS, platformName: WINDOWS, proxy: Proxy(), setWindowRect: true, strictFileInteractability: false, timeouts: {implicit: 0, pageLoad: 300000, script: 30000}, unhandledPromptBehavior: dismiss and notify, webauthn:extension:largeBlob: true, webauthn:virtualAuthenticators: true}
Session ID: 5e0b6d9eea8504eee050889d93a019d6
23:39:26 ERROR - src/test/screenshots/screen-1612820365898.png
23:39:26 INFO  - Start search ->By.id: react-select-3-input
23:39:26 INFO  - By.id: react-select-3-input<- found
23:39:26 INFO  - Start search ->By.id: react-select-3-input
23:39:26 INFO  - By.id: react-select-3-input<- found
23:39:26 INFO  - Start search ->By.id: react-select-3-input
23:39:26 INFO  - By.id: react-select-3-input<- found
23:39:26 INFO  - Start search ->By.id: react-select-4-input
23:39:26 INFO  - By.id: react-select-4-input<- found
23:39:27 ERROR - org.openqa.selenium.ElementClickInterceptedException: element click intercepted: Element <input autocapitalize="none" autocomplete="off" autocorrect="off" id="react-select-4-input" spellcheck="false" tabindex="0" type="text" aria-autocomplete="list" value="" style="box-sizing: content-box; width: 2px; background: 0px center; border: 0px; font-size: inherit; opacity: 1; outline: 0px; padding: 0px; color: inherit;"> is not clickable at point (1056, 574). Other element would receive the click: <div class=" css-1wa3eu0-placeholder">...</div>
  (Session info: chrome=88.0.4324.146)
Build info: version: '3.141.59', revision: 'e82be7d358', time: '2018-11-14T08:17:03'
System info: host: 'DESKTOP-I31H4EG', ip: '10.0.0.3', os.name: 'Windows 10', os.arch: 'amd64', os.version: '10.0', java.version: '11.0.9.1'
Driver info: org.openqa.selenium.chrome.ChromeDriver
Capabilities {acceptInsecureCerts: false, browserName: chrome, browserVersion: 88.0.4324.146, chrome: {chromedriverVersion: 88.0.4324.96 (68dba2d8a0b14..., userDataDir: C:\Users\GLEB\AppData\Local...}, goog:chromeOptions: {debuggerAddress: localhost:54346}, javascriptEnabled: true, networkConnectionEnabled: false, pageLoadStrategy: normal, platform: WINDOWS, platformName: WINDOWS, proxy: Proxy(), setWindowRect: true, strictFileInteractability: false, timeouts: {implicit: 0, pageLoad: 300000, script: 30000}, unhandledPromptBehavior: dismiss and notify, webauthn:extension:largeBlob: true, webauthn:virtualAuthenticators: true}
Session ID: 5e0b6d9eea8504eee050889d93a019d6
23:39:27 ERROR - src/test/screenshots/screen-1612820367495.png
23:39:27 INFO  - Start search ->By.id: react-select-4-input
23:39:27 INFO  - By.id: react-select-4-input<- found
23:39:27 INFO  - Start search ->By.id: react-select-4-input
23:39:27 INFO  - By.id: react-select-4-input<- found
23:39:27 INFO  - Start search ->By.id: react-select-4-input
23:39:27 INFO  - By.id: react-select-4-input<- found
23:39:27 INFO  - Start search ->By.id: submit
23:39:27 INFO  - By.id: submit<- found
23:39:28 INFO  - End of test -> studentRegFormTest
************************************
23:39:31 INFO  - Start test - >testWindowsNewTab
23:39:33 INFO  - Start search ->By.xpath: //span[.='Browser Windows']
23:39:43 ERROR - org.openqa.selenium.NoSuchElementException: no such element: Unable to locate element: {"method":"xpath","selector":"//span[.='Browser Windows']"}
  (Session info: chrome=88.0.4324.146)
For documentation on this error, please visit: https://www.seleniumhq.org/exceptions/no_such_element.html
Build info: version: '3.141.59', revision: 'e82be7d358', time: '2018-11-14T08:17:03'
System info: host: 'DESKTOP-I31H4EG', ip: '10.0.0.3', os.name: 'Windows 10', os.arch: 'amd64', os.version: '10.0', java.version: '11.0.9.1'
Driver info: org.openqa.selenium.chrome.ChromeDriver
Capabilities {acceptInsecureCerts: false, browserName: chrome, browserVersion: 88.0.4324.146, chrome: {chromedriverVersion: 88.0.4324.96 (68dba2d8a0b14..., userDataDir: C:\Users\GLEB\AppData\Local...}, goog:chromeOptions: {debuggerAddress: localhost:54369}, javascriptEnabled: true, networkConnectionEnabled: false, pageLoadStrategy: normal, platform: WINDOWS, platformName: WINDOWS, proxy: Proxy(), setWindowRect: true, strictFileInteractability: false, timeouts: {implicit: 0, pageLoad: 300000, script: 30000}, unhandledPromptBehavior: dismiss and notify, webauthn:extension:largeBlob: true, webauthn:virtualAuthenticators: true}
Session ID: 6c9c4e91fcb9e84b644a0dd16d6e3288
*** Element info: {Using=xpath, value=//span[.='Browser Windows']}
23:39:44 ERROR - src/test/screenshots/screen-1612820383717.png
23:39:44 INFO  - End of test -> testWindowsNewTab
************************************
23:39:44 INFO  - End of test -> testWindowsNewWidow
************************************
23:39:44 INFO  - End of test -> alertTest
************************************
