13:54:43 INFO  - Start test - >loginTest
13:54:43 INFO  - Start search ->By.xpath: //div[6]
13:54:43 INFO  - By.xpath: //div[6]<- found
13:54:45 INFO  - Start search ->By.xpath: //*[@id='login']
13:54:45 INFO  - By.xpath: //*[@id='login']<- found
13:54:45 INFO  - Start search ->By.id: userName
13:54:45 INFO  - By.id: userName<- found
13:54:45 INFO  - Start search ->By.id: userName
13:54:45 INFO  - By.id: userName<- found
13:54:45 INFO  - Start search ->By.id: userName
13:54:45 INFO  - By.id: userName<- found
13:54:45 INFO  - Start search ->By.id: password
13:54:45 INFO  - By.id: password<- found
13:54:45 INFO  - Start search ->By.id: password
13:54:45 INFO  - By.id: password<- found
13:54:45 INFO  - Start search ->By.id: password
13:54:45 INFO  - By.id: password<- found
13:54:45 INFO  - Start search ->By.xpath: //*[@id='login']
13:54:45 INFO  - By.xpath: //*[@id='login']<- found
13:54:45 INFO  - Start search ->By.id: submit
13:54:46 INFO  - By.id: submit<- found
13:54:46 INFO  - End of test -> loginTest
************************************
13:54:50 INFO  - Start test - >testForDataProvider
13:54:50 INFO  - End of test -> testForDataProvider
************************************
13:54:50 INFO  - Start test - >testForDataProviderFromFile
13:54:50 INFO  - End of test -> testForDataProviderFromFile
************************************
13:54:50 INFO  - Start test - >testForListener
13:54:50 INFO  - Start search ->By.className: main-header
13:55:00 ERROR - org.openqa.selenium.NoSuchElementException: no such element: Unable to locate element: {"method":"css selector","selector":".main\-header"}
  (Session info: chrome=88.0.4324.146)
For documentation on this error, please visit: https://www.seleniumhq.org/exceptions/no_such_element.html
Build info: version: '3.141.59', revision: 'e82be7d358', time: '2018-11-14T08:17:03'
System info: host: 'DESKTOP-I31H4EG', ip: '10.0.0.3', os.name: 'Windows 10', os.arch: 'amd64', os.version: '10.0', java.version: '11.0.9.1'
Driver info: org.openqa.selenium.chrome.ChromeDriver
Capabilities {acceptInsecureCerts: false, browserName: chrome, browserVersion: 88.0.4324.146, chrome: {chromedriverVersion: 88.0.4324.96 (68dba2d8a0b14..., userDataDir: C:\Users\GLEB\AppData\Local...}, goog:chromeOptions: {debuggerAddress: localhost:54778}, javascriptEnabled: true, networkConnectionEnabled: false, pageLoadStrategy: normal, platform: WINDOWS, platformName: WINDOWS, proxy: Proxy(), setWindowRect: true, strictFileInteractability: false, timeouts: {implicit: 0, pageLoad: 300000, script: 30000}, unhandledPromptBehavior: dismiss and notify, webauthn:extension:largeBlob: true, webauthn:virtualAuthenticators: true}
Session ID: ccd3c8da229c3d2fd4d6394dfcd034a8
*** Element info: {Using=class name, value=main-header}
13:55:01 ERROR - src/test/screenshots/screen-1612526100963.png
13:55:01 INFO  - End of test -> testForListener
************************************
13:55:01 INFO  - Start test - >testForLogger
13:55:01 INFO  - Hello DEMO QA 
13:55:01 INFO  - End of test -> testForLogger
************************************
13:55:01 INFO  - Start test - >testForScreenshots
13:55:01 INFO  - End of test -> testForScreenshots
************************************
13:55:05 INFO  - Start test - >jseTest
13:55:05 INFO  - Start search ->By.xpath: //h5[contains(.,'Elements')]
13:55:05 INFO  - By.xpath: //h5[contains(.,'Elements')]<- found
13:55:06 INFO  - Start search ->By.xpath: //span[.='Text Box']
13:55:06 INFO  - By.xpath: //span[.='Text Box']<- found
13:55:15 INFO  - End of test -> jseTest
************************************
13:55:19 INFO  - Start test - >testMultiSelect
13:55:19 INFO  - Start search ->By.xpath: //div//h5[text()='Widgets']
13:55:19 INFO  - By.xpath: //div//h5[text()='Widgets']<- found
13:55:19 INFO  - Start search ->By.xpath: //span[.='Select Menu']
13:55:19 INFO  - By.xpath: //span[.='Select Menu']<- found
13:55:19 INFO  - Start search ->By.id: cars
13:55:19 INFO  - By.id: cars<- found
13:55:19 INFO  - Start search ->By.tagName: option
13:55:19 INFO  - By.tagName: option<- found
13:55:19 INFO  - Start search ->By.tagName: option
13:55:19 INFO  - By.tagName: option<- found
13:55:19 INFO  - Start search ->By.tagName: option
13:55:19 INFO  - By.tagName: option<- found
13:55:19 INFO  - Start search ->By.id: selectOne
13:55:19 INFO  - By.id: selectOne<- found
13:55:19 INFO  - Start search ->By.xpath: //*[text()='Mr.']
13:55:19 INFO  - By.xpath: //*[text()='Mr.']<- found
13:55:24 INFO  - End of test -> testMultiSelect
************************************
13:55:24 INFO  - Start test - >testOldStyle
13:55:24 INFO  - Start search ->By.xpath: //div//h5[text()='Widgets']
13:55:35 ERROR - org.openqa.selenium.NoSuchElementException: no such element: Unable to locate element: {"method":"xpath","selector":"//div//h5[text()='Widgets']"}
  (Session info: chrome=88.0.4324.146)
For documentation on this error, please visit: https://www.seleniumhq.org/exceptions/no_such_element.html
Build info: version: '3.141.59', revision: 'e82be7d358', time: '2018-11-14T08:17:03'
System info: host: 'DESKTOP-I31H4EG', ip: '10.0.0.3', os.name: 'Windows 10', os.arch: 'amd64', os.version: '10.0', java.version: '11.0.9.1'
Driver info: org.openqa.selenium.chrome.ChromeDriver
Capabilities {acceptInsecureCerts: false, browserName: chrome, browserVersion: 88.0.4324.146, chrome: {chromedriverVersion: 88.0.4324.96 (68dba2d8a0b14..., userDataDir: C:\Users\GLEB\AppData\Local...}, goog:chromeOptions: {debuggerAddress: localhost:54839}, javascriptEnabled: true, networkConnectionEnabled: false, pageLoadStrategy: normal, platform: WINDOWS, platformName: WINDOWS, proxy: Proxy(), setWindowRect: true, strictFileInteractability: false, timeouts: {implicit: 0, pageLoad: 300000, script: 30000}, unhandledPromptBehavior: dismiss and notify, webauthn:extension:largeBlob: true, webauthn:virtualAuthenticators: true}
Session ID: 4fe194c9dbe86acb31e3975ee2e006fc
*** Element info: {Using=xpath, value=//div//h5[text()='Widgets']}
13:55:35 ERROR - src/test/screenshots/screen-1612526135010.png
13:55:35 INFO  - Start search ->By.xpath: //span[.='Select Menu']
13:55:35 INFO  - By.xpath: //span[.='Select Menu']<- found
13:55:35 INFO  - Start search ->By.id: oldSelectMenu
13:55:35 INFO  - By.id: oldSelectMenu<- found
13:55:35 INFO  - Start search ->By.xpath: //*[text()='Voilet']
13:55:35 INFO  - By.xpath: //*[text()='Voilet']<- found
13:55:35 INFO  - End of test -> testOldStyle
************************************
13:55:35 INFO  - Start test - >testSelectOne
13:55:35 INFO  - Start search ->By.xpath: //div//h5[text()='Widgets']
13:55:45 ERROR - org.openqa.selenium.NoSuchElementException: no such element: Unable to locate element: {"method":"xpath","selector":"//div//h5[text()='Widgets']"}
  (Session info: chrome=88.0.4324.146)
For documentation on this error, please visit: https://www.seleniumhq.org/exceptions/no_such_element.html
Build info: version: '3.141.59', revision: 'e82be7d358', time: '2018-11-14T08:17:03'
System info: host: 'DESKTOP-I31H4EG', ip: '10.0.0.3', os.name: 'Windows 10', os.arch: 'amd64', os.version: '10.0', java.version: '11.0.9.1'
Driver info: org.openqa.selenium.chrome.ChromeDriver
Capabilities {acceptInsecureCerts: false, browserName: chrome, browserVersion: 88.0.4324.146, chrome: {chromedriverVersion: 88.0.4324.96 (68dba2d8a0b14..., userDataDir: C:\Users\GLEB\AppData\Local...}, goog:chromeOptions: {debuggerAddress: localhost:54839}, javascriptEnabled: true, networkConnectionEnabled: false, pageLoadStrategy: normal, platform: WINDOWS, platformName: WINDOWS, proxy: Proxy(), setWindowRect: true, strictFileInteractability: false, timeouts: {implicit: 0, pageLoad: 300000, script: 30000}, unhandledPromptBehavior: dismiss and notify, webauthn:extension:largeBlob: true, webauthn:virtualAuthenticators: true}
Session ID: 4fe194c9dbe86acb31e3975ee2e006fc
*** Element info: {Using=xpath, value=//div//h5[text()='Widgets']}
13:55:45 ERROR - src/test/screenshots/screen-1612526145641.png
13:55:45 INFO  - Start search ->By.xpath: //span[.='Select Menu']
13:55:46 INFO  - By.xpath: //span[.='Select Menu']<- found
13:55:46 INFO  - Start search ->By.id: selectOne
13:55:46 INFO  - By.id: selectOne<- found
13:55:46 INFO  - Start search ->By.xpath: //*[text()='Mr.']
13:55:46 INFO  - By.xpath: //*[text()='Mr.']<- found
13:55:49 INFO  - End of test -> testSelectOne
************************************
13:55:49 INFO  - Start test - >testSelectValue
13:55:49 INFO  - Start search ->By.xpath: //div//h5[text()='Widgets']
13:55:59 ERROR - org.openqa.selenium.NoSuchElementException: no such element: Unable to locate element: {"method":"xpath","selector":"//div//h5[text()='Widgets']"}
  (Session info: chrome=88.0.4324.146)
For documentation on this error, please visit: https://www.seleniumhq.org/exceptions/no_such_element.html
Build info: version: '3.141.59', revision: 'e82be7d358', time: '2018-11-14T08:17:03'
System info: host: 'DESKTOP-I31H4EG', ip: '10.0.0.3', os.name: 'Windows 10', os.arch: 'amd64', os.version: '10.0', java.version: '11.0.9.1'
Driver info: org.openqa.selenium.chrome.ChromeDriver
Capabilities {acceptInsecureCerts: false, browserName: chrome, browserVersion: 88.0.4324.146, chrome: {chromedriverVersion: 88.0.4324.96 (68dba2d8a0b14..., userDataDir: C:\Users\GLEB\AppData\Local...}, goog:chromeOptions: {debuggerAddress: localhost:54839}, javascriptEnabled: true, networkConnectionEnabled: false, pageLoadStrategy: normal, platform: WINDOWS, platformName: WINDOWS, proxy: Proxy(), setWindowRect: true, strictFileInteractability: false, timeouts: {implicit: 0, pageLoad: 300000, script: 30000}, unhandledPromptBehavior: dismiss and notify, webauthn:extension:largeBlob: true, webauthn:virtualAuthenticators: true}
Session ID: 4fe194c9dbe86acb31e3975ee2e006fc
*** Element info: {Using=xpath, value=//div//h5[text()='Widgets']}
13:55:59 ERROR - src/test/screenshots/screen-1612526159232.png
13:55:59 INFO  - Start search ->By.xpath: //span[.='Select Menu']
13:55:59 INFO  - By.xpath: //span[.='Select Menu']<- found
13:55:59 INFO  - Start search ->By.id: withOptGroup
13:55:59 INFO  - By.id: withOptGroup<- found
13:55:59 INFO  - Start search ->By.xpath: //*[text()='A root option']
13:55:59 INFO  - By.xpath: //*[text()='A root option']<- found
13:56:02 INFO  - End of test -> testSelectValue
************************************
13:56:02 INFO  - Start test - >testStandartMultiSelect
13:56:02 INFO  - Start search ->By.xpath: //div//h5[text()='Widgets']
13:56:12 ERROR - org.openqa.selenium.NoSuchElementException: no such element: Unable to locate element: {"method":"xpath","selector":"//div//h5[text()='Widgets']"}
  (Session info: chrome=88.0.4324.146)
For documentation on this error, please visit: https://www.seleniumhq.org/exceptions/no_such_element.html
Build info: version: '3.141.59', revision: 'e82be7d358', time: '2018-11-14T08:17:03'
System info: host: 'DESKTOP-I31H4EG', ip: '10.0.0.3', os.name: 'Windows 10', os.arch: 'amd64', os.version: '10.0', java.version: '11.0.9.1'
Driver info: org.openqa.selenium.chrome.ChromeDriver
Capabilities {acceptInsecureCerts: false, browserName: chrome, browserVersion: 88.0.4324.146, chrome: {chromedriverVersion: 88.0.4324.96 (68dba2d8a0b14..., userDataDir: C:\Users\GLEB\AppData\Local...}, goog:chromeOptions: {debuggerAddress: localhost:54839}, javascriptEnabled: true, networkConnectionEnabled: false, pageLoadStrategy: normal, platform: WINDOWS, platformName: WINDOWS, proxy: Proxy(), setWindowRect: true, strictFileInteractability: false, timeouts: {implicit: 0, pageLoad: 300000, script: 30000}, unhandledPromptBehavior: dismiss and notify, webauthn:extension:largeBlob: true, webauthn:virtualAuthenticators: true}
Session ID: 4fe194c9dbe86acb31e3975ee2e006fc
*** Element info: {Using=xpath, value=//div//h5[text()='Widgets']}
13:56:13 ERROR - src/test/screenshots/screen-1612526172776.png
13:56:13 INFO  - Start search ->By.xpath: //span[.='Select Menu']
13:56:13 INFO  - By.xpath: //span[.='Select Menu']<- found
13:56:13 INFO  - Start search ->By.id: cars
13:56:13 INFO  - By.id: cars<- found
13:56:13 INFO  - Start search ->By.tagName: option
13:56:13 INFO  - By.tagName: option<- found
13:56:13 INFO  - Start search ->By.tagName: option
13:56:13 INFO  - By.tagName: option<- found
13:56:13 INFO  - Start search ->By.tagName: option
13:56:13 INFO  - By.tagName: option<- found
13:56:16 INFO  - End of test -> testStandartMultiSelect
************************************
13:56:20 INFO  - Start test - >studentRegFormTest
13:56:20 INFO  - Start search ->By.xpath: //div[@class='category-cards']/div[2]
13:56:20 INFO  - By.xpath: //div[@class='category-cards']/div[2]<- found
13:56:20 INFO  - Start search ->By.xpath: //span[.='Practice Form']
13:56:20 INFO  - By.xpath: //span[.='Practice Form']<- found
13:56:20 INFO  - Start search ->By.id: firstName
13:56:20 INFO  - By.id: firstName<- found
13:56:20 INFO  - Start search ->By.id: firstName
13:56:20 INFO  - By.id: firstName<- found
13:56:20 INFO  - Start search ->By.id: firstName
13:56:20 INFO  - By.id: firstName<- found
13:56:20 INFO  - Start search ->By.id: lastName
13:56:20 INFO  - By.id: lastName<- found
13:56:20 INFO  - Start search ->By.id: lastName
13:56:20 INFO  - By.id: lastName<- found
13:56:20 INFO  - Start search ->By.id: lastName
13:56:20 INFO  - By.id: lastName<- found
13:56:20 INFO  - Start search ->By.id: userEmail
13:56:20 INFO  - By.id: userEmail<- found
13:56:20 INFO  - Start search ->By.id: userEmail
13:56:20 INFO  - By.id: userEmail<- found
13:56:20 INFO  - Start search ->By.id: userEmail
13:56:21 INFO  - By.id: userEmail<- found
13:56:21 INFO  - Start search ->By.xpath: //label[@for='gender-radio-1']
13:56:21 INFO  - By.xpath: //label[@for='gender-radio-1']<- found
13:56:21 INFO  - Start search ->By.id: userNumber
13:56:21 INFO  - By.id: userNumber<- found
13:56:21 INFO  - Start search ->By.id: userNumber
13:56:21 INFO  - By.id: userNumber<- found
13:56:21 INFO  - Start search ->By.id: userNumber
13:56:21 INFO  - By.id: userNumber<- found
13:56:21 INFO  - Start search ->By.id: dateOfBirthInput
13:56:21 INFO  - By.id: dateOfBirthInput<- found
13:56:21 INFO  - Start search ->By.cssSelector: .react-datepicker__month-select
13:56:21 INFO  - By.cssSelector: .react-datepicker__month-select<- found
13:56:21 INFO  - Start search ->By.xpath: .//option[normalize-space(.) = "May"]
13:56:21 INFO  - By.xpath: .//option[normalize-space(.) = "May"]<- found
13:56:21 INFO  - Start search ->By.cssSelector: .react-datepicker__year-select
13:56:22 INFO  - By.cssSelector: .react-datepicker__year-select<- found
13:56:22 INFO  - Start search ->By.xpath: .//option[normalize-space(.) = "1990"]
13:56:22 INFO  - By.xpath: .//option[normalize-space(.) = "1990"]<- found
13:56:22 INFO  - Start search ->By.xpath: //div[.='27']
13:56:22 INFO  - By.xpath: //div[.='27']<- found
13:56:22 INFO  - Start search ->By.xpath: //input[@id='subjectsInput']
13:56:22 INFO  - By.xpath: //input[@id='subjectsInput']<- found
13:56:22 INFO  - Start search ->By.xpath: //input[@id='subjectsInput']
13:56:22 INFO  - By.xpath: //input[@id='subjectsInput']<- found
13:56:22 INFO  - Start search ->By.xpath: //input[@id='subjectsInput']
13:56:22 INFO  - By.xpath: //input[@id='subjectsInput']<- found
13:56:22 INFO  - Start search ->By.xpath: //input[@id='subjectsInput']
13:56:22 INFO  - By.xpath: //input[@id='subjectsInput']<- found
13:56:24 INFO  - Start search ->By.cssSelector: label[for='hobbies-checkbox-2']
13:56:24 INFO  - By.cssSelector: label[for='hobbies-checkbox-2']<- found
13:56:24 INFO  - Start search ->By.id: currentAddress
13:56:24 INFO  - By.id: currentAddress<- found
13:56:24 INFO  - Start search ->By.id: react-select-3-input
13:56:24 INFO  - By.id: react-select-3-input<- found
13:56:25 ERROR - org.openqa.selenium.ElementClickInterceptedException: element click intercepted: Element <input autocapitalize="none" autocomplete="off" autocorrect="off" id="react-select-3-input" spellcheck="false" tabindex="0" type="text" aria-autocomplete="list" value="" style="box-sizing: content-box; width: 2px; background: 0px center; border: 0px; font-size: inherit; opacity: 1; outline: 0px; padding: 0px; color: inherit;"> is not clickable at point (745, 574). Other element would receive the click: <div class=" css-1wa3eu0-placeholder">...</div>
  (Session info: chrome=88.0.4324.146)
Build info: version: '3.141.59', revision: 'e82be7d358', time: '2018-11-14T08:17:03'
System info: host: 'DESKTOP-I31H4EG', ip: '10.0.0.3', os.name: 'Windows 10', os.arch: 'amd64', os.version: '10.0', java.version: '11.0.9.1'
Driver info: org.openqa.selenium.chrome.ChromeDriver
Capabilities {acceptInsecureCerts: false, browserName: chrome, browserVersion: 88.0.4324.146, chrome: {chromedriverVersion: 88.0.4324.96 (68dba2d8a0b14..., userDataDir: C:\Users\GLEB\AppData\Local...}, goog:chromeOptions: {debuggerAddress: localhost:54877}, javascriptEnabled: true, networkConnectionEnabled: false, pageLoadStrategy: normal, platform: WINDOWS, platformName: WINDOWS, proxy: Proxy(), setWindowRect: true, strictFileInteractability: false, timeouts: {implicit: 0, pageLoad: 300000, script: 30000}, unhandledPromptBehavior: dismiss and notify, webauthn:extension:largeBlob: true, webauthn:virtualAuthenticators: true}
Session ID: 8089cc1b41cc99bf369cae44cc76d71e
13:56:25 ERROR - src/test/screenshots/screen-1612526185616.png
13:56:25 INFO  - Start search ->By.id: react-select-3-input
13:56:25 INFO  - By.id: react-select-3-input<- found
13:56:25 INFO  - Start search ->By.id: react-select-3-input
13:56:25 INFO  - By.id: react-select-3-input<- found
13:56:26 INFO  - Start search ->By.id: react-select-3-input
13:56:26 INFO  - By.id: react-select-3-input<- found
13:56:28 INFO  - Start search ->By.id: react-select-4-input
13:56:28 INFO  - By.id: react-select-4-input<- found
13:56:29 ERROR - org.openqa.selenium.ElementClickInterceptedException: element click intercepted: Element <input autocapitalize="none" autocomplete="off" autocorrect="off" id="react-select-4-input" spellcheck="false" tabindex="0" type="text" aria-autocomplete="list" value="" style="box-sizing: content-box; width: 2px; background: 0px center; border: 0px; font-size: inherit; opacity: 1; outline: 0px; padding: 0px; color: inherit;"> is not clickable at point (1056, 574). Other element would receive the click: <div class=" css-1wa3eu0-placeholder">...</div>
  (Session info: chrome=88.0.4324.146)
Build info: version: '3.141.59', revision: 'e82be7d358', time: '2018-11-14T08:17:03'
System info: host: 'DESKTOP-I31H4EG', ip: '10.0.0.3', os.name: 'Windows 10', os.arch: 'amd64', os.version: '10.0', java.version: '11.0.9.1'
Driver info: org.openqa.selenium.chrome.ChromeDriver
Capabilities {acceptInsecureCerts: false, browserName: chrome, browserVersion: 88.0.4324.146, chrome: {chromedriverVersion: 88.0.4324.96 (68dba2d8a0b14..., userDataDir: C:\Users\GLEB\AppData\Local...}, goog:chromeOptions: {debuggerAddress: localhost:54877}, javascriptEnabled: true, networkConnectionEnabled: false, pageLoadStrategy: normal, platform: WINDOWS, platformName: WINDOWS, proxy: Proxy(), setWindowRect: true, strictFileInteractability: false, timeouts: {implicit: 0, pageLoad: 300000, script: 30000}, unhandledPromptBehavior: dismiss and notify, webauthn:extension:largeBlob: true, webauthn:virtualAuthenticators: true}
Session ID: 8089cc1b41cc99bf369cae44cc76d71e
13:56:29 ERROR - src/test/screenshots/screen-1612526189218.png
13:56:29 INFO  - Start search ->By.id: react-select-4-input
13:56:29 INFO  - By.id: react-select-4-input<- found
13:56:29 INFO  - Start search ->By.id: react-select-4-input
13:56:29 INFO  - By.id: react-select-4-input<- found
13:56:29 INFO  - Start search ->By.id: react-select-4-input
13:56:29 INFO  - By.id: react-select-4-input<- found
13:56:37 INFO  - Start search ->By.id: submit
13:56:37 INFO  - By.id: submit<- found
13:56:37 INFO  - End of test -> studentRegFormTest
************************************
13:56:41 INFO  - Start test - >testWindowsNewTab
13:56:41 INFO  - Start search ->By.xpath: //div//h5[.='Alerts, Frame & Windows']
13:56:41 INFO  - By.xpath: //div//h5[.='Alerts, Frame & Windows']<- found
13:56:43 INFO  - Start search ->By.xpath: //span[.='Browser Windows']
13:56:43 INFO  - By.xpath: //span[.='Browser Windows']<- found
13:56:43 INFO  - Start search ->By.id: tabButton
13:56:43 INFO  - By.id: tabButton<- found
13:56:45 INFO  - Start search ->By.id: sampleHeading
13:56:45 INFO  - By.id: sampleHeading<- found
13:56:47 INFO  - End of test -> testWindowsNewTab
************************************
13:56:47 INFO  - Start test - >testWindowsNewWidow
13:56:47 INFO  - Start search ->By.xpath: //div//h5[.='Alerts, Frame & Windows']
13:56:58 ERROR - org.openqa.selenium.NoSuchElementException: no such element: Unable to locate element: {"method":"xpath","selector":"//div//h5[.='Alerts, Frame & Windows']"}
  (Session info: chrome=88.0.4324.146)
For documentation on this error, please visit: https://www.seleniumhq.org/exceptions/no_such_element.html
Build info: version: '3.141.59', revision: 'e82be7d358', time: '2018-11-14T08:17:03'
System info: host: 'DESKTOP-I31H4EG', ip: '10.0.0.3', os.name: 'Windows 10', os.arch: 'amd64', os.version: '10.0', java.version: '11.0.9.1'
Driver info: org.openqa.selenium.chrome.ChromeDriver
Capabilities {acceptInsecureCerts: false, browserName: chrome, browserVersion: 88.0.4324.146, chrome: {chromedriverVersion: 88.0.4324.96 (68dba2d8a0b14..., userDataDir: C:\Users\GLEB\AppData\Local...}, goog:chromeOptions: {debuggerAddress: localhost:54902}, javascriptEnabled: true, networkConnectionEnabled: false, pageLoadStrategy: normal, platform: WINDOWS, platformName: WINDOWS, proxy: Proxy(), setWindowRect: true, strictFileInteractability: false, timeouts: {implicit: 0, pageLoad: 300000, script: 30000}, unhandledPromptBehavior: dismiss and notify, webauthn:extension:largeBlob: true, webauthn:virtualAuthenticators: true}
Session ID: 4bbbb1cabfce664c2ee7e7685fe7e44b
*** Element info: {Using=xpath, value=//div//h5[.='Alerts, Frame & Windows']}
13:56:58 ERROR - src/test/screenshots/screen-1612526218040.png
13:56:58 INFO  - End of test -> testWindowsNewWidow
************************************
13:56:58 INFO  - End of test -> alertTest
************************************
