05:57:55 INFO  - Start test - >alertTest
05:57:55 INFO  - Start search ->By.xpath: //div//h5[.='Alerts, Frame & Windows']
05:57:56 INFO  - By.xpath: //div//h5[.='Alerts, Frame & Windows']<- found
05:57:56 INFO  - Start search ->By.xpath: //span[.='Browser Windows']
05:57:56 INFO  - By.xpath: //span[.='Browser Windows']<- found
05:57:56 INFO  - Start search ->By.xpath: //div//h5[.='Alerts, Frame & Windows']
05:58:06 ERROR - org.openqa.selenium.NoSuchElementException: no such element: Unable to locate element: {"method":"xpath","selector":"//div//h5[.='Alerts, Frame & Windows']"}
  (Session info: chrome=88.0.4324.104)
For documentation on this error, please visit: https://www.seleniumhq.org/exceptions/no_such_element.html
Build info: version: '3.141.59', revision: 'e82be7d358', time: '2018-11-14T08:17:03'
System info: host: 'DESKTOP-I31H4EG', ip: '10.0.0.3', os.name: 'Windows 10', os.arch: 'amd64', os.version: '10.0', java.version: '1.8.0_271'
Driver info: org.openqa.selenium.chrome.ChromeDriver
Capabilities {acceptInsecureCerts: false, browserName: chrome, browserVersion: 88.0.4324.104, chrome: {chromedriverVersion: 88.0.4324.96 (68dba2d8a0b14..., userDataDir: C:\Users\GLEB\AppData\Local...}, goog:chromeOptions: {debuggerAddress: localhost:53282}, javascriptEnabled: true, networkConnectionEnabled: false, pageLoadStrategy: normal, platform: WINDOWS, platformName: WINDOWS, proxy: Proxy(), setWindowRect: true, strictFileInteractability: false, timeouts: {implicit: 0, pageLoad: 300000, script: 30000}, unhandledPromptBehavior: dismiss and notify, webauthn:extension:largeBlob: true, webauthn:virtualAuthenticators: true}
Session ID: d663de1413d68df93f9550eb68b9eab5
*** Element info: {Using=xpath, value=//div//h5[.='Alerts, Frame & Windows']}
05:58:06 ERROR - src/test/screenshots/screen-1612238286161.png
05:58:06 INFO  - End of test -> alertTest
************************************
05:58:06 INFO  - Start test - >testWindowsNewTab
05:58:06 INFO  - Start search ->By.xpath: //div//h5[.='Alerts, Frame & Windows']
05:58:16 ERROR - org.openqa.selenium.NoSuchElementException: no such element: Unable to locate element: {"method":"xpath","selector":"//div//h5[.='Alerts, Frame & Windows']"}
  (Session info: chrome=88.0.4324.104)
For documentation on this error, please visit: https://www.seleniumhq.org/exceptions/no_such_element.html
Build info: version: '3.141.59', revision: 'e82be7d358', time: '2018-11-14T08:17:03'
System info: host: 'DESKTOP-I31H4EG', ip: '10.0.0.3', os.name: 'Windows 10', os.arch: 'amd64', os.version: '10.0', java.version: '1.8.0_271'
Driver info: org.openqa.selenium.chrome.ChromeDriver
Capabilities {acceptInsecureCerts: false, browserName: chrome, browserVersion: 88.0.4324.104, chrome: {chromedriverVersion: 88.0.4324.96 (68dba2d8a0b14..., userDataDir: C:\Users\GLEB\AppData\Local...}, goog:chromeOptions: {debuggerAddress: localhost:53282}, javascriptEnabled: true, networkConnectionEnabled: false, pageLoadStrategy: normal, platform: WINDOWS, platformName: WINDOWS, proxy: Proxy(), setWindowRect: true, strictFileInteractability: false, timeouts: {implicit: 0, pageLoad: 300000, script: 30000}, unhandledPromptBehavior: dismiss and notify, webauthn:extension:largeBlob: true, webauthn:virtualAuthenticators: true}
Session ID: d663de1413d68df93f9550eb68b9eab5
*** Element info: {Using=xpath, value=//div//h5[.='Alerts, Frame & Windows']}
05:58:16 ERROR - src/test/screenshots/screen-1612238296554.png
05:58:16 INFO  - End of test -> testWindowsNewTab
************************************
05:58:16 INFO  - End of test -> testWindowsNewWidow
************************************
05:58:20 INFO  - Start test - >testForDataProvider
05:58:20 INFO  - End of test -> testForDataProvider
************************************
05:58:20 INFO  - Start test - >testForDataProviderFromFile
05:58:20 INFO  - End of test -> testForDataProviderFromFile
************************************
05:58:20 INFO  - Start test - >testForListener
05:58:20 INFO  - Start search ->By.className: main-header
05:58:30 ERROR - org.openqa.selenium.NoSuchElementException: no such element: Unable to locate element: {"method":"css selector","selector":".main\-header"}
  (Session info: chrome=88.0.4324.104)
For documentation on this error, please visit: https://www.seleniumhq.org/exceptions/no_such_element.html
Build info: version: '3.141.59', revision: 'e82be7d358', time: '2018-11-14T08:17:03'
System info: host: 'DESKTOP-I31H4EG', ip: '10.0.0.3', os.name: 'Windows 10', os.arch: 'amd64', os.version: '10.0', java.version: '1.8.0_271'
Driver info: org.openqa.selenium.chrome.ChromeDriver
Capabilities {acceptInsecureCerts: false, browserName: chrome, browserVersion: 88.0.4324.104, chrome: {chromedriverVersion: 88.0.4324.96 (68dba2d8a0b14..., userDataDir: C:\Users\GLEB\AppData\Local...}, goog:chromeOptions: {debuggerAddress: localhost:53334}, javascriptEnabled: true, networkConnectionEnabled: false, pageLoadStrategy: normal, platform: WINDOWS, platformName: WINDOWS, proxy: Proxy(), setWindowRect: true, strictFileInteractability: false, timeouts: {implicit: 0, pageLoad: 300000, script: 30000}, unhandledPromptBehavior: dismiss and notify, webauthn:extension:largeBlob: true, webauthn:virtualAuthenticators: true}
Session ID: d866e242811941d0caa5674594222799
*** Element info: {Using=class name, value=main-header}
05:58:30 ERROR - src/test/screenshots/screen-1612238310231.png
05:58:30 INFO  - End of test -> testForListener
************************************
05:58:30 INFO  - Start test - >testForLogger
05:58:30 INFO  - Hello DEMO QA 
05:58:30 INFO  - End of test -> testForLogger
************************************
05:58:30 INFO  - Start test - >testForScreenshots
05:58:30 INFO  - End of test -> testForScreenshots
************************************
05:58:34 INFO  - Start test - >loginTest
05:58:34 INFO  - Start search ->By.xpath: //div[6]
05:58:34 INFO  - By.xpath: //div[6]<- found
05:58:36 INFO  - Start search ->By.xpath: //*[@id='login']
05:58:36 INFO  - By.xpath: //*[@id='login']<- found
05:58:36 INFO  - Start search ->By.id: userName
05:58:36 INFO  - By.id: userName<- found
05:58:36 INFO  - Start search ->By.id: userName
05:58:36 INFO  - By.id: userName<- found
05:58:36 INFO  - Start search ->By.id: userName
05:58:36 INFO  - By.id: userName<- found
05:58:36 INFO  - Start search ->By.id: password
05:58:36 INFO  - By.id: password<- found
05:58:36 INFO  - Start search ->By.id: password
05:58:36 INFO  - By.id: password<- found
05:58:36 INFO  - Start search ->By.id: password
05:58:36 INFO  - By.id: password<- found
05:58:37 INFO  - Start search ->By.xpath: //*[@id='login']
05:58:37 INFO  - By.xpath: //*[@id='login']<- found
05:58:37 INFO  - Start search ->By.id: submit
05:58:37 INFO  - By.id: submit<- found
05:58:37 INFO  - End of test -> loginTest
************************************
05:58:41 INFO  - Start test - >jceTest
05:58:41 INFO  - Start search ->By.xpath: //h5[contains(.,'Elements')]
05:58:41 INFO  - By.xpath: //h5[contains(.,'Elements')]<- found
05:58:41 INFO  - Start search ->By.xpath: //span[.='Text Box']
05:58:41 INFO  - By.xpath: //span[.='Text Box']<- found
05:58:50 INFO  - End of test -> jceTest
************************************
05:58:54 INFO  - Start test - >studentRegFormTest
05:58:54 INFO  - Start search ->By.xpath: //div[@class='category-cards']/div[2]
05:58:54 INFO  - By.xpath: //div[@class='category-cards']/div[2]<- found
05:58:54 INFO  - Start search ->By.xpath: //span[.='Practice Form']
05:58:54 INFO  - By.xpath: //span[.='Practice Form']<- found
05:58:54 INFO  - Start search ->By.id: firstName
05:58:54 INFO  - By.id: firstName<- found
05:58:54 INFO  - Start search ->By.id: firstName
05:58:54 INFO  - By.id: firstName<- found
05:58:54 INFO  - Start search ->By.id: firstName
05:58:54 INFO  - By.id: firstName<- found
05:58:54 INFO  - Start search ->By.id: lastName
05:58:54 INFO  - By.id: lastName<- found
05:58:54 INFO  - Start search ->By.id: lastName
05:58:54 INFO  - By.id: lastName<- found
05:58:54 INFO  - Start search ->By.id: lastName
05:58:54 INFO  - By.id: lastName<- found
05:58:54 INFO  - Start search ->By.id: userEmail
05:58:54 INFO  - By.id: userEmail<- found
05:58:54 INFO  - Start search ->By.id: userEmail
05:58:54 INFO  - By.id: userEmail<- found
05:58:54 INFO  - Start search ->By.id: userEmail
05:58:54 INFO  - By.id: userEmail<- found
05:58:54 INFO  - Start search ->By.xpath: //label[@for='gender-radio-1']
05:58:54 INFO  - By.xpath: //label[@for='gender-radio-1']<- found
05:58:55 INFO  - Start search ->By.id: userNumber
05:58:55 INFO  - By.id: userNumber<- found
05:58:55 INFO  - Start search ->By.id: userNumber
05:58:55 INFO  - By.id: userNumber<- found
05:58:55 INFO  - Start search ->By.id: userNumber
05:58:55 INFO  - By.id: userNumber<- found
05:58:55 INFO  - Start search ->By.id: dateOfBirthInput
05:58:55 INFO  - By.id: dateOfBirthInput<- found
05:58:55 INFO  - Start search ->By.cssSelector: .react-datepicker__month-select
05:58:55 INFO  - By.cssSelector: .react-datepicker__month-select<- found
05:58:55 INFO  - Start search ->By.xpath: .//option[normalize-space(.) = "May"]
05:58:55 INFO  - By.xpath: .//option[normalize-space(.) = "May"]<- found
05:58:55 INFO  - Start search ->By.cssSelector: .react-datepicker__year-select
05:58:55 INFO  - By.cssSelector: .react-datepicker__year-select<- found
05:58:55 INFO  - Start search ->By.xpath: .//option[normalize-space(.) = "1990"]
05:58:55 INFO  - By.xpath: .//option[normalize-space(.) = "1990"]<- found
05:58:55 INFO  - Start search ->By.xpath: //div[.='27']
05:58:55 INFO  - By.xpath: //div[.='27']<- found
05:58:56 INFO  - Start search ->By.xpath: //input[@id='subjectsInput']
05:58:56 INFO  - By.xpath: //input[@id='subjectsInput']<- found
05:58:56 INFO  - Start search ->By.xpath: //input[@id='subjectsInput']
05:58:56 INFO  - By.xpath: //input[@id='subjectsInput']<- found
05:58:56 INFO  - Start search ->By.xpath: //input[@id='subjectsInput']
05:58:56 INFO  - By.xpath: //input[@id='subjectsInput']<- found
05:58:56 INFO  - Start search ->By.xpath: //input[@id='subjectsInput']
05:58:56 INFO  - By.xpath: //input[@id='subjectsInput']<- found
05:58:58 INFO  - Start search ->By.cssSelector: label[for='hobbies-checkbox-2']
05:58:58 INFO  - By.cssSelector: label[for='hobbies-checkbox-2']<- found
05:58:58 INFO  - Start search ->By.id: currentAddress
05:58:58 INFO  - By.id: currentAddress<- found
05:58:58 INFO  - Start search ->By.id: react-select-3-input
05:58:58 INFO  - By.id: react-select-3-input<- found
05:58:59 ERROR - org.openqa.selenium.ElementClickInterceptedException: element click intercepted: Element <input autocapitalize="none" autocomplete="off" autocorrect="off" id="react-select-3-input" spellcheck="false" tabindex="0" type="text" aria-autocomplete="list" value="" style="box-sizing: content-box; width: 2px; background: 0px center; border: 0px; font-size: inherit; opacity: 1; outline: 0px; padding: 0px; color: inherit;"> is not clickable at point (745, 574). Other element would receive the click: <div class=" css-1wa3eu0-placeholder">...</div>
  (Session info: chrome=88.0.4324.104)
Build info: version: '3.141.59', revision: 'e82be7d358', time: '2018-11-14T08:17:03'
System info: host: 'DESKTOP-I31H4EG', ip: '10.0.0.3', os.name: 'Windows 10', os.arch: 'amd64', os.version: '10.0', java.version: '1.8.0_271'
Driver info: org.openqa.selenium.chrome.ChromeDriver
Capabilities {acceptInsecureCerts: false, browserName: chrome, browserVersion: 88.0.4324.104, chrome: {chromedriverVersion: 88.0.4324.96 (68dba2d8a0b14..., userDataDir: C:\Users\GLEB\AppData\Local...}, goog:chromeOptions: {debuggerAddress: localhost:53436}, javascriptEnabled: true, networkConnectionEnabled: false, pageLoadStrategy: normal, platform: WINDOWS, platformName: WINDOWS, proxy: Proxy(), setWindowRect: true, strictFileInteractability: false, timeouts: {implicit: 0, pageLoad: 300000, script: 30000}, unhandledPromptBehavior: dismiss and notify, webauthn:extension:largeBlob: true, webauthn:virtualAuthenticators: true}
Session ID: c29595d14ff15a0c11bfe3d6ad512587
05:58:59 ERROR - src/test/screenshots/screen-1612238339537.png
05:58:59 INFO  - Start search ->By.id: react-select-3-input
05:58:59 INFO  - By.id: react-select-3-input<- found
05:58:59 INFO  - Start search ->By.id: react-select-3-input
05:58:59 INFO  - By.id: react-select-3-input<- found
05:58:59 INFO  - Start search ->By.id: react-select-3-input
05:58:59 INFO  - By.id: react-select-3-input<- found
05:59:02 INFO  - Start search ->By.id: react-select-4-input
05:59:02 INFO  - By.id: react-select-4-input<- found
05:59:03 ERROR - org.openqa.selenium.ElementClickInterceptedException: element click intercepted: Element <input autocapitalize="none" autocomplete="off" autocorrect="off" id="react-select-4-input" spellcheck="false" tabindex="0" type="text" aria-autocomplete="list" value="" style="box-sizing: content-box; width: 2px; background: 0px center; border: 0px; font-size: inherit; opacity: 1; outline: 0px; padding: 0px; color: inherit;"> is not clickable at point (1056, 574). Other element would receive the click: <div class=" css-1wa3eu0-placeholder">...</div>
  (Session info: chrome=88.0.4324.104)
Build info: version: '3.141.59', revision: 'e82be7d358', time: '2018-11-14T08:17:03'
System info: host: 'DESKTOP-I31H4EG', ip: '10.0.0.3', os.name: 'Windows 10', os.arch: 'amd64', os.version: '10.0', java.version: '1.8.0_271'
Driver info: org.openqa.selenium.chrome.ChromeDriver
Capabilities {acceptInsecureCerts: false, browserName: chrome, browserVersion: 88.0.4324.104, chrome: {chromedriverVersion: 88.0.4324.96 (68dba2d8a0b14..., userDataDir: C:\Users\GLEB\AppData\Local...}, goog:chromeOptions: {debuggerAddress: localhost:53436}, javascriptEnabled: true, networkConnectionEnabled: false, pageLoadStrategy: normal, platform: WINDOWS, platformName: WINDOWS, proxy: Proxy(), setWindowRect: true, strictFileInteractability: false, timeouts: {implicit: 0, pageLoad: 300000, script: 30000}, unhandledPromptBehavior: dismiss and notify, webauthn:extension:largeBlob: true, webauthn:virtualAuthenticators: true}
Session ID: c29595d14ff15a0c11bfe3d6ad512587
05:59:03 ERROR - src/test/screenshots/screen-1612238343108.png
05:59:03 INFO  - Start search ->By.id: react-select-4-input
05:59:03 INFO  - By.id: react-select-4-input<- found
05:59:03 INFO  - Start search ->By.id: react-select-4-input
05:59:03 INFO  - By.id: react-select-4-input<- found
05:59:03 INFO  - Start search ->By.id: react-select-4-input
05:59:03 INFO  - By.id: react-select-4-input<- found
05:59:11 INFO  - Start search ->By.id: submit
05:59:11 INFO  - By.id: submit<- found
05:59:11 INFO  - End of test -> studentRegFormTest
************************************
