07:07:53 INFO  - Start test - >jceTest
07:07:53 INFO  - Start search ->By.xpath: //h5[contains(.,'Elements')]
07:07:53 INFO  - By.xpath: //h5[contains(.,'Elements')]<- found
07:07:54 INFO  - Start search ->By.xpath: //span[.='Text Box']
07:07:54 INFO  - By.xpath: //span[.='Text Box']<- found
07:08:03 INFO  - End of test -> jceTest
************************************
07:08:07 INFO  - Start test - >studentRegFormTest
07:08:07 INFO  - Start search ->By.xpath: //div[@class='category-cards']/div[2]
07:08:07 INFO  - By.xpath: //div[@class='category-cards']/div[2]<- found
07:08:07 INFO  - Start search ->By.xpath: //span[.='Practice Form']
07:08:07 INFO  - By.xpath: //span[.='Practice Form']<- found
07:08:07 INFO  - Start search ->By.id: firstName
07:08:07 INFO  - By.id: firstName<- found
07:08:07 INFO  - Start search ->By.id: firstName
07:08:07 INFO  - By.id: firstName<- found
07:08:07 INFO  - Start search ->By.id: firstName
07:08:07 INFO  - By.id: firstName<- found
07:08:07 INFO  - Start search ->By.id: lastName
07:08:08 INFO  - By.id: lastName<- found
07:08:08 INFO  - Start search ->By.id: lastName
07:08:08 INFO  - By.id: lastName<- found
07:08:08 INFO  - Start search ->By.id: lastName
07:08:08 INFO  - By.id: lastName<- found
07:08:08 INFO  - Start search ->By.id: userEmail
07:08:08 INFO  - By.id: userEmail<- found
07:08:08 INFO  - Start search ->By.id: userEmail
07:08:08 INFO  - By.id: userEmail<- found
07:08:08 INFO  - Start search ->By.id: userEmail
07:08:08 INFO  - By.id: userEmail<- found
07:08:08 INFO  - Start search ->By.xpath: //label[@for='gender-radio-1']
07:08:08 INFO  - By.xpath: //label[@for='gender-radio-1']<- found
07:08:08 INFO  - Start search ->By.id: userNumber
07:08:08 INFO  - By.id: userNumber<- found
07:08:08 INFO  - Start search ->By.id: userNumber
07:08:08 INFO  - By.id: userNumber<- found
07:08:08 INFO  - Start search ->By.id: userNumber
07:08:08 INFO  - By.id: userNumber<- found
07:08:08 INFO  - Start search ->By.id: dateOfBirthInput
07:08:08 INFO  - By.id: dateOfBirthInput<- found
07:08:09 INFO  - Start search ->By.cssSelector: .react-datepicker__month-select
07:08:09 INFO  - By.cssSelector: .react-datepicker__month-select<- found
07:08:09 INFO  - Start search ->By.xpath: .//option[normalize-space(.) = "May"]
07:08:09 INFO  - By.xpath: .//option[normalize-space(.) = "May"]<- found
07:08:09 INFO  - Start search ->By.cssSelector: .react-datepicker__year-select
07:08:09 INFO  - By.cssSelector: .react-datepicker__year-select<- found
07:08:09 INFO  - Start search ->By.xpath: .//option[normalize-space(.) = "1990"]
07:08:09 INFO  - By.xpath: .//option[normalize-space(.) = "1990"]<- found
07:08:09 INFO  - Start search ->By.xpath: //div[.='27']
07:08:09 INFO  - By.xpath: //div[.='27']<- found
07:08:09 INFO  - Start search ->By.xpath: //input[@id='subjectsInput']
07:08:09 INFO  - By.xpath: //input[@id='subjectsInput']<- found
07:08:09 INFO  - Start search ->By.xpath: //input[@id='subjectsInput']
07:08:09 INFO  - By.xpath: //input[@id='subjectsInput']<- found
07:08:09 INFO  - Start search ->By.xpath: //input[@id='subjectsInput']
07:08:09 INFO  - By.xpath: //input[@id='subjectsInput']<- found
07:08:09 INFO  - Start search ->By.xpath: //input[@id='subjectsInput']
07:08:09 INFO  - By.xpath: //input[@id='subjectsInput']<- found
07:08:11 INFO  - Start search ->By.cssSelector: label[for='hobbies-checkbox-2']
07:08:11 INFO  - By.cssSelector: label[for='hobbies-checkbox-2']<- found
07:08:11 INFO  - Start search ->By.id: currentAddress
07:08:11 INFO  - By.id: currentAddress<- found
07:08:11 INFO  - Start search ->By.id: react-select-3-input
07:08:11 INFO  - By.id: react-select-3-input<- found
07:08:12 ERROR - org.openqa.selenium.ElementClickInterceptedException: element click intercepted: Element <input autocapitalize="none" autocomplete="off" autocorrect="off" id="react-select-3-input" spellcheck="false" tabindex="0" type="text" aria-autocomplete="list" value="" style="box-sizing: content-box; width: 2px; background: 0px center; border: 0px; font-size: inherit; opacity: 1; outline: 0px; padding: 0px; color: inherit;"> is not clickable at point (745, 574). Other element would receive the click: <div class=" css-1wa3eu0-placeholder">...</div>
  (Session info: chrome=88.0.4324.104)
Build info: version: '3.141.59', revision: 'e82be7d358', time: '2018-11-14T08:17:03'
System info: host: 'DESKTOP-I31H4EG', ip: '10.0.0.3', os.name: 'Windows 10', os.arch: 'amd64', os.version: '10.0', java.version: '1.8.0_271'
Driver info: org.openqa.selenium.chrome.ChromeDriver
Capabilities {acceptInsecureCerts: false, browserName: chrome, browserVersion: 88.0.4324.104, chrome: {chromedriverVersion: 88.0.4324.96 (68dba2d8a0b14..., userDataDir: C:\Users\GLEB\AppData\Local...}, goog:chromeOptions: {debuggerAddress: localhost:59364}, javascriptEnabled: true, networkConnectionEnabled: false, pageLoadStrategy: normal, platform: WINDOWS, platformName: WINDOWS, proxy: Proxy(), setWindowRect: true, strictFileInteractability: false, timeouts: {implicit: 0, pageLoad: 300000, script: 30000}, unhandledPromptBehavior: dismiss and notify, webauthn:extension:largeBlob: true, webauthn:virtualAuthenticators: true}
Session ID: 0ab4458c32bd8b887ee90acbf965b0dd
07:08:13 ERROR - src/test/screenshots/screen-1612242492955.png
07:08:13 INFO  - Start search ->By.id: react-select-3-input
07:08:13 INFO  - By.id: react-select-3-input<- found
07:08:13 INFO  - Start search ->By.id: react-select-3-input
07:08:13 INFO  - By.id: react-select-3-input<- found
07:08:13 INFO  - Start search ->By.id: react-select-3-input
07:08:13 INFO  - By.id: react-select-3-input<- found
07:08:15 INFO  - Start search ->By.id: react-select-4-input
07:08:15 INFO  - By.id: react-select-4-input<- found
07:08:16 ERROR - org.openqa.selenium.ElementClickInterceptedException: element click intercepted: Element <input autocapitalize="none" autocomplete="off" autocorrect="off" id="react-select-4-input" spellcheck="false" tabindex="0" type="text" aria-autocomplete="list" value="" style="box-sizing: content-box; width: 2px; background: 0px center; border: 0px; font-size: inherit; opacity: 1; outline: 0px; padding: 0px; color: inherit;"> is not clickable at point (1056, 574). Other element would receive the click: <div class=" css-1wa3eu0-placeholder">...</div>
  (Session info: chrome=88.0.4324.104)
Build info: version: '3.141.59', revision: 'e82be7d358', time: '2018-11-14T08:17:03'
System info: host: 'DESKTOP-I31H4EG', ip: '10.0.0.3', os.name: 'Windows 10', os.arch: 'amd64', os.version: '10.0', java.version: '1.8.0_271'
Driver info: org.openqa.selenium.chrome.ChromeDriver
Capabilities {acceptInsecureCerts: false, browserName: chrome, browserVersion: 88.0.4324.104, chrome: {chromedriverVersion: 88.0.4324.96 (68dba2d8a0b14..., userDataDir: C:\Users\GLEB\AppData\Local...}, goog:chromeOptions: {debuggerAddress: localhost:59364}, javascriptEnabled: true, networkConnectionEnabled: false, pageLoadStrategy: normal, platform: WINDOWS, platformName: WINDOWS, proxy: Proxy(), setWindowRect: true, strictFileInteractability: false, timeouts: {implicit: 0, pageLoad: 300000, script: 30000}, unhandledPromptBehavior: dismiss and notify, webauthn:extension:largeBlob: true, webauthn:virtualAuthenticators: true}
Session ID: 0ab4458c32bd8b887ee90acbf965b0dd
07:08:16 ERROR - src/test/screenshots/screen-1612242496549.png
07:08:16 INFO  - Start search ->By.id: react-select-4-input
07:08:16 INFO  - By.id: react-select-4-input<- found
07:08:16 INFO  - Start search ->By.id: react-select-4-input
07:08:16 INFO  - By.id: react-select-4-input<- found
07:08:16 INFO  - Start search ->By.id: react-select-4-input
07:08:16 INFO  - By.id: react-select-4-input<- found
07:08:25 INFO  - Start search ->By.id: submit
07:08:25 INFO  - By.id: submit<- found
07:08:25 INFO  - End of test -> studentRegFormTest
************************************
07:08:29 INFO  - Start test - >alertTest
07:08:29 INFO  - Start search ->By.xpath: //div//h5[.='Alerts, Frame & Windows']
07:08:29 INFO  - By.xpath: //div//h5[.='Alerts, Frame & Windows']<- found
07:08:31 INFO  - Start search ->By.xpath: //span[.='Browser Windows']
07:08:31 INFO  - By.xpath: //span[.='Browser Windows']<- found
07:08:31 INFO  - Start search ->By.xpath:  //span[normalize-space()='Alerts']
07:08:31 INFO  - By.xpath:  //span[normalize-space()='Alerts']<- found
07:08:33 INFO  - Start search ->By.id: alertButton
07:08:33 INFO  - By.id: alertButton<- found
07:08:33 INFO  - Start search ->By.id: timerAlertButton
07:08:33 INFO  - By.id: timerAlertButton<- found
07:08:38 INFO  - Start search ->By.id: confirmButton
07:08:38 INFO  - By.id: confirmButton<- found
07:08:38 INFO  - Start search ->By.xpath: //span[@id='confirmResult'][contains(.,'Cancel')]
07:08:38 INFO  - By.xpath: //span[@id='confirmResult'][contains(.,'Cancel')]<- found
07:08:38 INFO  - Start search ->By.id: promtButton
07:08:38 INFO  - By.id: promtButton<- found
07:08:38 INFO  - Start search ->By.xpath: //span[@id='promptResult'][contains(.,'Abb cc gY')]
07:08:38 INFO  - By.xpath: //span[@id='promptResult'][contains(.,'Abb cc gY')]<- found
07:08:38 INFO  - End of test -> alertTest
************************************
07:08:38 INFO  - Start test - >testWindowsNewTab
07:08:38 INFO  - Start search ->By.xpath: //div//h5[.='Alerts, Frame & Windows']
07:08:48 ERROR - org.openqa.selenium.NoSuchElementException: no such element: Unable to locate element: {"method":"xpath","selector":"//div//h5[.='Alerts, Frame & Windows']"}
  (Session info: chrome=88.0.4324.104)
For documentation on this error, please visit: https://www.seleniumhq.org/exceptions/no_such_element.html
Build info: version: '3.141.59', revision: 'e82be7d358', time: '2018-11-14T08:17:03'
System info: host: 'DESKTOP-I31H4EG', ip: '10.0.0.3', os.name: 'Windows 10', os.arch: 'amd64', os.version: '10.0', java.version: '1.8.0_271'
Driver info: org.openqa.selenium.chrome.ChromeDriver
Capabilities {acceptInsecureCerts: false, browserName: chrome, browserVersion: 88.0.4324.104, chrome: {chromedriverVersion: 88.0.4324.96 (68dba2d8a0b14..., userDataDir: C:\Users\GLEB\AppData\Local...}, goog:chromeOptions: {debuggerAddress: localhost:59408}, javascriptEnabled: true, networkConnectionEnabled: false, pageLoadStrategy: normal, platform: WINDOWS, platformName: WINDOWS, proxy: Proxy(), setWindowRect: true, strictFileInteractability: false, timeouts: {implicit: 0, pageLoad: 300000, script: 30000}, unhandledPromptBehavior: dismiss and notify, webauthn:extension:largeBlob: true, webauthn:virtualAuthenticators: true}
Session ID: dbfae5b13f6736f691d0e017a8be28e3
*** Element info: {Using=xpath, value=//div//h5[.='Alerts, Frame & Windows']}
07:08:49 ERROR - src/test/screenshots/screen-1612242528834.png
07:08:49 INFO  - End of test -> testWindowsNewTab
************************************
07:08:49 INFO  - End of test -> testWindowsNewWidow
************************************
07:08:52 INFO  - Start test - >loginTest
07:08:52 INFO  - Start search ->By.xpath: //div[6]
07:08:52 INFO  - By.xpath: //div[6]<- found
07:08:54 INFO  - Start search ->By.xpath: //*[@id='login']
07:08:54 INFO  - By.xpath: //*[@id='login']<- found
07:08:54 INFO  - Start search ->By.id: userName
07:08:54 INFO  - By.id: userName<- found
07:08:54 INFO  - Start search ->By.id: userName
07:08:54 INFO  - By.id: userName<- found
07:08:54 INFO  - Start search ->By.id: userName
07:08:54 INFO  - By.id: userName<- found
07:08:54 INFO  - Start search ->By.id: password
07:08:54 INFO  - By.id: password<- found
07:08:54 INFO  - Start search ->By.id: password
07:08:54 INFO  - By.id: password<- found
07:08:54 INFO  - Start search ->By.id: password
07:08:54 INFO  - By.id: password<- found
07:08:54 INFO  - Start search ->By.xpath: //*[@id='login']
07:08:54 INFO  - By.xpath: //*[@id='login']<- found
07:08:54 INFO  - Start search ->By.id: submit
07:08:55 INFO  - By.id: submit<- found
07:08:55 INFO  - End of test -> loginTest
************************************
07:08:59 INFO  - Start test - >testMultiSelect
07:08:59 INFO  - Start search ->By.xpath: //div//h5[text()='Widgets']
07:08:59 INFO  - By.xpath: //div//h5[text()='Widgets']<- found
07:08:59 INFO  - Start search ->By.xpath: //span[.='Select Menu']
07:08:59 INFO  - By.xpath: //span[.='Select Menu']<- found
07:08:59 INFO  - Start search ->By.id: cars
07:08:59 INFO  - By.id: cars<- found
07:08:59 INFO  - Start search ->By.tagName: option
07:08:59 INFO  - By.tagName: option<- found
07:08:59 INFO  - Start search ->By.tagName: option
07:08:59 INFO  - By.tagName: option<- found
07:08:59 INFO  - Start search ->By.tagName: option
07:08:59 INFO  - By.tagName: option<- found
07:08:59 INFO  - Start search ->By.id: selectOne
07:08:59 INFO  - By.id: selectOne<- found
07:08:59 INFO  - Start search ->By.xpath: //*[text()='Mr.']
07:08:59 INFO  - By.xpath: //*[text()='Mr.']<- found
07:09:04 INFO  - End of test -> testMultiSelect
************************************
07:09:04 INFO  - Start test - >testOldStyle
07:09:04 INFO  - Start search ->By.xpath: //div//h5[text()='Widgets']
07:09:14 ERROR - org.openqa.selenium.NoSuchElementException: no such element: Unable to locate element: {"method":"xpath","selector":"//div//h5[text()='Widgets']"}
  (Session info: chrome=88.0.4324.104)
For documentation on this error, please visit: https://www.seleniumhq.org/exceptions/no_such_element.html
Build info: version: '3.141.59', revision: 'e82be7d358', time: '2018-11-14T08:17:03'
System info: host: 'DESKTOP-I31H4EG', ip: '10.0.0.3', os.name: 'Windows 10', os.arch: 'amd64', os.version: '10.0', java.version: '1.8.0_271'
Driver info: org.openqa.selenium.chrome.ChromeDriver
Capabilities {acceptInsecureCerts: false, browserName: chrome, browserVersion: 88.0.4324.104, chrome: {chromedriverVersion: 88.0.4324.96 (68dba2d8a0b14..., userDataDir: C:\Users\GLEB\AppData\Local...}, goog:chromeOptions: {debuggerAddress: localhost:59507}, javascriptEnabled: true, networkConnectionEnabled: false, pageLoadStrategy: normal, platform: WINDOWS, platformName: WINDOWS, proxy: Proxy(), setWindowRect: true, strictFileInteractability: false, timeouts: {implicit: 0, pageLoad: 300000, script: 30000}, unhandledPromptBehavior: dismiss and notify, webauthn:extension:largeBlob: true, webauthn:virtualAuthenticators: true}
Session ID: afb5a433ea53111a34f69765ba6397fb
*** Element info: {Using=xpath, value=//div//h5[text()='Widgets']}
07:09:15 ERROR - src/test/screenshots/screen-1612242554969.png
07:09:15 INFO  - Start search ->By.xpath: //span[.='Select Menu']
07:09:15 INFO  - By.xpath: //span[.='Select Menu']<- found
07:09:15 INFO  - Start search ->By.id: oldSelectMenu
07:09:15 INFO  - By.id: oldSelectMenu<- found
07:09:15 INFO  - Start search ->By.xpath: //*[text()='Voilet']
07:09:15 INFO  - By.xpath: //*[text()='Voilet']<- found
07:09:15 INFO  - End of test -> testOldStyle
************************************
07:09:15 INFO  - Start test - >testSelectOne
07:09:15 INFO  - Start search ->By.xpath: //div//h5[text()='Widgets']
07:09:25 ERROR - org.openqa.selenium.NoSuchElementException: no such element: Unable to locate element: {"method":"xpath","selector":"//div//h5[text()='Widgets']"}
  (Session info: chrome=88.0.4324.104)
For documentation on this error, please visit: https://www.seleniumhq.org/exceptions/no_such_element.html
Build info: version: '3.141.59', revision: 'e82be7d358', time: '2018-11-14T08:17:03'
System info: host: 'DESKTOP-I31H4EG', ip: '10.0.0.3', os.name: 'Windows 10', os.arch: 'amd64', os.version: '10.0', java.version: '1.8.0_271'
Driver info: org.openqa.selenium.chrome.ChromeDriver
Capabilities {acceptInsecureCerts: false, browserName: chrome, browserVersion: 88.0.4324.104, chrome: {chromedriverVersion: 88.0.4324.96 (68dba2d8a0b14..., userDataDir: C:\Users\GLEB\AppData\Local...}, goog:chromeOptions: {debuggerAddress: localhost:59507}, javascriptEnabled: true, networkConnectionEnabled: false, pageLoadStrategy: normal, platform: WINDOWS, platformName: WINDOWS, proxy: Proxy(), setWindowRect: true, strictFileInteractability: false, timeouts: {implicit: 0, pageLoad: 300000, script: 30000}, unhandledPromptBehavior: dismiss and notify, webauthn:extension:largeBlob: true, webauthn:virtualAuthenticators: true}
Session ID: afb5a433ea53111a34f69765ba6397fb
*** Element info: {Using=xpath, value=//div//h5[text()='Widgets']}
07:09:25 ERROR - src/test/screenshots/screen-1612242565555.png
07:09:25 INFO  - Start search ->By.xpath: //span[.='Select Menu']
07:09:25 INFO  - By.xpath: //span[.='Select Menu']<- found
07:09:25 INFO  - Start search ->By.id: selectOne
07:09:25 INFO  - By.id: selectOne<- found
07:09:25 INFO  - Start search ->By.xpath: //*[text()='Mr.']
07:09:26 INFO  - By.xpath: //*[text()='Mr.']<- found
07:09:29 INFO  - End of test -> testSelectOne
************************************
07:09:29 INFO  - Start test - >testSelectValue
07:09:29 INFO  - Start search ->By.xpath: //div//h5[text()='Widgets']
07:09:39 ERROR - org.openqa.selenium.NoSuchElementException: no such element: Unable to locate element: {"method":"xpath","selector":"//div//h5[text()='Widgets']"}
  (Session info: chrome=88.0.4324.104)
For documentation on this error, please visit: https://www.seleniumhq.org/exceptions/no_such_element.html
Build info: version: '3.141.59', revision: 'e82be7d358', time: '2018-11-14T08:17:03'
System info: host: 'DESKTOP-I31H4EG', ip: '10.0.0.3', os.name: 'Windows 10', os.arch: 'amd64', os.version: '10.0', java.version: '1.8.0_271'
Driver info: org.openqa.selenium.chrome.ChromeDriver
Capabilities {acceptInsecureCerts: false, browserName: chrome, browserVersion: 88.0.4324.104, chrome: {chromedriverVersion: 88.0.4324.96 (68dba2d8a0b14..., userDataDir: C:\Users\GLEB\AppData\Local...}, goog:chromeOptions: {debuggerAddress: localhost:59507}, javascriptEnabled: true, networkConnectionEnabled: false, pageLoadStrategy: normal, platform: WINDOWS, platformName: WINDOWS, proxy: Proxy(), setWindowRect: true, strictFileInteractability: false, timeouts: {implicit: 0, pageLoad: 300000, script: 30000}, unhandledPromptBehavior: dismiss and notify, webauthn:extension:largeBlob: true, webauthn:virtualAuthenticators: true}
Session ID: afb5a433ea53111a34f69765ba6397fb
*** Element info: {Using=xpath, value=//div//h5[text()='Widgets']}
07:09:39 ERROR - src/test/screenshots/screen-1612242579096.png
07:09:39 INFO  - Start search ->By.xpath: //span[.='Select Menu']
07:09:39 INFO  - By.xpath: //span[.='Select Menu']<- found
07:09:39 INFO  - Start search ->By.id: withOptGroup
07:09:39 INFO  - By.id: withOptGroup<- found
07:09:39 INFO  - Start search ->By.xpath: //*[text()='A root option']
07:09:39 INFO  - By.xpath: //*[text()='A root option']<- found
07:09:42 INFO  - End of test -> testSelectValue
************************************
07:09:42 INFO  - Start test - >testStandartMultiSelect
07:09:42 INFO  - Start search ->By.xpath: //div//h5[text()='Widgets']
07:09:52 ERROR - org.openqa.selenium.NoSuchElementException: no such element: Unable to locate element: {"method":"xpath","selector":"//div//h5[text()='Widgets']"}
  (Session info: chrome=88.0.4324.104)
For documentation on this error, please visit: https://www.seleniumhq.org/exceptions/no_such_element.html
Build info: version: '3.141.59', revision: 'e82be7d358', time: '2018-11-14T08:17:03'
System info: host: 'DESKTOP-I31H4EG', ip: '10.0.0.3', os.name: 'Windows 10', os.arch: 'amd64', os.version: '10.0', java.version: '1.8.0_271'
Driver info: org.openqa.selenium.chrome.ChromeDriver
Capabilities {acceptInsecureCerts: false, browserName: chrome, browserVersion: 88.0.4324.104, chrome: {chromedriverVersion: 88.0.4324.96 (68dba2d8a0b14..., userDataDir: C:\Users\GLEB\AppData\Local...}, goog:chromeOptions: {debuggerAddress: localhost:59507}, javascriptEnabled: true, networkConnectionEnabled: false, pageLoadStrategy: normal, platform: WINDOWS, platformName: WINDOWS, proxy: Proxy(), setWindowRect: true, strictFileInteractability: false, timeouts: {implicit: 0, pageLoad: 300000, script: 30000}, unhandledPromptBehavior: dismiss and notify, webauthn:extension:largeBlob: true, webauthn:virtualAuthenticators: true}
Session ID: afb5a433ea53111a34f69765ba6397fb
*** Element info: {Using=xpath, value=//div//h5[text()='Widgets']}
07:09:52 ERROR - src/test/screenshots/screen-1612242592630.png
07:09:52 INFO  - Start search ->By.xpath: //span[.='Select Menu']
07:09:52 INFO  - By.xpath: //span[.='Select Menu']<- found
07:09:53 INFO  - Start search ->By.id: cars
07:09:53 INFO  - By.id: cars<- found
07:09:53 INFO  - Start search ->By.tagName: option
07:09:53 INFO  - By.tagName: option<- found
07:09:53 INFO  - Start search ->By.tagName: option
07:09:53 INFO  - By.tagName: option<- found
07:09:53 INFO  - Start search ->By.tagName: option
07:09:53 INFO  - By.tagName: option<- found
07:09:56 INFO  - End of test -> testStandartMultiSelect
************************************
07:10:00 INFO  - Start test - >testForDataProvider
07:10:00 INFO  - End of test -> testForDataProvider
************************************
07:10:00 INFO  - Start test - >testForDataProviderFromFile
07:10:00 INFO  - End of test -> testForDataProviderFromFile
************************************
07:10:00 INFO  - Start test - >testForListener
07:10:00 INFO  - Start search ->By.className: main-header
07:10:10 ERROR - org.openqa.selenium.NoSuchElementException: no such element: Unable to locate element: {"method":"css selector","selector":".main\-header"}
  (Session info: chrome=88.0.4324.104)
For documentation on this error, please visit: https://www.seleniumhq.org/exceptions/no_such_element.html
Build info: version: '3.141.59', revision: 'e82be7d358', time: '2018-11-14T08:17:03'
System info: host: 'DESKTOP-I31H4EG', ip: '10.0.0.3', os.name: 'Windows 10', os.arch: 'amd64', os.version: '10.0', java.version: '1.8.0_271'
Driver info: org.openqa.selenium.chrome.ChromeDriver
Capabilities {acceptInsecureCerts: false, browserName: chrome, browserVersion: 88.0.4324.104, chrome: {chromedriverVersion: 88.0.4324.96 (68dba2d8a0b14..., userDataDir: C:\Users\GLEB\AppData\Local...}, goog:chromeOptions: {debuggerAddress: localhost:59612}, javascriptEnabled: true, networkConnectionEnabled: false, pageLoadStrategy: normal, platform: WINDOWS, platformName: WINDOWS, proxy: Proxy(), setWindowRect: true, strictFileInteractability: false, timeouts: {implicit: 0, pageLoad: 300000, script: 30000}, unhandledPromptBehavior: dismiss and notify, webauthn:extension:largeBlob: true, webauthn:virtualAuthenticators: true}
Session ID: f50085e134a3f6598e653d5365fd9719
*** Element info: {Using=class name, value=main-header}
07:10:10 ERROR - src/test/screenshots/screen-1612242610689.png
07:10:10 INFO  - End of test -> testForListener
************************************
07:10:10 INFO  - Start test - >testForLogger
07:10:10 INFO  - Hello DEMO QA 
07:10:10 INFO  - End of test -> testForLogger
************************************
07:10:10 INFO  - Start test - >testForScreenshots
07:10:11 INFO  - End of test -> testForScreenshots
************************************
