13:44:59 INFO  - Start test - >loginTest
13:44:59 INFO  - Start search ->By.xpath: //div[6]
13:44:59 INFO  - By.xpath: //div[6]<- found
13:44:59 INFO  - Start search ->By.xpath: //*[@id='login']
13:44:59 INFO  - By.xpath: //*[@id='login']<- found
13:44:59 INFO  - Start search ->By.id: userName
13:44:59 INFO  - By.id: userName<- found
13:44:59 INFO  - Start search ->By.id: userName
13:44:59 INFO  - By.id: userName<- found
13:44:59 INFO  - Start search ->By.id: userName
13:44:59 INFO  - By.id: userName<- found
13:44:59 INFO  - Start search ->By.id: password
13:44:59 INFO  - By.id: password<- found
13:44:59 INFO  - Start search ->By.id: password
13:44:59 INFO  - By.id: password<- found
13:45:00 INFO  - Start search ->By.id: password
13:45:00 INFO  - By.id: password<- found
13:45:00 INFO  - Start search ->By.xpath: //*[@id='login']
13:45:00 INFO  - By.xpath: //*[@id='login']<- found
13:45:00 INFO  - Start search ->By.id: submit
13:45:00 INFO  - By.id: submit<- found
13:45:00 INFO  - End of test -> loginTest
************************************
13:45:04 INFO  - Start test - >testForDataProvider
13:45:04 INFO  - End of test -> testForDataProvider
************************************
13:45:04 INFO  - Start test - >testForDataProviderFromFile
13:45:04 INFO  - End of test -> testForDataProviderFromFile
************************************
13:45:04 INFO  - Start test - >testForListener
13:45:04 INFO  - Start search ->By.xpath: //span[normalize-space()='Practice Form']
13:45:14 ERROR - org.openqa.selenium.NoSuchElementException: no such element: Unable to locate element: {"method":"xpath","selector":"//span[normalize-space()='Practice Form']"}
  (Session info: chrome=88.0.4324.146)
For documentation on this error, please visit: https://www.seleniumhq.org/exceptions/no_such_element.html
Build info: version: '3.141.59', revision: 'e82be7d358', time: '2018-11-14T08:17:03'
System info: host: 'DESKTOP-I31H4EG', ip: '10.0.0.3', os.name: 'Windows 10', os.arch: 'amd64', os.version: '10.0', java.version: '11.0.9.1'
Driver info: org.openqa.selenium.chrome.ChromeDriver
Capabilities {acceptInsecureCerts: false, browserName: chrome, browserVersion: 88.0.4324.146, chrome: {chromedriverVersion: 88.0.4324.96 (68dba2d8a0b14..., userDataDir: C:\Users\GLEB\AppData\Local...}, goog:chromeOptions: {debuggerAddress: localhost:49200}, javascriptEnabled: true, networkConnectionEnabled: false, pageLoadStrategy: normal, platform: WINDOWS, platformName: WINDOWS, proxy: Proxy(), setWindowRect: true, strictFileInteractability: false, timeouts: {implicit: 0, pageLoad: 300000, script: 30000}, unhandledPromptBehavior: dismiss and notify, webauthn:extension:largeBlob: true, webauthn:virtualAuthenticators: true}
Session ID: 92776778f569c7839a773726df3b746a
*** Element info: {Using=xpath, value=//span[normalize-space()='Practice Form']}
13:45:14 ERROR - src/test/screenshots/screen-1612784714112.png
13:45:14 INFO  - End of test -> testForListener
************************************
13:45:14 INFO  - Start test - >testForLogger
13:45:14 INFO  - Hello DEMO QA 
13:45:14 INFO  - End of test -> testForLogger
************************************
13:45:14 INFO  - Start test - >testForScreenshots
13:45:14 INFO  - End of test -> testForScreenshots
************************************
13:45:18 INFO  - Start test - >jseTest
13:45:18 INFO  - Start search ->By.xpath: //h5[contains(.,'Elements')]
13:45:18 INFO  - By.xpath: //h5[contains(.,'Elements')]<- found
13:45:18 INFO  - Start search ->By.xpath: //span[.='Text Box']
13:45:18 INFO  - By.xpath: //span[.='Text Box']<- found
13:45:18 INFO  - End of test -> jseTest
************************************
13:45:23 INFO  - Start test - >testMultiSelect
13:45:23 INFO  - Start search ->By.xpath: //div//h5[text()='Widgets']
13:45:23 INFO  - By.xpath: //div//h5[text()='Widgets']<- found
13:45:23 INFO  - Start search ->By.xpath: //span[.='Select Menu']
13:45:23 INFO  - By.xpath: //span[.='Select Menu']<- found
13:45:23 INFO  - Start search ->By.id: cars
13:45:23 INFO  - By.id: cars<- found
13:45:23 INFO  - Start search ->By.tagName: option
13:45:23 INFO  - By.tagName: option<- found
13:45:23 INFO  - Start search ->By.tagName: option
13:45:23 INFO  - By.tagName: option<- found
13:45:23 INFO  - Start search ->By.tagName: option
13:45:23 INFO  - By.tagName: option<- found
13:45:23 INFO  - Start search ->By.id: selectOne
13:45:23 INFO  - By.id: selectOne<- found
13:45:23 INFO  - Start search ->By.xpath: //*[text()='Mr.']
13:45:23 INFO  - By.xpath: //*[text()='Mr.']<- found
13:45:23 INFO  - End of test -> testMultiSelect
************************************
13:45:23 INFO  - Start test - >testOldStyle
13:45:23 INFO  - Start search ->By.xpath: //div//h5[text()='Widgets']
13:45:33 ERROR - org.openqa.selenium.NoSuchElementException: no such element: Unable to locate element: {"method":"xpath","selector":"//div//h5[text()='Widgets']"}
  (Session info: chrome=88.0.4324.146)
For documentation on this error, please visit: https://www.seleniumhq.org/exceptions/no_such_element.html
Build info: version: '3.141.59', revision: 'e82be7d358', time: '2018-11-14T08:17:03'
System info: host: 'DESKTOP-I31H4EG', ip: '10.0.0.3', os.name: 'Windows 10', os.arch: 'amd64', os.version: '10.0', java.version: '11.0.9.1'
Driver info: org.openqa.selenium.chrome.ChromeDriver
Capabilities {acceptInsecureCerts: false, browserName: chrome, browserVersion: 88.0.4324.146, chrome: {chromedriverVersion: 88.0.4324.96 (68dba2d8a0b14..., userDataDir: C:\Users\GLEB\AppData\Local...}, goog:chromeOptions: {debuggerAddress: localhost:49246}, javascriptEnabled: true, networkConnectionEnabled: false, pageLoadStrategy: normal, platform: WINDOWS, platformName: WINDOWS, proxy: Proxy(), setWindowRect: true, strictFileInteractability: false, timeouts: {implicit: 0, pageLoad: 300000, script: 30000}, unhandledPromptBehavior: dismiss and notify, webauthn:extension:largeBlob: true, webauthn:virtualAuthenticators: true}
Session ID: fd683f3e8f94e68ff3c8cfb0d0e7b9d9
*** Element info: {Using=xpath, value=//div//h5[text()='Widgets']}
13:45:34 ERROR - src/test/screenshots/screen-1612784733835.png
13:45:34 INFO  - Start search ->By.xpath: //span[.='Select Menu']
13:45:34 INFO  - By.xpath: //span[.='Select Menu']<- found
13:45:34 INFO  - Start search ->By.id: oldSelectMenu
13:45:34 INFO  - By.id: oldSelectMenu<- found
13:45:34 INFO  - Start search ->By.xpath: //*[text()='Voilet']
13:45:34 INFO  - By.xpath: //*[text()='Voilet']<- found
13:45:34 INFO  - End of test -> testOldStyle
************************************
13:45:34 INFO  - Start test - >testSelectOne
13:45:34 INFO  - Start search ->By.xpath: //div//h5[text()='Widgets']
13:45:44 ERROR - org.openqa.selenium.NoSuchElementException: no such element: Unable to locate element: {"method":"xpath","selector":"//div//h5[text()='Widgets']"}
  (Session info: chrome=88.0.4324.146)
For documentation on this error, please visit: https://www.seleniumhq.org/exceptions/no_such_element.html
Build info: version: '3.141.59', revision: 'e82be7d358', time: '2018-11-14T08:17:03'
System info: host: 'DESKTOP-I31H4EG', ip: '10.0.0.3', os.name: 'Windows 10', os.arch: 'amd64', os.version: '10.0', java.version: '11.0.9.1'
Driver info: org.openqa.selenium.chrome.ChromeDriver
Capabilities {acceptInsecureCerts: false, browserName: chrome, browserVersion: 88.0.4324.146, chrome: {chromedriverVersion: 88.0.4324.96 (68dba2d8a0b14..., userDataDir: C:\Users\GLEB\AppData\Local...}, goog:chromeOptions: {debuggerAddress: localhost:49246}, javascriptEnabled: true, networkConnectionEnabled: false, pageLoadStrategy: normal, platform: WINDOWS, platformName: WINDOWS, proxy: Proxy(), setWindowRect: true, strictFileInteractability: false, timeouts: {implicit: 0, pageLoad: 300000, script: 30000}, unhandledPromptBehavior: dismiss and notify, webauthn:extension:largeBlob: true, webauthn:virtualAuthenticators: true}
Session ID: fd683f3e8f94e68ff3c8cfb0d0e7b9d9
*** Element info: {Using=xpath, value=//div//h5[text()='Widgets']}
13:45:44 ERROR - src/test/screenshots/screen-1612784744362.png
13:45:44 INFO  - Start search ->By.xpath: //span[.='Select Menu']
13:45:44 INFO  - By.xpath: //span[.='Select Menu']<- found
13:45:44 INFO  - Start search ->By.id: selectOne
13:45:44 INFO  - By.id: selectOne<- found
13:45:44 INFO  - Start search ->By.xpath: //*[text()='Mr.']
13:45:44 INFO  - By.xpath: //*[text()='Mr.']<- found
13:45:44 INFO  - End of test -> testSelectOne
************************************
13:45:44 INFO  - Start test - >testSelectValue
13:45:44 INFO  - Start search ->By.xpath: //div//h5[text()='Widgets']
13:45:54 ERROR - org.openqa.selenium.NoSuchElementException: no such element: Unable to locate element: {"method":"xpath","selector":"//div//h5[text()='Widgets']"}
  (Session info: chrome=88.0.4324.146)
For documentation on this error, please visit: https://www.seleniumhq.org/exceptions/no_such_element.html
Build info: version: '3.141.59', revision: 'e82be7d358', time: '2018-11-14T08:17:03'
System info: host: 'DESKTOP-I31H4EG', ip: '10.0.0.3', os.name: 'Windows 10', os.arch: 'amd64', os.version: '10.0', java.version: '11.0.9.1'
Driver info: org.openqa.selenium.chrome.ChromeDriver
Capabilities {acceptInsecureCerts: false, browserName: chrome, browserVersion: 88.0.4324.146, chrome: {chromedriverVersion: 88.0.4324.96 (68dba2d8a0b14..., userDataDir: C:\Users\GLEB\AppData\Local...}, goog:chromeOptions: {debuggerAddress: localhost:49246}, javascriptEnabled: true, networkConnectionEnabled: false, pageLoadStrategy: normal, platform: WINDOWS, platformName: WINDOWS, proxy: Proxy(), setWindowRect: true, strictFileInteractability: false, timeouts: {implicit: 0, pageLoad: 300000, script: 30000}, unhandledPromptBehavior: dismiss and notify, webauthn:extension:largeBlob: true, webauthn:virtualAuthenticators: true}
Session ID: fd683f3e8f94e68ff3c8cfb0d0e7b9d9
*** Element info: {Using=xpath, value=//div//h5[text()='Widgets']}
13:45:55 ERROR - src/test/screenshots/screen-1612784754974.png
13:45:55 INFO  - Start search ->By.xpath: //span[.='Select Menu']
13:45:55 INFO  - By.xpath: //span[.='Select Menu']<- found
13:45:55 INFO  - Start search ->By.id: withOptGroup
13:45:55 INFO  - By.id: withOptGroup<- found
13:45:55 INFO  - Start search ->By.xpath: //*[text()='A root option']
13:45:55 INFO  - By.xpath: //*[text()='A root option']<- found
13:45:55 INFO  - End of test -> testSelectValue
************************************
13:45:55 INFO  - Start test - >testStandartMultiSelect
13:45:55 INFO  - Start search ->By.xpath: //div//h5[text()='Widgets']
13:46:05 ERROR - org.openqa.selenium.NoSuchElementException: no such element: Unable to locate element: {"method":"xpath","selector":"//div//h5[text()='Widgets']"}
  (Session info: chrome=88.0.4324.146)
For documentation on this error, please visit: https://www.seleniumhq.org/exceptions/no_such_element.html
Build info: version: '3.141.59', revision: 'e82be7d358', time: '2018-11-14T08:17:03'
System info: host: 'DESKTOP-I31H4EG', ip: '10.0.0.3', os.name: 'Windows 10', os.arch: 'amd64', os.version: '10.0', java.version: '11.0.9.1'
Driver info: org.openqa.selenium.chrome.ChromeDriver
Capabilities {acceptInsecureCerts: false, browserName: chrome, browserVersion: 88.0.4324.146, chrome: {chromedriverVersion: 88.0.4324.96 (68dba2d8a0b14..., userDataDir: C:\Users\GLEB\AppData\Local...}, goog:chromeOptions: {debuggerAddress: localhost:49246}, javascriptEnabled: true, networkConnectionEnabled: false, pageLoadStrategy: normal, platform: WINDOWS, platformName: WINDOWS, proxy: Proxy(), setWindowRect: true, strictFileInteractability: false, timeouts: {implicit: 0, pageLoad: 300000, script: 30000}, unhandledPromptBehavior: dismiss and notify, webauthn:extension:largeBlob: true, webauthn:virtualAuthenticators: true}
Session ID: fd683f3e8f94e68ff3c8cfb0d0e7b9d9
*** Element info: {Using=xpath, value=//div//h5[text()='Widgets']}
13:46:05 ERROR - src/test/screenshots/screen-1612784765533.png
13:46:05 INFO  - Start search ->By.xpath: //span[.='Select Menu']
13:46:05 INFO  - By.xpath: //span[.='Select Menu']<- found
13:46:05 INFO  - Start search ->By.id: cars
13:46:05 INFO  - By.id: cars<- found
13:46:05 INFO  - Start search ->By.tagName: option
13:46:06 INFO  - By.tagName: option<- found
13:46:06 INFO  - Start search ->By.tagName: option
13:46:06 INFO  - By.tagName: option<- found
13:46:06 INFO  - Start search ->By.tagName: option
13:46:06 INFO  - By.tagName: option<- found
13:46:06 INFO  - End of test -> testStandartMultiSelect
************************************
13:46:10 INFO  - Start test - >studentRegFormTest
13:46:10 INFO  - Start search ->By.xpath: //div[@class='category-cards']/div[2]
13:46:10 INFO  - By.xpath: //div[@class='category-cards']/div[2]<- found
13:46:10 INFO  - Start search ->By.xpath: //span[.='Practice Form']
13:46:10 INFO  - By.xpath: //span[.='Practice Form']<- found
13:46:10 INFO  - Start search ->By.id: firstName
13:46:10 INFO  - By.id: firstName<- found
13:46:10 INFO  - Start search ->By.id: firstName
13:46:10 INFO  - By.id: firstName<- found
13:46:10 INFO  - Start search ->By.id: firstName
13:46:10 INFO  - By.id: firstName<- found
13:46:10 INFO  - Start search ->By.id: lastName
13:46:10 INFO  - By.id: lastName<- found
13:46:10 INFO  - Start search ->By.id: lastName
13:46:10 INFO  - By.id: lastName<- found
13:46:10 INFO  - Start search ->By.id: lastName
13:46:10 INFO  - By.id: lastName<- found
13:46:10 INFO  - Start search ->By.id: userEmail
13:46:10 INFO  - By.id: userEmail<- found
13:46:10 INFO  - Start search ->By.id: userEmail
13:46:10 INFO  - By.id: userEmail<- found
13:46:10 INFO  - Start search ->By.id: userEmail
13:46:10 INFO  - By.id: userEmail<- found
13:46:10 INFO  - Start search ->By.xpath: //label[@for='gender-radio-1']
13:46:10 INFO  - By.xpath: //label[@for='gender-radio-1']<- found
13:46:10 INFO  - Start search ->By.id: userNumber
13:46:10 INFO  - By.id: userNumber<- found
13:46:10 INFO  - Start search ->By.id: userNumber
13:46:10 INFO  - By.id: userNumber<- found
13:46:10 INFO  - Start search ->By.id: userNumber
13:46:10 INFO  - By.id: userNumber<- found
13:46:10 INFO  - Start search ->By.id: dateOfBirthInput
13:46:11 INFO  - By.id: dateOfBirthInput<- found
13:46:11 INFO  - Start search ->By.cssSelector: .react-datepicker__month-select
13:46:11 INFO  - By.cssSelector: .react-datepicker__month-select<- found
13:46:11 INFO  - Start search ->By.xpath: .//option[normalize-space(.) = "May"]
13:46:11 INFO  - By.xpath: .//option[normalize-space(.) = "May"]<- found
13:46:11 INFO  - Start search ->By.cssSelector: .react-datepicker__year-select
13:46:11 INFO  - By.cssSelector: .react-datepicker__year-select<- found
13:46:11 INFO  - Start search ->By.xpath: .//option[normalize-space(.) = "1990"]
13:46:11 INFO  - By.xpath: .//option[normalize-space(.) = "1990"]<- found
13:46:11 INFO  - Start search ->By.xpath: //div[.='27']
13:46:11 INFO  - By.xpath: //div[.='27']<- found
13:46:11 INFO  - Start search ->By.xpath: //input[@id='subjectsInput']
13:46:11 INFO  - By.xpath: //input[@id='subjectsInput']<- found
13:46:11 INFO  - Start search ->By.xpath: //input[@id='subjectsInput']
13:46:11 INFO  - By.xpath: //input[@id='subjectsInput']<- found
13:46:11 INFO  - Start search ->By.xpath: //input[@id='subjectsInput']
13:46:11 INFO  - By.xpath: //input[@id='subjectsInput']<- found
13:46:11 INFO  - Start search ->By.xpath: //input[@id='subjectsInput']
13:46:11 INFO  - By.xpath: //input[@id='subjectsInput']<- found
13:46:11 INFO  - Start search ->By.cssSelector: label[for='hobbies-checkbox-2']
13:46:11 INFO  - By.cssSelector: label[for='hobbies-checkbox-2']<- found
13:46:11 INFO  - Start search ->By.id: currentAddress
13:46:11 INFO  - By.id: currentAddress<- found
13:46:11 INFO  - Start search ->By.id: react-select-3-input
13:46:11 INFO  - By.id: react-select-3-input<- found
13:46:12 ERROR - org.openqa.selenium.ElementClickInterceptedException: element click intercepted: Element <input autocapitalize="none" autocomplete="off" autocorrect="off" id="react-select-3-input" spellcheck="false" tabindex="0" type="text" aria-autocomplete="list" value="" style="box-sizing: content-box; width: 2px; background: 0px center; border: 0px; font-size: inherit; opacity: 1; outline: 0px; padding: 0px; color: inherit;"> is not clickable at point (745, 574). Other element would receive the click: <div class=" css-1wa3eu0-placeholder">...</div>
  (Session info: chrome=88.0.4324.146)
Build info: version: '3.141.59', revision: 'e82be7d358', time: '2018-11-14T08:17:03'
System info: host: 'DESKTOP-I31H4EG', ip: '10.0.0.3', os.name: 'Windows 10', os.arch: 'amd64', os.version: '10.0', java.version: '11.0.9.1'
Driver info: org.openqa.selenium.chrome.ChromeDriver
Capabilities {acceptInsecureCerts: false, browserName: chrome, browserVersion: 88.0.4324.146, chrome: {chromedriverVersion: 88.0.4324.96 (68dba2d8a0b14..., userDataDir: C:\Users\GLEB\AppData\Local...}, goog:chromeOptions: {debuggerAddress: localhost:49279}, javascriptEnabled: true, networkConnectionEnabled: false, pageLoadStrategy: normal, platform: WINDOWS, platformName: WINDOWS, proxy: Proxy(), setWindowRect: true, strictFileInteractability: false, timeouts: {implicit: 0, pageLoad: 300000, script: 30000}, unhandledPromptBehavior: dismiss and notify, webauthn:extension:largeBlob: true, webauthn:virtualAuthenticators: true}
Session ID: 537e0a6b5c86e01e0e55884bf102712d
13:46:13 ERROR - src/test/screenshots/screen-1612784772892.png
13:46:13 INFO  - Start search ->By.id: react-select-3-input
13:46:13 INFO  - By.id: react-select-3-input<- found
13:46:13 INFO  - Start search ->By.id: react-select-3-input
13:46:13 INFO  - By.id: react-select-3-input<- found
13:46:13 INFO  - Start search ->By.id: react-select-3-input
13:46:13 INFO  - By.id: react-select-3-input<- found
13:46:13 INFO  - Start search ->By.id: react-select-4-input
13:46:13 INFO  - By.id: react-select-4-input<- found
13:46:14 ERROR - org.openqa.selenium.ElementClickInterceptedException: element click intercepted: Element <input autocapitalize="none" autocomplete="off" autocorrect="off" id="react-select-4-input" spellcheck="false" tabindex="0" type="text" aria-autocomplete="list" value="" style="box-sizing: content-box; width: 2px; background: 0px center; border: 0px; font-size: inherit; opacity: 1; outline: 0px; padding: 0px; color: inherit;"> is not clickable at point (1056, 574). Other element would receive the click: <div class=" css-1wa3eu0-placeholder">...</div>
  (Session info: chrome=88.0.4324.146)
Build info: version: '3.141.59', revision: 'e82be7d358', time: '2018-11-14T08:17:03'
System info: host: 'DESKTOP-I31H4EG', ip: '10.0.0.3', os.name: 'Windows 10', os.arch: 'amd64', os.version: '10.0', java.version: '11.0.9.1'
Driver info: org.openqa.selenium.chrome.ChromeDriver
Capabilities {acceptInsecureCerts: false, browserName: chrome, browserVersion: 88.0.4324.146, chrome: {chromedriverVersion: 88.0.4324.96 (68dba2d8a0b14..., userDataDir: C:\Users\GLEB\AppData\Local...}, goog:chromeOptions: {debuggerAddress: localhost:49279}, javascriptEnabled: true, networkConnectionEnabled: false, pageLoadStrategy: normal, platform: WINDOWS, platformName: WINDOWS, proxy: Proxy(), setWindowRect: true, strictFileInteractability: false, timeouts: {implicit: 0, pageLoad: 300000, script: 30000}, unhandledPromptBehavior: dismiss and notify, webauthn:extension:largeBlob: true, webauthn:virtualAuthenticators: true}
Session ID: 537e0a6b5c86e01e0e55884bf102712d
13:46:14 ERROR - src/test/screenshots/screen-1612784774497.png
13:46:14 INFO  - Start search ->By.id: react-select-4-input
13:46:14 INFO  - By.id: react-select-4-input<- found
13:46:14 INFO  - Start search ->By.id: react-select-4-input
13:46:14 INFO  - By.id: react-select-4-input<- found
13:46:14 INFO  - Start search ->By.id: react-select-4-input
13:46:14 INFO  - By.id: react-select-4-input<- found
13:46:14 INFO  - Start search ->By.id: submit
13:46:14 INFO  - By.id: submit<- found
13:46:15 INFO  - End of test -> studentRegFormTest
************************************
13:46:19 INFO  - Start test - >testWindowsNewTab
13:46:19 INFO  - Start search ->By.xpath: //div//h5[.='Alerts, Frame & Windows']
13:46:19 INFO  - By.xpath: //div//h5[.='Alerts, Frame & Windows']<- found
13:46:19 INFO  - Start search ->By.xpath: //span[.='Browser Windows']
13:46:19 INFO  - By.xpath: //span[.='Browser Windows']<- found
13:46:19 INFO  - Start search ->By.id: tabButton
13:46:19 INFO  - By.id: tabButton<- found
13:46:19 INFO  - Start search ->By.id: sampleHeading
13:46:19 INFO  - By.id: sampleHeading<- found
13:46:19 INFO  - End of test -> testWindowsNewTab
************************************
13:46:19 INFO  - Start test - >testWindowsNewWidow
13:46:19 INFO  - Start search ->By.xpath: //div//h5[.='Alerts, Frame & Windows']
13:46:29 ERROR - org.openqa.selenium.NoSuchElementException: no such element: Unable to locate element: {"method":"xpath","selector":"//div//h5[.='Alerts, Frame & Windows']"}
  (Session info: chrome=88.0.4324.146)
For documentation on this error, please visit: https://www.seleniumhq.org/exceptions/no_such_element.html
Build info: version: '3.141.59', revision: 'e82be7d358', time: '2018-11-14T08:17:03'
System info: host: 'DESKTOP-I31H4EG', ip: '10.0.0.3', os.name: 'Windows 10', os.arch: 'amd64', os.version: '10.0', java.version: '11.0.9.1'
Driver info: org.openqa.selenium.chrome.ChromeDriver
Capabilities {acceptInsecureCerts: false, browserName: chrome, browserVersion: 88.0.4324.146, chrome: {chromedriverVersion: 88.0.4324.96 (68dba2d8a0b14..., userDataDir: C:\Users\GLEB\AppData\Local...}, goog:chromeOptions: {debuggerAddress: localhost:49302}, javascriptEnabled: true, networkConnectionEnabled: false, pageLoadStrategy: normal, platform: WINDOWS, platformName: WINDOWS, proxy: Proxy(), setWindowRect: true, strictFileInteractability: false, timeouts: {implicit: 0, pageLoad: 300000, script: 30000}, unhandledPromptBehavior: dismiss and notify, webauthn:extension:largeBlob: true, webauthn:virtualAuthenticators: true}
Session ID: 4418430c089c38ea7358a7c5237ac114
*** Element info: {Using=xpath, value=//div//h5[.='Alerts, Frame & Windows']}
13:46:30 ERROR - src/test/screenshots/screen-1612784789785.png
13:46:30 INFO  - End of test -> testWindowsNewWidow
************************************
13:46:30 INFO  - End of test -> alertTest
************************************
