18:44:31 INFO  - Start test - >testMultiSelect
18:44:31 INFO  - Start search ->By.xpath: //div//h5[text()='Widgets']
18:44:31 INFO  - By.xpath: //div//h5[text()='Widgets']<- found
18:44:31 INFO  - Start search ->By.xpath: //span[.='Select Menu']
18:44:31 INFO  - By.xpath: //span[.='Select Menu']<- found
18:44:31 INFO  - Start search ->By.id: cars
18:44:32 INFO  - By.id: cars<- found
18:44:32 INFO  - Start search ->By.tagName: option
18:44:32 INFO  - By.tagName: option<- found
18:44:32 INFO  - Start search ->By.tagName: option
18:44:32 INFO  - By.tagName: option<- found
18:44:32 INFO  - Start search ->By.tagName: option
18:44:32 INFO  - By.tagName: option<- found
18:44:32 INFO  - Start search ->By.id: selectOne
18:44:32 INFO  - By.id: selectOne<- found
18:44:32 INFO  - Start search ->By.xpath: //*[text()='Mr.']
18:44:32 INFO  - By.xpath: //*[text()='Mr.']<- found
18:44:32 INFO  - End of test -> testMultiSelect
************************************
18:44:32 INFO  - Start test - >testOldStyle
18:44:32 INFO  - Start search ->By.xpath: //div//h5[text()='Widgets']
18:44:42 ERROR - org.openqa.selenium.NoSuchElementException: no such element: Unable to locate element: {"method":"xpath","selector":"//div//h5[text()='Widgets']"}
  (Session info: chrome=88.0.4324.146)
For documentation on this error, please visit: https://www.seleniumhq.org/exceptions/no_such_element.html
Build info: version: '3.141.59', revision: 'e82be7d358', time: '2018-11-14T08:17:03'
System info: host: 'DESKTOP-I31H4EG', ip: '10.0.0.3', os.name: 'Windows 10', os.arch: 'amd64', os.version: '10.0', java.version: '11.0.9.1'
Driver info: org.openqa.selenium.chrome.ChromeDriver
Capabilities {acceptInsecureCerts: false, browserName: chrome, browserVersion: 88.0.4324.146, chrome: {chromedriverVersion: 88.0.4324.96 (68dba2d8a0b14..., userDataDir: C:\Users\GLEB\AppData\Local...}, goog:chromeOptions: {debuggerAddress: localhost:51421}, javascriptEnabled: true, networkConnectionEnabled: false, pageLoadStrategy: normal, platform: WINDOWS, platformName: WINDOWS, proxy: Proxy(), setWindowRect: true, strictFileInteractability: false, timeouts: {implicit: 0, pageLoad: 300000, script: 30000}, unhandledPromptBehavior: dismiss and notify, webauthn:extension:largeBlob: true, webauthn:virtualAuthenticators: true}
Session ID: d300539264598bfa6860c1fe47099380
*** Element info: {Using=xpath, value=//div//h5[text()='Widgets']}
18:44:42 ERROR - src/test/screenshots/screen-1612802682522.png
18:44:42 INFO  - Start search ->By.xpath: //span[.='Select Menu']
18:44:42 INFO  - By.xpath: //span[.='Select Menu']<- found
18:44:42 INFO  - Start search ->By.id: oldSelectMenu
18:44:42 INFO  - By.id: oldSelectMenu<- found
18:44:43 INFO  - Start search ->By.xpath: //*[text()='Voilet']
18:44:43 INFO  - By.xpath: //*[text()='Voilet']<- found
18:44:43 INFO  - End of test -> testOldStyle
************************************
18:44:43 INFO  - Start test - >testSelectOne
18:44:43 INFO  - Start search ->By.xpath: //div//h5[text()='Widgets']
18:44:53 ERROR - org.openqa.selenium.NoSuchElementException: no such element: Unable to locate element: {"method":"xpath","selector":"//div//h5[text()='Widgets']"}
  (Session info: chrome=88.0.4324.146)
For documentation on this error, please visit: https://www.seleniumhq.org/exceptions/no_such_element.html
Build info: version: '3.141.59', revision: 'e82be7d358', time: '2018-11-14T08:17:03'
System info: host: 'DESKTOP-I31H4EG', ip: '10.0.0.3', os.name: 'Windows 10', os.arch: 'amd64', os.version: '10.0', java.version: '11.0.9.1'
Driver info: org.openqa.selenium.chrome.ChromeDriver
Capabilities {acceptInsecureCerts: false, browserName: chrome, browserVersion: 88.0.4324.146, chrome: {chromedriverVersion: 88.0.4324.96 (68dba2d8a0b14..., userDataDir: C:\Users\GLEB\AppData\Local...}, goog:chromeOptions: {debuggerAddress: localhost:51421}, javascriptEnabled: true, networkConnectionEnabled: false, pageLoadStrategy: normal, platform: WINDOWS, platformName: WINDOWS, proxy: Proxy(), setWindowRect: true, strictFileInteractability: false, timeouts: {implicit: 0, pageLoad: 300000, script: 30000}, unhandledPromptBehavior: dismiss and notify, webauthn:extension:largeBlob: true, webauthn:virtualAuthenticators: true}
Session ID: d300539264598bfa6860c1fe47099380
*** Element info: {Using=xpath, value=//div//h5[text()='Widgets']}
18:44:53 ERROR - src/test/screenshots/screen-1612802693086.png
18:44:53 INFO  - Start search ->By.xpath: //span[.='Select Menu']
18:44:53 INFO  - By.xpath: //span[.='Select Menu']<- found
18:44:53 INFO  - Start search ->By.id: selectOne
18:44:53 INFO  - By.id: selectOne<- found
18:44:53 INFO  - Start search ->By.xpath: //*[text()='Mr.']
18:44:53 INFO  - By.xpath: //*[text()='Mr.']<- found
18:44:53 INFO  - End of test -> testSelectOne
************************************
18:44:53 INFO  - Start test - >testSelectValue
18:44:53 INFO  - Start search ->By.xpath: //div//h5[text()='Widgets']
18:45:03 ERROR - org.openqa.selenium.NoSuchElementException: no such element: Unable to locate element: {"method":"xpath","selector":"//div//h5[text()='Widgets']"}
  (Session info: chrome=88.0.4324.146)
For documentation on this error, please visit: https://www.seleniumhq.org/exceptions/no_such_element.html
Build info: version: '3.141.59', revision: 'e82be7d358', time: '2018-11-14T08:17:03'
System info: host: 'DESKTOP-I31H4EG', ip: '10.0.0.3', os.name: 'Windows 10', os.arch: 'amd64', os.version: '10.0', java.version: '11.0.9.1'
Driver info: org.openqa.selenium.chrome.ChromeDriver
Capabilities {acceptInsecureCerts: false, browserName: chrome, browserVersion: 88.0.4324.146, chrome: {chromedriverVersion: 88.0.4324.96 (68dba2d8a0b14..., userDataDir: C:\Users\GLEB\AppData\Local...}, goog:chromeOptions: {debuggerAddress: localhost:51421}, javascriptEnabled: true, networkConnectionEnabled: false, pageLoadStrategy: normal, platform: WINDOWS, platformName: WINDOWS, proxy: Proxy(), setWindowRect: true, strictFileInteractability: false, timeouts: {implicit: 0, pageLoad: 300000, script: 30000}, unhandledPromptBehavior: dismiss and notify, webauthn:extension:largeBlob: true, webauthn:virtualAuthenticators: true}
Session ID: d300539264598bfa6860c1fe47099380
*** Element info: {Using=xpath, value=//div//h5[text()='Widgets']}
18:45:03 ERROR - src/test/screenshots/screen-1612802703640.png
18:45:03 INFO  - Start search ->By.xpath: //span[.='Select Menu']
18:45:03 INFO  - By.xpath: //span[.='Select Menu']<- found
18:45:04 INFO  - Start search ->By.id: withOptGroup
18:45:04 INFO  - By.id: withOptGroup<- found
18:45:04 INFO  - Start search ->By.xpath: //*[text()='A root option']
18:45:04 INFO  - By.xpath: //*[text()='A root option']<- found
18:45:04 INFO  - End of test -> testSelectValue
************************************
18:45:04 INFO  - Start test - >testStandartMultiSelect
18:45:04 INFO  - Start search ->By.xpath: //div//h5[text()='Widgets']
18:45:14 ERROR - org.openqa.selenium.NoSuchElementException: no such element: Unable to locate element: {"method":"xpath","selector":"//div//h5[text()='Widgets']"}
  (Session info: chrome=88.0.4324.146)
For documentation on this error, please visit: https://www.seleniumhq.org/exceptions/no_such_element.html
Build info: version: '3.141.59', revision: 'e82be7d358', time: '2018-11-14T08:17:03'
System info: host: 'DESKTOP-I31H4EG', ip: '10.0.0.3', os.name: 'Windows 10', os.arch: 'amd64', os.version: '10.0', java.version: '11.0.9.1'
Driver info: org.openqa.selenium.chrome.ChromeDriver
Capabilities {acceptInsecureCerts: false, browserName: chrome, browserVersion: 88.0.4324.146, chrome: {chromedriverVersion: 88.0.4324.96 (68dba2d8a0b14..., userDataDir: C:\Users\GLEB\AppData\Local...}, goog:chromeOptions: {debuggerAddress: localhost:51421}, javascriptEnabled: true, networkConnectionEnabled: false, pageLoadStrategy: normal, platform: WINDOWS, platformName: WINDOWS, proxy: Proxy(), setWindowRect: true, strictFileInteractability: false, timeouts: {implicit: 0, pageLoad: 300000, script: 30000}, unhandledPromptBehavior: dismiss and notify, webauthn:extension:largeBlob: true, webauthn:virtualAuthenticators: true}
Session ID: d300539264598bfa6860c1fe47099380
*** Element info: {Using=xpath, value=//div//h5[text()='Widgets']}
18:45:14 ERROR - src/test/screenshots/screen-1612802714218.png
18:45:14 INFO  - Start search ->By.xpath: //span[.='Select Menu']
18:45:14 INFO  - By.xpath: //span[.='Select Menu']<- found
18:45:14 INFO  - Start search ->By.id: cars
18:45:14 INFO  - By.id: cars<- found
18:45:14 INFO  - Start search ->By.tagName: option
18:45:14 INFO  - By.tagName: option<- found
18:45:14 INFO  - Start search ->By.tagName: option
18:45:14 INFO  - By.tagName: option<- found
18:45:14 INFO  - Start search ->By.tagName: option
18:45:14 INFO  - By.tagName: option<- found
18:45:14 INFO  - End of test -> testStandartMultiSelect
************************************
