14:16:22 INFO  - Start test - >jseTest
14:16:22 INFO  - Start search ->By.xpath: //h5[contains(.,'Elements')]
14:16:22 INFO  - By.xpath: //h5[contains(.,'Elements')]<- found
14:16:23 INFO  - Start search ->By.xpath: //span[.='Text Box']
14:16:23 INFO  - By.xpath: //span[.='Text Box']<- found
14:16:32 INFO  - End of test -> jseTest
************************************
14:16:35 INFO  - Start test - >loginTest
14:16:35 INFO  - Start search ->By.xpath: //div[6]
14:16:35 INFO  - By.xpath: //div[6]<- found
14:16:38 INFO  - Start search ->By.xpath: //*[@id='login']
14:16:38 INFO  - By.xpath: //*[@id='login']<- found
14:16:38 INFO  - Start search ->By.id: userName
14:16:38 INFO  - By.id: userName<- found
14:16:38 INFO  - Start search ->By.id: userName
14:16:38 INFO  - By.id: userName<- found
14:16:38 INFO  - Start search ->By.id: userName
14:16:38 INFO  - By.id: userName<- found
14:16:38 INFO  - Start search ->By.id: password
14:16:38 INFO  - By.id: password<- found
14:16:38 INFO  - Start search ->By.id: password
14:16:38 INFO  - By.id: password<- found
14:16:38 INFO  - Start search ->By.id: password
14:16:38 INFO  - By.id: password<- found
14:16:38 INFO  - Start search ->By.xpath: //*[@id='login']
14:16:38 INFO  - By.xpath: //*[@id='login']<- found
14:16:38 INFO  - Start search ->By.id: submit
14:16:38 INFO  - By.id: submit<- found
14:16:38 INFO  - End of test -> loginTest
************************************
14:16:43 INFO  - Start test - >studentRegFormTest
14:16:43 INFO  - Start search ->By.xpath: //div[@class='category-cards']/div[2]
14:16:43 INFO  - By.xpath: //div[@class='category-cards']/div[2]<- found
14:16:43 INFO  - Start search ->By.xpath: //span[.='Practice Form']
14:16:43 INFO  - By.xpath: //span[.='Practice Form']<- found
14:16:43 INFO  - Start search ->By.id: firstName
14:16:43 INFO  - By.id: firstName<- found
14:16:43 INFO  - Start search ->By.id: firstName
14:16:43 INFO  - By.id: firstName<- found
14:16:43 INFO  - Start search ->By.id: firstName
14:16:43 INFO  - By.id: firstName<- found
14:16:43 INFO  - Start search ->By.id: lastName
14:16:43 INFO  - By.id: lastName<- found
14:16:43 INFO  - Start search ->By.id: lastName
14:16:43 INFO  - By.id: lastName<- found
14:16:43 INFO  - Start search ->By.id: lastName
14:16:43 INFO  - By.id: lastName<- found
14:16:43 INFO  - Start search ->By.id: userEmail
14:16:43 INFO  - By.id: userEmail<- found
14:16:43 INFO  - Start search ->By.id: userEmail
14:16:43 INFO  - By.id: userEmail<- found
14:16:43 INFO  - Start search ->By.id: userEmail
14:16:43 INFO  - By.id: userEmail<- found
14:16:44 INFO  - Start search ->By.xpath: //label[@for='gender-radio-1']
14:16:44 INFO  - By.xpath: //label[@for='gender-radio-1']<- found
14:16:44 INFO  - Start search ->By.id: userNumber
14:16:44 INFO  - By.id: userNumber<- found
14:16:44 INFO  - Start search ->By.id: userNumber
14:16:44 INFO  - By.id: userNumber<- found
14:16:44 INFO  - Start search ->By.id: userNumber
14:16:44 INFO  - By.id: userNumber<- found
14:16:44 INFO  - Start search ->By.id: dateOfBirthInput
14:16:44 INFO  - By.id: dateOfBirthInput<- found
14:16:44 INFO  - Start search ->By.cssSelector: .react-datepicker__month-select
14:16:44 INFO  - By.cssSelector: .react-datepicker__month-select<- found
14:16:44 INFO  - Start search ->By.xpath: .//option[normalize-space(.) = "May"]
14:16:44 INFO  - By.xpath: .//option[normalize-space(.) = "May"]<- found
14:16:45 INFO  - Start search ->By.cssSelector: .react-datepicker__year-select
14:16:45 INFO  - By.cssSelector: .react-datepicker__year-select<- found
14:16:45 INFO  - Start search ->By.xpath: .//option[normalize-space(.) = "1990"]
14:16:45 INFO  - By.xpath: .//option[normalize-space(.) = "1990"]<- found
14:16:45 INFO  - Start search ->By.xpath: //div[.='27']
14:16:45 INFO  - By.xpath: //div[.='27']<- found
14:16:45 INFO  - Start search ->By.xpath: //input[@id='subjectsInput']
14:16:45 INFO  - By.xpath: //input[@id='subjectsInput']<- found
14:16:45 INFO  - Start search ->By.xpath: //input[@id='subjectsInput']
14:16:45 INFO  - By.xpath: //input[@id='subjectsInput']<- found
14:16:45 INFO  - Start search ->By.xpath: //input[@id='subjectsInput']
14:16:45 INFO  - By.xpath: //input[@id='subjectsInput']<- found
14:16:45 INFO  - Start search ->By.xpath: //input[@id='subjectsInput']
14:16:45 INFO  - By.xpath: //input[@id='subjectsInput']<- found
14:16:47 INFO  - Start search ->By.cssSelector: label[for='hobbies-checkbox-2']
14:16:47 INFO  - By.cssSelector: label[for='hobbies-checkbox-2']<- found
14:16:47 INFO  - Start search ->By.id: currentAddress
14:16:47 INFO  - By.id: currentAddress<- found
14:16:47 INFO  - Start search ->By.id: react-select-3-input
14:16:47 INFO  - By.id: react-select-3-input<- found
14:16:48 ERROR - org.openqa.selenium.ElementClickInterceptedException: element click intercepted: Element <input autocapitalize="none" autocomplete="off" autocorrect="off" id="react-select-3-input" spellcheck="false" tabindex="0" type="text" aria-autocomplete="list" value="" style="box-sizing: content-box; width: 2px; background: 0px center; border: 0px; font-size: inherit; opacity: 1; outline: 0px; padding: 0px; color: inherit;"> is not clickable at point (745, 574). Other element would receive the click: <div class=" css-1wa3eu0-placeholder">...</div>
  (Session info: chrome=88.0.4324.146)
Build info: version: '3.141.59', revision: 'e82be7d358', time: '2018-11-14T08:17:03'
System info: host: 'DESKTOP-I31H4EG', ip: '10.0.0.3', os.name: 'Windows 10', os.arch: 'amd64', os.version: '10.0', java.version: '1.8.0_271'
Driver info: org.openqa.selenium.chrome.ChromeDriver
Capabilities {acceptInsecureCerts: false, browserName: chrome, browserVersion: 88.0.4324.146, chrome: {chromedriverVersion: 88.0.4324.96 (68dba2d8a0b14..., userDataDir: C:\Users\GLEB\AppData\Local...}, goog:chromeOptions: {debuggerAddress: localhost:56041}, javascriptEnabled: true, networkConnectionEnabled: false, pageLoadStrategy: normal, platform: WINDOWS, platformName: WINDOWS, proxy: Proxy(), setWindowRect: true, strictFileInteractability: false, timeouts: {implicit: 0, pageLoad: 300000, script: 30000}, unhandledPromptBehavior: dismiss and notify, webauthn:extension:largeBlob: true, webauthn:virtualAuthenticators: true}
Session ID: 53f9f2ef53c2b58a57594dd98cee202e
14:16:49 ERROR - src/test/screenshots/screen-1612527408760.png
14:16:49 INFO  - Start search ->By.id: react-select-3-input
14:16:49 INFO  - By.id: react-select-3-input<- found
14:16:49 INFO  - Start search ->By.id: react-select-3-input
14:16:49 INFO  - By.id: react-select-3-input<- found
14:16:49 INFO  - Start search ->By.id: react-select-3-input
14:16:49 INFO  - By.id: react-select-3-input<- found
14:16:51 INFO  - Start search ->By.id: react-select-4-input
14:16:51 INFO  - By.id: react-select-4-input<- found
14:16:52 ERROR - org.openqa.selenium.ElementClickInterceptedException: element click intercepted: Element <input autocapitalize="none" autocomplete="off" autocorrect="off" id="react-select-4-input" spellcheck="false" tabindex="0" type="text" aria-autocomplete="list" value="" style="box-sizing: content-box; width: 2px; background: 0px center; border: 0px; font-size: inherit; opacity: 1; outline: 0px; padding: 0px; color: inherit;"> is not clickable at point (1056, 574). Other element would receive the click: <div class=" css-1wa3eu0-placeholder">...</div>
  (Session info: chrome=88.0.4324.146)
Build info: version: '3.141.59', revision: 'e82be7d358', time: '2018-11-14T08:17:03'
System info: host: 'DESKTOP-I31H4EG', ip: '10.0.0.3', os.name: 'Windows 10', os.arch: 'amd64', os.version: '10.0', java.version: '1.8.0_271'
Driver info: org.openqa.selenium.chrome.ChromeDriver
Capabilities {acceptInsecureCerts: false, browserName: chrome, browserVersion: 88.0.4324.146, chrome: {chromedriverVersion: 88.0.4324.96 (68dba2d8a0b14..., userDataDir: C:\Users\GLEB\AppData\Local...}, goog:chromeOptions: {debuggerAddress: localhost:56041}, javascriptEnabled: true, networkConnectionEnabled: false, pageLoadStrategy: normal, platform: WINDOWS, platformName: WINDOWS, proxy: Proxy(), setWindowRect: true, strictFileInteractability: false, timeouts: {implicit: 0, pageLoad: 300000, script: 30000}, unhandledPromptBehavior: dismiss and notify, webauthn:extension:largeBlob: true, webauthn:virtualAuthenticators: true}
Session ID: 53f9f2ef53c2b58a57594dd98cee202e
14:16:52 ERROR - src/test/screenshots/screen-1612527412337.png
14:16:52 INFO  - Start search ->By.id: react-select-4-input
14:16:52 INFO  - By.id: react-select-4-input<- found
14:16:52 INFO  - Start search ->By.id: react-select-4-input
14:16:52 INFO  - By.id: react-select-4-input<- found
14:16:52 INFO  - Start search ->By.id: react-select-4-input
14:16:52 INFO  - By.id: react-select-4-input<- found
14:17:00 INFO  - Start search ->By.id: submit
14:17:00 INFO  - By.id: submit<- found
14:17:00 INFO  - End of test -> studentRegFormTest
************************************
14:17:04 INFO  - Start test - >testForDataProvider
14:17:04 INFO  - End of test -> testForDataProvider
************************************
14:17:04 INFO  - Start test - >testForDataProviderFromFile
14:17:04 INFO  - End of test -> testForDataProviderFromFile
************************************
14:17:04 INFO  - Start test - >testForListener
14:17:04 INFO  - Start search ->By.xpath: //span[normalize-space()='Practice Form']
14:17:14 ERROR - org.openqa.selenium.NoSuchElementException: no such element: Unable to locate element: {"method":"xpath","selector":"//span[normalize-space()='Practice Form']"}
  (Session info: chrome=88.0.4324.146)
For documentation on this error, please visit: https://www.seleniumhq.org/exceptions/no_such_element.html
Build info: version: '3.141.59', revision: 'e82be7d358', time: '2018-11-14T08:17:03'
System info: host: 'DESKTOP-I31H4EG', ip: '10.0.0.3', os.name: 'Windows 10', os.arch: 'amd64', os.version: '10.0', java.version: '1.8.0_271'
Driver info: org.openqa.selenium.chrome.ChromeDriver
Capabilities {acceptInsecureCerts: false, browserName: chrome, browserVersion: 88.0.4324.146, chrome: {chromedriverVersion: 88.0.4324.96 (68dba2d8a0b14..., userDataDir: C:\Users\GLEB\AppData\Local...}, goog:chromeOptions: {debuggerAddress: localhost:56091}, javascriptEnabled: true, networkConnectionEnabled: false, pageLoadStrategy: normal, platform: WINDOWS, platformName: WINDOWS, proxy: Proxy(), setWindowRect: true, strictFileInteractability: false, timeouts: {implicit: 0, pageLoad: 300000, script: 30000}, unhandledPromptBehavior: dismiss and notify, webauthn:extension:largeBlob: true, webauthn:virtualAuthenticators: true}
Session ID: 903b7d9d3dbf5a154e8685f2cf3635ed
*** Element info: {Using=xpath, value=//span[normalize-space()='Practice Form']}
14:17:15 ERROR - src/test/screenshots/screen-1612527434905.png
14:17:15 INFO  - End of test -> testForListener
************************************
14:17:15 INFO  - Start test - >testForLogger
14:17:15 INFO  - Hello DEMO QA 
14:17:15 INFO  - End of test -> testForLogger
************************************
14:17:15 INFO  - Start test - >testForScreenshots
14:17:15 INFO  - End of test -> testForScreenshots
************************************
14:17:19 INFO  - Start test - >testMultiSelect
14:17:19 INFO  - Start search ->By.xpath: //div//h5[text()='Widgets']
14:17:19 INFO  - By.xpath: //div//h5[text()='Widgets']<- found
14:17:19 INFO  - Start search ->By.xpath: //span[.='Select Menu']
14:17:19 INFO  - By.xpath: //span[.='Select Menu']<- found
14:17:19 INFO  - Start search ->By.id: cars
14:17:19 INFO  - By.id: cars<- found
14:17:19 INFO  - Start search ->By.tagName: option
14:17:19 INFO  - By.tagName: option<- found
14:17:19 INFO  - Start search ->By.tagName: option
14:17:19 INFO  - By.tagName: option<- found
14:17:19 INFO  - Start search ->By.tagName: option
14:17:19 INFO  - By.tagName: option<- found
14:17:19 INFO  - Start search ->By.id: selectOne
14:17:19 INFO  - By.id: selectOne<- found
14:17:19 INFO  - Start search ->By.xpath: //*[text()='Mr.']
14:17:19 INFO  - By.xpath: //*[text()='Mr.']<- found
14:17:25 INFO  - End of test -> testMultiSelect
************************************
14:17:25 INFO  - Start test - >testOldStyle
14:17:25 INFO  - Start search ->By.xpath: //div//h5[text()='Widgets']
14:17:35 ERROR - org.openqa.selenium.NoSuchElementException: no such element: Unable to locate element: {"method":"xpath","selector":"//div//h5[text()='Widgets']"}
  (Session info: chrome=88.0.4324.146)
For documentation on this error, please visit: https://www.seleniumhq.org/exceptions/no_such_element.html
Build info: version: '3.141.59', revision: 'e82be7d358', time: '2018-11-14T08:17:03'
System info: host: 'DESKTOP-I31H4EG', ip: '10.0.0.3', os.name: 'Windows 10', os.arch: 'amd64', os.version: '10.0', java.version: '1.8.0_271'
Driver info: org.openqa.selenium.chrome.ChromeDriver
Capabilities {acceptInsecureCerts: false, browserName: chrome, browserVersion: 88.0.4324.146, chrome: {chromedriverVersion: 88.0.4324.96 (68dba2d8a0b14..., userDataDir: C:\Users\GLEB\AppData\Local...}, goog:chromeOptions: {debuggerAddress: localhost:56120}, javascriptEnabled: true, networkConnectionEnabled: false, pageLoadStrategy: normal, platform: WINDOWS, platformName: WINDOWS, proxy: Proxy(), setWindowRect: true, strictFileInteractability: false, timeouts: {implicit: 0, pageLoad: 300000, script: 30000}, unhandledPromptBehavior: dismiss and notify, webauthn:extension:largeBlob: true, webauthn:virtualAuthenticators: true}
Session ID: d9449eb7a343e746795a8785dc367117
*** Element info: {Using=xpath, value=//div//h5[text()='Widgets']}
14:17:35 ERROR - src/test/screenshots/screen-1612527455116.png
14:17:35 INFO  - Start search ->By.xpath: //span[.='Select Menu']
14:17:35 INFO  - By.xpath: //span[.='Select Menu']<- found
14:17:35 INFO  - Start search ->By.id: oldSelectMenu
14:17:35 INFO  - By.id: oldSelectMenu<- found
14:17:35 INFO  - Start search ->By.xpath: //*[text()='Voilet']
14:17:35 INFO  - By.xpath: //*[text()='Voilet']<- found
14:17:35 INFO  - End of test -> testOldStyle
************************************
14:17:35 INFO  - Start test - >testSelectOne
14:17:35 INFO  - Start search ->By.xpath: //div//h5[text()='Widgets']
14:17:45 ERROR - org.openqa.selenium.NoSuchElementException: no such element: Unable to locate element: {"method":"xpath","selector":"//div//h5[text()='Widgets']"}
  (Session info: chrome=88.0.4324.146)
For documentation on this error, please visit: https://www.seleniumhq.org/exceptions/no_such_element.html
Build info: version: '3.141.59', revision: 'e82be7d358', time: '2018-11-14T08:17:03'
System info: host: 'DESKTOP-I31H4EG', ip: '10.0.0.3', os.name: 'Windows 10', os.arch: 'amd64', os.version: '10.0', java.version: '1.8.0_271'
Driver info: org.openqa.selenium.chrome.ChromeDriver
Capabilities {acceptInsecureCerts: false, browserName: chrome, browserVersion: 88.0.4324.146, chrome: {chromedriverVersion: 88.0.4324.96 (68dba2d8a0b14..., userDataDir: C:\Users\GLEB\AppData\Local...}, goog:chromeOptions: {debuggerAddress: localhost:56120}, javascriptEnabled: true, networkConnectionEnabled: false, pageLoadStrategy: normal, platform: WINDOWS, platformName: WINDOWS, proxy: Proxy(), setWindowRect: true, strictFileInteractability: false, timeouts: {implicit: 0, pageLoad: 300000, script: 30000}, unhandledPromptBehavior: dismiss and notify, webauthn:extension:largeBlob: true, webauthn:virtualAuthenticators: true}
Session ID: d9449eb7a343e746795a8785dc367117
*** Element info: {Using=xpath, value=//div//h5[text()='Widgets']}
14:17:45 ERROR - src/test/screenshots/screen-1612527465661.png
14:17:45 INFO  - Start search ->By.xpath: //span[.='Select Menu']
14:17:46 INFO  - By.xpath: //span[.='Select Menu']<- found
14:17:46 INFO  - Start search ->By.id: selectOne
14:17:46 INFO  - By.id: selectOne<- found
14:17:46 INFO  - Start search ->By.xpath: //*[text()='Mr.']
14:17:46 INFO  - By.xpath: //*[text()='Mr.']<- found
14:17:49 INFO  - End of test -> testSelectOne
************************************
14:17:49 INFO  - Start test - >testSelectValue
14:17:49 INFO  - Start search ->By.xpath: //div//h5[text()='Widgets']
14:17:59 ERROR - org.openqa.selenium.NoSuchElementException: no such element: Unable to locate element: {"method":"xpath","selector":"//div//h5[text()='Widgets']"}
  (Session info: chrome=88.0.4324.146)
For documentation on this error, please visit: https://www.seleniumhq.org/exceptions/no_such_element.html
Build info: version: '3.141.59', revision: 'e82be7d358', time: '2018-11-14T08:17:03'
System info: host: 'DESKTOP-I31H4EG', ip: '10.0.0.3', os.name: 'Windows 10', os.arch: 'amd64', os.version: '10.0', java.version: '1.8.0_271'
Driver info: org.openqa.selenium.chrome.ChromeDriver
Capabilities {acceptInsecureCerts: false, browserName: chrome, browserVersion: 88.0.4324.146, chrome: {chromedriverVersion: 88.0.4324.96 (68dba2d8a0b14..., userDataDir: C:\Users\GLEB\AppData\Local...}, goog:chromeOptions: {debuggerAddress: localhost:56120}, javascriptEnabled: true, networkConnectionEnabled: false, pageLoadStrategy: normal, platform: WINDOWS, platformName: WINDOWS, proxy: Proxy(), setWindowRect: true, strictFileInteractability: false, timeouts: {implicit: 0, pageLoad: 300000, script: 30000}, unhandledPromptBehavior: dismiss and notify, webauthn:extension:largeBlob: true, webauthn:virtualAuthenticators: true}
Session ID: d9449eb7a343e746795a8785dc367117
*** Element info: {Using=xpath, value=//div//h5[text()='Widgets']}
14:17:59 ERROR - src/test/screenshots/screen-1612527479200.png
14:17:59 INFO  - Start search ->By.xpath: //span[.='Select Menu']
14:17:59 INFO  - By.xpath: //span[.='Select Menu']<- found
14:17:59 INFO  - Start search ->By.id: withOptGroup
14:17:59 INFO  - By.id: withOptGroup<- found
14:17:59 INFO  - Start search ->By.xpath: //*[text()='A root option']
14:17:59 INFO  - By.xpath: //*[text()='A root option']<- found
14:18:02 INFO  - End of test -> testSelectValue
************************************
14:18:02 INFO  - Start test - >testStandartMultiSelect
14:18:02 INFO  - Start search ->By.xpath: //div//h5[text()='Widgets']
14:18:12 ERROR - org.openqa.selenium.NoSuchElementException: no such element: Unable to locate element: {"method":"xpath","selector":"//div//h5[text()='Widgets']"}
  (Session info: chrome=88.0.4324.146)
For documentation on this error, please visit: https://www.seleniumhq.org/exceptions/no_such_element.html
Build info: version: '3.141.59', revision: 'e82be7d358', time: '2018-11-14T08:17:03'
System info: host: 'DESKTOP-I31H4EG', ip: '10.0.0.3', os.name: 'Windows 10', os.arch: 'amd64', os.version: '10.0', java.version: '1.8.0_271'
Driver info: org.openqa.selenium.chrome.ChromeDriver
Capabilities {acceptInsecureCerts: false, browserName: chrome, browserVersion: 88.0.4324.146, chrome: {chromedriverVersion: 88.0.4324.96 (68dba2d8a0b14..., userDataDir: C:\Users\GLEB\AppData\Local...}, goog:chromeOptions: {debuggerAddress: localhost:56120}, javascriptEnabled: true, networkConnectionEnabled: false, pageLoadStrategy: normal, platform: WINDOWS, platformName: WINDOWS, proxy: Proxy(), setWindowRect: true, strictFileInteractability: false, timeouts: {implicit: 0, pageLoad: 300000, script: 30000}, unhandledPromptBehavior: dismiss and notify, webauthn:extension:largeBlob: true, webauthn:virtualAuthenticators: true}
Session ID: d9449eb7a343e746795a8785dc367117
*** Element info: {Using=xpath, value=//div//h5[text()='Widgets']}
14:18:13 ERROR - src/test/screenshots/screen-1612527492749.png
14:18:13 INFO  - Start search ->By.xpath: //span[.='Select Menu']
14:18:13 INFO  - By.xpath: //span[.='Select Menu']<- found
14:18:13 INFO  - Start search ->By.id: cars
14:18:13 INFO  - By.id: cars<- found
14:18:13 INFO  - Start search ->By.tagName: option
14:18:13 INFO  - By.tagName: option<- found
14:18:13 INFO  - Start search ->By.tagName: option
14:18:13 INFO  - By.tagName: option<- found
14:18:13 INFO  - Start search ->By.tagName: option
14:18:13 INFO  - By.tagName: option<- found
14:18:16 INFO  - End of test -> testStandartMultiSelect
************************************
14:18:21 INFO  - Start test - >testWindowsNewTab
14:18:21 INFO  - Start search ->By.xpath: //div//h5[.='Alerts, Frame & Windows']
14:18:21 INFO  - By.xpath: //div//h5[.='Alerts, Frame & Windows']<- found
14:18:23 INFO  - Start search ->By.xpath: //span[.='Browser Windows']
14:18:23 INFO  - By.xpath: //span[.='Browser Windows']<- found
14:18:23 INFO  - Start search ->By.id: tabButton
14:18:23 INFO  - By.id: tabButton<- found
14:18:25 INFO  - Start search ->By.id: sampleHeading
14:18:25 INFO  - By.id: sampleHeading<- found
14:18:27 INFO  - End of test -> testWindowsNewTab
************************************
14:18:27 INFO  - Start test - >testWindowsNewWidow
14:18:27 INFO  - Start search ->By.xpath: //div//h5[.='Alerts, Frame & Windows']
14:18:37 ERROR - org.openqa.selenium.NoSuchElementException: no such element: Unable to locate element: {"method":"xpath","selector":"//div//h5[.='Alerts, Frame & Windows']"}
  (Session info: chrome=88.0.4324.146)
For documentation on this error, please visit: https://www.seleniumhq.org/exceptions/no_such_element.html
Build info: version: '3.141.59', revision: 'e82be7d358', time: '2018-11-14T08:17:03'
System info: host: 'DESKTOP-I31H4EG', ip: '10.0.0.3', os.name: 'Windows 10', os.arch: 'amd64', os.version: '10.0', java.version: '1.8.0_271'
Driver info: org.openqa.selenium.chrome.ChromeDriver
Capabilities {acceptInsecureCerts: false, browserName: chrome, browserVersion: 88.0.4324.146, chrome: {chromedriverVersion: 88.0.4324.96 (68dba2d8a0b14..., userDataDir: C:\Users\GLEB\AppData\Local...}, goog:chromeOptions: {debuggerAddress: localhost:56184}, javascriptEnabled: true, networkConnectionEnabled: false, pageLoadStrategy: normal, platform: WINDOWS, platformName: WINDOWS, proxy: Proxy(), setWindowRect: true, strictFileInteractability: false, timeouts: {implicit: 0, pageLoad: 300000, script: 30000}, unhandledPromptBehavior: dismiss and notify, webauthn:extension:largeBlob: true, webauthn:virtualAuthenticators: true}
Session ID: 43fe4753bb0212ba93f707b0f0e1b0ef
*** Element info: {Using=xpath, value=//div//h5[.='Alerts, Frame & Windows']}
14:18:37 ERROR - src/test/screenshots/screen-1612527517554.png
14:18:37 INFO  - End of test -> testWindowsNewWidow
************************************
14:18:37 INFO  - End of test -> alertTest
************************************
