18:32:12 INFO  - Start test - >loginTest
18:32:12 INFO  - Start search ->By.xpath: //div[6]
18:32:12 INFO  - By.xpath: //div[6]<- found
18:32:12 INFO  - Start search ->By.xpath: //*[@id='login']
18:32:12 INFO  - By.xpath: //*[@id='login']<- found
18:32:12 INFO  - Start search ->By.id: userName
18:32:12 INFO  - By.id: userName<- found
18:32:12 INFO  - Start search ->By.id: userName
18:32:12 INFO  - By.id: userName<- found
18:32:12 INFO  - Start search ->By.id: userName
18:32:12 INFO  - By.id: userName<- found
18:32:12 INFO  - Start search ->By.id: password
18:32:12 INFO  - By.id: password<- found
18:32:12 INFO  - Start search ->By.id: password
18:32:12 INFO  - By.id: password<- found
18:32:12 INFO  - Start search ->By.id: password
18:32:12 INFO  - By.id: password<- found
18:32:12 INFO  - Start search ->By.xpath: //*[@id='login']
18:32:12 INFO  - By.xpath: //*[@id='login']<- found
18:32:12 INFO  - Start search ->By.id: submit
18:32:13 INFO  - By.id: submit<- found
18:32:13 INFO  - End of test -> loginTest
************************************
18:32:16 INFO  - Start test - >testForDataProvider
18:32:16 INFO  - End of test -> testForDataProvider
************************************
18:32:16 INFO  - Start test - >testForDataProviderFromFile
18:32:16 INFO  - End of test -> testForDataProviderFromFile
************************************
18:32:16 INFO  - Start test - >testForLogger
18:32:16 INFO  - Hello DEMO QA 
18:32:16 INFO  - End of test -> testForLogger
************************************
18:32:16 INFO  - Start test - >testForScreenshots
18:32:17 INFO  - End of test -> testForScreenshots
************************************
18:32:21 INFO  - Start test - >jseTest
18:32:21 INFO  - Start search ->By.xpath: //h5[contains(.,'Elements')]
18:32:21 INFO  - By.xpath: //h5[contains(.,'Elements')]<- found
18:32:21 INFO  - Start search ->By.xpath: //span[.='Text Box']
18:32:21 INFO  - By.xpath: //span[.='Text Box']<- found
18:32:21 INFO  - End of test -> jseTest
************************************
18:32:25 INFO  - Start test - >testMultiSelect
18:32:25 INFO  - Start search ->By.xpath: //div//h5[text()='Widgets']
18:32:25 INFO  - By.xpath: //div//h5[text()='Widgets']<- found
18:32:25 INFO  - Start search ->By.xpath: //span[.='Select Menu']
18:32:25 INFO  - By.xpath: //span[.='Select Menu']<- found
18:32:26 INFO  - Start search ->By.id: cars
18:32:26 INFO  - By.id: cars<- found
18:32:26 INFO  - Start search ->By.tagName: option
18:32:26 INFO  - By.tagName: option<- found
18:32:26 INFO  - Start search ->By.tagName: option
18:32:26 INFO  - By.tagName: option<- found
18:32:26 INFO  - Start search ->By.tagName: option
18:32:26 INFO  - By.tagName: option<- found
18:32:26 INFO  - Start search ->By.id: selectOne
18:32:26 INFO  - By.id: selectOne<- found
18:32:26 INFO  - Start search ->By.xpath: //*[text()='Mr.']
18:32:26 INFO  - By.xpath: //*[text()='Mr.']<- found
18:32:26 INFO  - End of test -> testMultiSelect
************************************
18:32:26 INFO  - Start test - >testOldStyle
18:32:26 INFO  - Start search ->By.xpath: //div//h5[text()='Widgets']
18:32:36 ERROR - org.openqa.selenium.NoSuchElementException: no such element: Unable to locate element: {"method":"xpath","selector":"//div//h5[text()='Widgets']"}
  (Session info: chrome=88.0.4324.146)
For documentation on this error, please visit: https://www.seleniumhq.org/exceptions/no_such_element.html
Build info: version: '3.141.59', revision: 'e82be7d358', time: '2018-11-14T08:17:03'
System info: host: 'DESKTOP-I31H4EG', ip: '10.0.0.3', os.name: 'Windows 10', os.arch: 'amd64', os.version: '10.0', java.version: '11.0.9.1'
Driver info: org.openqa.selenium.chrome.ChromeDriver
Capabilities {acceptInsecureCerts: false, browserName: chrome, browserVersion: 88.0.4324.146, chrome: {chromedriverVersion: 88.0.4324.96 (68dba2d8a0b14..., userDataDir: C:\Users\GLEB\AppData\Local...}, goog:chromeOptions: {debuggerAddress: localhost:50917}, javascriptEnabled: true, networkConnectionEnabled: false, pageLoadStrategy: normal, platform: WINDOWS, platformName: WINDOWS, proxy: Proxy(), setWindowRect: true, strictFileInteractability: false, timeouts: {implicit: 0, pageLoad: 300000, script: 30000}, unhandledPromptBehavior: dismiss and notify, webauthn:extension:largeBlob: true, webauthn:virtualAuthenticators: true}
Session ID: 2bc761d092443cb89310bde806b30911
*** Element info: {Using=xpath, value=//div//h5[text()='Widgets']}
18:32:36 ERROR - src/test/screenshots/screen-1612801956581.png
18:32:36 INFO  - Start search ->By.xpath: //span[.='Select Menu']
18:32:36 INFO  - By.xpath: //span[.='Select Menu']<- found
18:32:37 INFO  - Start search ->By.id: oldSelectMenu
18:32:37 INFO  - By.id: oldSelectMenu<- found
18:32:37 INFO  - Start search ->By.xpath: //*[text()='Voilet']
18:32:37 INFO  - By.xpath: //*[text()='Voilet']<- found
18:32:37 INFO  - End of test -> testOldStyle
************************************
18:32:37 INFO  - Start test - >testSelectOne
18:32:37 INFO  - Start search ->By.xpath: //div//h5[text()='Widgets']
18:32:47 ERROR - org.openqa.selenium.NoSuchElementException: no such element: Unable to locate element: {"method":"xpath","selector":"//div//h5[text()='Widgets']"}
  (Session info: chrome=88.0.4324.146)
For documentation on this error, please visit: https://www.seleniumhq.org/exceptions/no_such_element.html
Build info: version: '3.141.59', revision: 'e82be7d358', time: '2018-11-14T08:17:03'
System info: host: 'DESKTOP-I31H4EG', ip: '10.0.0.3', os.name: 'Windows 10', os.arch: 'amd64', os.version: '10.0', java.version: '11.0.9.1'
Driver info: org.openqa.selenium.chrome.ChromeDriver
Capabilities {acceptInsecureCerts: false, browserName: chrome, browserVersion: 88.0.4324.146, chrome: {chromedriverVersion: 88.0.4324.96 (68dba2d8a0b14..., userDataDir: C:\Users\GLEB\AppData\Local...}, goog:chromeOptions: {debuggerAddress: localhost:50917}, javascriptEnabled: true, networkConnectionEnabled: false, pageLoadStrategy: normal, platform: WINDOWS, platformName: WINDOWS, proxy: Proxy(), setWindowRect: true, strictFileInteractability: false, timeouts: {implicit: 0, pageLoad: 300000, script: 30000}, unhandledPromptBehavior: dismiss and notify, webauthn:extension:largeBlob: true, webauthn:virtualAuthenticators: true}
Session ID: 2bc761d092443cb89310bde806b30911
*** Element info: {Using=xpath, value=//div//h5[text()='Widgets']}
18:32:47 ERROR - src/test/screenshots/screen-1612801967147.png
18:32:47 INFO  - Start search ->By.xpath: //span[.='Select Menu']
18:32:47 INFO  - By.xpath: //span[.='Select Menu']<- found
18:32:47 INFO  - Start search ->By.id: selectOne
18:32:47 INFO  - By.id: selectOne<- found
18:32:47 INFO  - Start search ->By.xpath: //*[text()='Mr.']
18:32:47 INFO  - By.xpath: //*[text()='Mr.']<- found
18:32:47 INFO  - End of test -> testSelectOne
************************************
18:32:47 INFO  - Start test - >testSelectValue
18:32:47 INFO  - Start search ->By.xpath: //div//h5[text()='Widgets']
18:32:57 ERROR - org.openqa.selenium.NoSuchElementException: no such element: Unable to locate element: {"method":"xpath","selector":"//div//h5[text()='Widgets']"}
  (Session info: chrome=88.0.4324.146)
For documentation on this error, please visit: https://www.seleniumhq.org/exceptions/no_such_element.html
Build info: version: '3.141.59', revision: 'e82be7d358', time: '2018-11-14T08:17:03'
System info: host: 'DESKTOP-I31H4EG', ip: '10.0.0.3', os.name: 'Windows 10', os.arch: 'amd64', os.version: '10.0', java.version: '11.0.9.1'
Driver info: org.openqa.selenium.chrome.ChromeDriver
Capabilities {acceptInsecureCerts: false, browserName: chrome, browserVersion: 88.0.4324.146, chrome: {chromedriverVersion: 88.0.4324.96 (68dba2d8a0b14..., userDataDir: C:\Users\GLEB\AppData\Local...}, goog:chromeOptions: {debuggerAddress: localhost:50917}, javascriptEnabled: true, networkConnectionEnabled: false, pageLoadStrategy: normal, platform: WINDOWS, platformName: WINDOWS, proxy: Proxy(), setWindowRect: true, strictFileInteractability: false, timeouts: {implicit: 0, pageLoad: 300000, script: 30000}, unhandledPromptBehavior: dismiss and notify, webauthn:extension:largeBlob: true, webauthn:virtualAuthenticators: true}
Session ID: 2bc761d092443cb89310bde806b30911
*** Element info: {Using=xpath, value=//div//h5[text()='Widgets']}
18:32:58 ERROR - src/test/screenshots/screen-1612801977796.png
18:32:58 INFO  - Start search ->By.xpath: //span[.='Select Menu']
18:32:58 INFO  - By.xpath: //span[.='Select Menu']<- found
18:32:58 INFO  - Start search ->By.id: withOptGroup
18:32:58 INFO  - By.id: withOptGroup<- found
18:32:58 INFO  - Start search ->By.xpath: //*[text()='A root option']
18:32:58 INFO  - By.xpath: //*[text()='A root option']<- found
18:32:58 INFO  - End of test -> testSelectValue
************************************
18:32:58 INFO  - Start test - >testStandartMultiSelect
18:32:58 INFO  - Start search ->By.xpath: //div//h5[text()='Widgets']
18:33:08 ERROR - org.openqa.selenium.NoSuchElementException: no such element: Unable to locate element: {"method":"xpath","selector":"//div//h5[text()='Widgets']"}
  (Session info: chrome=88.0.4324.146)
For documentation on this error, please visit: https://www.seleniumhq.org/exceptions/no_such_element.html
Build info: version: '3.141.59', revision: 'e82be7d358', time: '2018-11-14T08:17:03'
System info: host: 'DESKTOP-I31H4EG', ip: '10.0.0.3', os.name: 'Windows 10', os.arch: 'amd64', os.version: '10.0', java.version: '11.0.9.1'
Driver info: org.openqa.selenium.chrome.ChromeDriver
Capabilities {acceptInsecureCerts: false, browserName: chrome, browserVersion: 88.0.4324.146, chrome: {chromedriverVersion: 88.0.4324.96 (68dba2d8a0b14..., userDataDir: C:\Users\GLEB\AppData\Local...}, goog:chromeOptions: {debuggerAddress: localhost:50917}, javascriptEnabled: true, networkConnectionEnabled: false, pageLoadStrategy: normal, platform: WINDOWS, platformName: WINDOWS, proxy: Proxy(), setWindowRect: true, strictFileInteractability: false, timeouts: {implicit: 0, pageLoad: 300000, script: 30000}, unhandledPromptBehavior: dismiss and notify, webauthn:extension:largeBlob: true, webauthn:virtualAuthenticators: true}
Session ID: 2bc761d092443cb89310bde806b30911
*** Element info: {Using=xpath, value=//div//h5[text()='Widgets']}
18:33:08 ERROR - src/test/screenshots/screen-1612801988315.png
18:33:08 INFO  - Start search ->By.xpath: //span[.='Select Menu']
18:33:08 INFO  - By.xpath: //span[.='Select Menu']<- found
18:33:08 INFO  - Start search ->By.id: cars
18:33:08 INFO  - By.id: cars<- found
18:33:08 INFO  - Start search ->By.tagName: option
18:33:08 INFO  - By.tagName: option<- found
18:33:08 INFO  - Start search ->By.tagName: option
18:33:08 INFO  - By.tagName: option<- found
18:33:08 INFO  - Start search ->By.tagName: option
18:33:08 INFO  - By.tagName: option<- found
18:33:08 INFO  - End of test -> testStandartMultiSelect
************************************
18:33:12 INFO  - Start test - >studentRegFormTest
18:33:12 INFO  - Start search ->By.xpath: //div[@class='category-cards']/div[2]
18:33:12 INFO  - By.xpath: //div[@class='category-cards']/div[2]<- found
18:33:13 INFO  - Start search ->By.xpath: //span[.='Practice Form']
18:33:13 INFO  - By.xpath: //span[.='Practice Form']<- found
18:33:13 INFO  - Start search ->By.id: firstName
18:33:13 INFO  - By.id: firstName<- found
18:33:13 INFO  - Start search ->By.id: firstName
18:33:13 INFO  - By.id: firstName<- found
18:33:13 INFO  - Start search ->By.id: firstName
18:33:13 INFO  - By.id: firstName<- found
18:33:13 INFO  - Start search ->By.id: lastName
18:33:13 INFO  - By.id: lastName<- found
18:33:13 INFO  - Start search ->By.id: lastName
18:33:13 INFO  - By.id: lastName<- found
18:33:13 INFO  - Start search ->By.id: lastName
18:33:13 INFO  - By.id: lastName<- found
18:33:13 INFO  - Start search ->By.id: userEmail
18:33:13 INFO  - By.id: userEmail<- found
18:33:13 INFO  - Start search ->By.id: userEmail
18:33:13 INFO  - By.id: userEmail<- found
18:33:13 INFO  - Start search ->By.id: userEmail
18:33:13 INFO  - By.id: userEmail<- found
18:33:13 INFO  - Start search ->By.xpath: //label[@for='gender-radio-1']
18:33:13 INFO  - By.xpath: //label[@for='gender-radio-1']<- found
18:33:13 INFO  - Start search ->By.id: userNumber
18:33:13 INFO  - By.id: userNumber<- found
18:33:13 INFO  - Start search ->By.id: userNumber
18:33:13 INFO  - By.id: userNumber<- found
18:33:13 INFO  - Start search ->By.id: userNumber
18:33:13 INFO  - By.id: userNumber<- found
18:33:13 INFO  - Start search ->By.id: dateOfBirthInput
18:33:13 INFO  - By.id: dateOfBirthInput<- found
18:33:13 INFO  - Start search ->By.cssSelector: .react-datepicker__month-select
18:33:13 INFO  - By.cssSelector: .react-datepicker__month-select<- found
18:33:13 INFO  - Start search ->By.xpath: .//option[normalize-space(.) = "May"]
18:33:13 INFO  - By.xpath: .//option[normalize-space(.) = "May"]<- found
18:33:13 INFO  - Start search ->By.cssSelector: .react-datepicker__year-select
18:33:13 INFO  - By.cssSelector: .react-datepicker__year-select<- found
18:33:13 INFO  - Start search ->By.xpath: .//option[normalize-space(.) = "1990"]
18:33:13 INFO  - By.xpath: .//option[normalize-space(.) = "1990"]<- found
18:33:14 INFO  - Start search ->By.xpath: //div[.='27']
18:33:14 INFO  - By.xpath: //div[.='27']<- found
18:33:14 INFO  - Start search ->By.xpath: //input[@id='subjectsInput']
18:33:14 INFO  - By.xpath: //input[@id='subjectsInput']<- found
18:33:14 INFO  - Start search ->By.xpath: //input[@id='subjectsInput']
18:33:14 INFO  - By.xpath: //input[@id='subjectsInput']<- found
18:33:14 INFO  - Start search ->By.xpath: //input[@id='subjectsInput']
18:33:14 INFO  - By.xpath: //input[@id='subjectsInput']<- found
18:33:14 INFO  - Start search ->By.xpath: //input[@id='subjectsInput']
18:33:14 INFO  - By.xpath: //input[@id='subjectsInput']<- found
18:33:14 INFO  - Start search ->By.cssSelector: label[for='hobbies-checkbox-2']
18:33:14 INFO  - By.cssSelector: label[for='hobbies-checkbox-2']<- found
18:33:15 ERROR - org.openqa.selenium.ElementClickInterceptedException: element click intercepted: Element <label title="" for="hobbies-checkbox-2" class="custom-control-label">...</label> is not clickable at point (870, 542). Other element would receive the click: <td>...</td>
  (Session info: chrome=88.0.4324.146)
Build info: version: '3.141.59', revision: 'e82be7d358', time: '2018-11-14T08:17:03'
System info: host: 'DESKTOP-I31H4EG', ip: '10.0.0.3', os.name: 'Windows 10', os.arch: 'amd64', os.version: '10.0', java.version: '11.0.9.1'
Driver info: org.openqa.selenium.chrome.ChromeDriver
Capabilities {acceptInsecureCerts: false, browserName: chrome, browserVersion: 88.0.4324.146, chrome: {chromedriverVersion: 88.0.4324.96 (68dba2d8a0b14..., userDataDir: C:\Users\GLEB\AppData\Local...}, goog:chromeOptions: {debuggerAddress: localhost:50953}, javascriptEnabled: true, networkConnectionEnabled: false, pageLoadStrategy: normal, platform: WINDOWS, platformName: WINDOWS, proxy: Proxy(), setWindowRect: true, strictFileInteractability: false, timeouts: {implicit: 0, pageLoad: 300000, script: 30000}, unhandledPromptBehavior: dismiss and notify, webauthn:extension:largeBlob: true, webauthn:virtualAuthenticators: true}
Session ID: 0ed397f43416d3f38739421d69918379
18:33:15 ERROR - src/test/screenshots/screen-1612801995407.png
18:33:15 INFO  - End of test -> studentRegFormTest
************************************
18:33:23 INFO  - Start test - >testWindowsNewTab
18:33:23 INFO  - Start search ->By.xpath: //div//h5[.='Alerts, Frame & Windows']
18:33:23 INFO  - By.xpath: //div//h5[.='Alerts, Frame & Windows']<- found
18:33:23 INFO  - Start search ->By.xpath: //span[.='Browser Windows']
18:33:23 INFO  - By.xpath: //span[.='Browser Windows']<- found
18:33:23 INFO  - Start search ->By.id: tabButton
18:33:23 INFO  - By.id: tabButton<- found
18:33:23 INFO  - Start search ->By.id: sampleHeading
18:33:24 INFO  - By.id: sampleHeading<- found
18:33:24 INFO  - End of test -> testWindowsNewTab
************************************
18:33:24 INFO  - Start test - >testWindowsNewWidow
18:33:24 INFO  - Start search ->By.xpath: //div//h5[.='Alerts, Frame & Windows']
18:33:34 ERROR - org.openqa.selenium.NoSuchElementException: no such element: Unable to locate element: {"method":"xpath","selector":"//div//h5[.='Alerts, Frame & Windows']"}
  (Session info: chrome=88.0.4324.146)
For documentation on this error, please visit: https://www.seleniumhq.org/exceptions/no_such_element.html
Build info: version: '3.141.59', revision: 'e82be7d358', time: '2018-11-14T08:17:03'
System info: host: 'DESKTOP-I31H4EG', ip: '10.0.0.3', os.name: 'Windows 10', os.arch: 'amd64', os.version: '10.0', java.version: '11.0.9.1'
Driver info: org.openqa.selenium.chrome.ChromeDriver
Capabilities {acceptInsecureCerts: false, browserName: chrome, browserVersion: 88.0.4324.146, chrome: {chromedriverVersion: 88.0.4324.96 (68dba2d8a0b14..., userDataDir: C:\Users\GLEB\AppData\Local...}, goog:chromeOptions: {debuggerAddress: localhost:50983}, javascriptEnabled: true, networkConnectionEnabled: false, pageLoadStrategy: normal, platform: WINDOWS, platformName: WINDOWS, proxy: Proxy(), setWindowRect: true, strictFileInteractability: false, timeouts: {implicit: 0, pageLoad: 300000, script: 30000}, unhandledPromptBehavior: dismiss and notify, webauthn:extension:largeBlob: true, webauthn:virtualAuthenticators: true}
Session ID: 84f6ec46035d325350af89a169b61eed
*** Element info: {Using=xpath, value=//div//h5[.='Alerts, Frame & Windows']}
18:33:35 ERROR - src/test/screenshots/screen-1612802014895.png
18:33:35 INFO  - End of test -> testWindowsNewWidow
************************************
18:33:35 INFO  - End of test -> alertTest
************************************
