13:36:12 INFO  - Start test - >testMultiSelect
13:36:12 INFO  - Start search ->By.xpath: //div//h5[text()='Widgets']
13:36:12 INFO  - By.xpath: //div//h5[text()='Widgets']<- found
13:36:12 INFO  - Start search ->By.xpath: //span[.='Select Menu']
13:36:12 INFO  - By.xpath: //span[.='Select Menu']<- found
13:36:12 INFO  - Start search ->By.id: cars
13:36:12 INFO  - By.id: cars<- found
13:36:12 INFO  - Start search ->By.tagName: option
13:36:12 INFO  - By.tagName: option<- found
13:36:12 INFO  - Start search ->By.tagName: option
13:36:12 INFO  - By.tagName: option<- found
13:36:12 INFO  - Start search ->By.tagName: option
13:36:12 INFO  - By.tagName: option<- found
13:36:12 INFO  - Start search ->By.id: selectOne
13:36:12 INFO  - By.id: selectOne<- found
13:36:12 INFO  - Start search ->By.xpath: //*[text()='Mr.']
13:36:12 INFO  - By.xpath: //*[text()='Mr.']<- found
13:36:12 INFO  - End of test -> testMultiSelect
************************************
13:36:12 INFO  - Start test - >testOldStyle
13:36:12 INFO  - Start search ->By.xpath: //div//h5[text()='Widgets']
13:36:22 ERROR - org.openqa.selenium.NoSuchElementException: no such element: Unable to locate element: {"method":"xpath","selector":"//div//h5[text()='Widgets']"}
  (Session info: chrome=88.0.4324.146)
For documentation on this error, please visit: https://www.seleniumhq.org/exceptions/no_such_element.html
Build info: version: '3.141.59', revision: 'e82be7d358', time: '2018-11-14T08:17:03'
System info: host: 'DESKTOP-I31H4EG', ip: '10.0.0.3', os.name: 'Windows 10', os.arch: 'amd64', os.version: '10.0', java.version: '11.0.9.1'
Driver info: org.openqa.selenium.chrome.ChromeDriver
Capabilities {acceptInsecureCerts: false, browserName: chrome, browserVersion: 88.0.4324.146, chrome: {chromedriverVersion: 88.0.4324.96 (68dba2d8a0b14..., userDataDir: C:\Users\GLEB\AppData\Local...}, goog:chromeOptions: {debuggerAddress: localhost:65288}, javascriptEnabled: true, networkConnectionEnabled: false, pageLoadStrategy: normal, platform: WINDOWS, platformName: WINDOWS, proxy: Proxy(), setWindowRect: true, strictFileInteractability: false, timeouts: {implicit: 0, pageLoad: 300000, script: 30000}, unhandledPromptBehavior: dismiss and notify, webauthn:extension:largeBlob: true, webauthn:virtualAuthenticators: true}
Session ID: 190ba476611278653c36f03ede5a584b
*** Element info: {Using=xpath, value=//div//h5[text()='Widgets']}
13:36:23 ERROR - src/test/screenshots/screen-1612784182828.png
13:36:23 INFO  - Start search ->By.xpath: //span[.='Select Menu']
13:36:23 INFO  - By.xpath: //span[.='Select Menu']<- found
13:36:23 INFO  - Start search ->By.id: oldSelectMenu
13:36:23 INFO  - By.id: oldSelectMenu<- found
13:36:23 INFO  - Start search ->By.xpath: //*[text()='Voilet']
13:36:23 INFO  - By.xpath: //*[text()='Voilet']<- found
13:36:23 INFO  - End of test -> testOldStyle
************************************
13:36:23 INFO  - Start test - >testSelectOne
13:36:23 INFO  - Start search ->By.xpath: //div//h5[text()='Widgets']
13:36:33 ERROR - org.openqa.selenium.NoSuchElementException: no such element: Unable to locate element: {"method":"xpath","selector":"//div//h5[text()='Widgets']"}
  (Session info: chrome=88.0.4324.146)
For documentation on this error, please visit: https://www.seleniumhq.org/exceptions/no_such_element.html
Build info: version: '3.141.59', revision: 'e82be7d358', time: '2018-11-14T08:17:03'
System info: host: 'DESKTOP-I31H4EG', ip: '10.0.0.3', os.name: 'Windows 10', os.arch: 'amd64', os.version: '10.0', java.version: '11.0.9.1'
Driver info: org.openqa.selenium.chrome.ChromeDriver
Capabilities {acceptInsecureCerts: false, browserName: chrome, browserVersion: 88.0.4324.146, chrome: {chromedriverVersion: 88.0.4324.96 (68dba2d8a0b14..., userDataDir: C:\Users\GLEB\AppData\Local...}, goog:chromeOptions: {debuggerAddress: localhost:65288}, javascriptEnabled: true, networkConnectionEnabled: false, pageLoadStrategy: normal, platform: WINDOWS, platformName: WINDOWS, proxy: Proxy(), setWindowRect: true, strictFileInteractability: false, timeouts: {implicit: 0, pageLoad: 300000, script: 30000}, unhandledPromptBehavior: dismiss and notify, webauthn:extension:largeBlob: true, webauthn:virtualAuthenticators: true}
Session ID: 190ba476611278653c36f03ede5a584b
*** Element info: {Using=xpath, value=//div//h5[text()='Widgets']}
13:36:33 ERROR - src/test/screenshots/screen-1612784193417.png
13:36:33 INFO  - Start search ->By.xpath: //span[.='Select Menu']
13:36:33 INFO  - By.xpath: //span[.='Select Menu']<- found
13:36:33 INFO  - Start search ->By.id: selectOne
13:36:33 INFO  - By.id: selectOne<- found
13:36:33 INFO  - Start search ->By.xpath: //*[text()='Mr.']
13:36:33 INFO  - By.xpath: //*[text()='Mr.']<- found
13:36:33 INFO  - End of test -> testSelectOne
************************************
13:36:33 INFO  - Start test - >testSelectValue
13:36:33 INFO  - Start search ->By.xpath: //div//h5[text()='Widgets']
13:36:43 ERROR - org.openqa.selenium.NoSuchElementException: no such element: Unable to locate element: {"method":"xpath","selector":"//div//h5[text()='Widgets']"}
  (Session info: chrome=88.0.4324.146)
For documentation on this error, please visit: https://www.seleniumhq.org/exceptions/no_such_element.html
Build info: version: '3.141.59', revision: 'e82be7d358', time: '2018-11-14T08:17:03'
System info: host: 'DESKTOP-I31H4EG', ip: '10.0.0.3', os.name: 'Windows 10', os.arch: 'amd64', os.version: '10.0', java.version: '11.0.9.1'
Driver info: org.openqa.selenium.chrome.ChromeDriver
Capabilities {acceptInsecureCerts: false, browserName: chrome, browserVersion: 88.0.4324.146, chrome: {chromedriverVersion: 88.0.4324.96 (68dba2d8a0b14..., userDataDir: C:\Users\GLEB\AppData\Local...}, goog:chromeOptions: {debuggerAddress: localhost:65288}, javascriptEnabled: true, networkConnectionEnabled: false, pageLoadStrategy: normal, platform: WINDOWS, platformName: WINDOWS, proxy: Proxy(), setWindowRect: true, strictFileInteractability: false, timeouts: {implicit: 0, pageLoad: 300000, script: 30000}, unhandledPromptBehavior: dismiss and notify, webauthn:extension:largeBlob: true, webauthn:virtualAuthenticators: true}
Session ID: 190ba476611278653c36f03ede5a584b
*** Element info: {Using=xpath, value=//div//h5[text()='Widgets']}
13:36:44 ERROR - src/test/screenshots/screen-1612784203960.png
13:36:44 INFO  - Start search ->By.xpath: //span[.='Select Menu']
13:36:44 INFO  - By.xpath: //span[.='Select Menu']<- found
13:36:44 INFO  - Start search ->By.id: withOptGroup
13:36:44 INFO  - By.id: withOptGroup<- found
13:36:44 INFO  - Start search ->By.xpath: //*[text()='A root option']
13:36:44 INFO  - By.xpath: //*[text()='A root option']<- found
13:36:44 INFO  - End of test -> testSelectValue
************************************
13:36:44 INFO  - Start test - >testStandartMultiSelect
13:36:44 INFO  - Start search ->By.xpath: //div//h5[text()='Widgets']
13:36:54 ERROR - org.openqa.selenium.NoSuchElementException: no such element: Unable to locate element: {"method":"xpath","selector":"//div//h5[text()='Widgets']"}
  (Session info: chrome=88.0.4324.146)
For documentation on this error, please visit: https://www.seleniumhq.org/exceptions/no_such_element.html
Build info: version: '3.141.59', revision: 'e82be7d358', time: '2018-11-14T08:17:03'
System info: host: 'DESKTOP-I31H4EG', ip: '10.0.0.3', os.name: 'Windows 10', os.arch: 'amd64', os.version: '10.0', java.version: '11.0.9.1'
Driver info: org.openqa.selenium.chrome.ChromeDriver
Capabilities {acceptInsecureCerts: false, browserName: chrome, browserVersion: 88.0.4324.146, chrome: {chromedriverVersion: 88.0.4324.96 (68dba2d8a0b14..., userDataDir: C:\Users\GLEB\AppData\Local...}, goog:chromeOptions: {debuggerAddress: localhost:65288}, javascriptEnabled: true, networkConnectionEnabled: false, pageLoadStrategy: normal, platform: WINDOWS, platformName: WINDOWS, proxy: Proxy(), setWindowRect: true, strictFileInteractability: false, timeouts: {implicit: 0, pageLoad: 300000, script: 30000}, unhandledPromptBehavior: dismiss and notify, webauthn:extension:largeBlob: true, webauthn:virtualAuthenticators: true}
Session ID: 190ba476611278653c36f03ede5a584b
*** Element info: {Using=xpath, value=//div//h5[text()='Widgets']}
13:36:54 ERROR - src/test/screenshots/screen-1612784214469.png
13:36:54 INFO  - Start search ->By.xpath: //span[.='Select Menu']
13:36:54 INFO  - By.xpath: //span[.='Select Menu']<- found
13:36:54 INFO  - Start search ->By.id: cars
13:36:54 INFO  - By.id: cars<- found
13:36:54 INFO  - Start search ->By.tagName: option
13:36:54 INFO  - By.tagName: option<- found
13:36:54 INFO  - Start search ->By.tagName: option
13:36:54 INFO  - By.tagName: option<- found
13:36:55 INFO  - Start search ->By.tagName: option
13:36:55 INFO  - By.tagName: option<- found
13:36:55 INFO  - End of test -> testStandartMultiSelect
************************************
